TN:
SF:constants/constants.js
FN:292,(anonymous_0)
FN:293,(anonymous_1)
FN:303,(anonymous_2)
FN:304,(anonymous_3)
FN:357,(anonymous_4)
FNF:5
FNH:5
FNDA:41607,(anonymous_0)
FNDA:82645,(anonymous_1)
FNDA:8,(anonymous_2)
FNDA:3,(anonymous_3)
FNDA:30,(anonymous_4)
DA:1,1
DA:2,1
DA:4,1
DA:5,1
DA:6,1
DA:8,1
DA:37,1
DA:50,1
DA:54,1
DA:64,1
DA:80,1
DA:111,1
DA:116,1
DA:121,1
DA:130,1
DA:135,1
DA:140,1
DA:141,1
DA:142,1
DA:143,1
DA:144,1
DA:145,1
DA:146,1
DA:160,1
DA:166,1
DA:183,1
DA:201,1
DA:203,1
DA:212,1
DA:218,1
DA:223,1
DA:230,1
DA:235,1
DA:240,1
DA:241,1
DA:243,1
DA:244,1
DA:245,1
DA:247,1
DA:248,1
DA:249,1
DA:250,1
DA:251,1
DA:255,1
DA:256,1
DA:266,1
DA:280,1
DA:281,1
DA:284,1
DA:288,1
DA:292,1
DA:293,82645
DA:296,1
DA:303,1
DA:304,8
DA:307,1
DA:313,1
DA:318,1
DA:319,1
DA:320,1
DA:321,1
DA:323,1
DA:326,1
DA:337,1
DA:341,1
DA:348,1
DA:352,1
DA:356,1
DA:357,1
DA:358,30
DA:361,1
LF:71
LH:71
BRDA:6,0,0,1
BRDA:6,0,1,0
BRDA:6,0,2,0
BRDA:293,1,0,41607
BRDA:293,1,1,41607
BRDA:293,1,2,41607
BRDA:304,2,0,8
BRDA:304,2,1,3
BRDA:304,2,2,3
BRDA:357,3,0,30
BRDA:358,4,0,30
BRDA:358,4,1,0
BRF:12
BRH:9
end_of_record
TN:
SF:src/asyncContext.js
FN:5,(anonymous_0)
FN:23,(anonymous_1)
FN:32,(anonymous_2)
FN:41,(anonymous_3)
FN:52,(anonymous_4)
FN:63,(anonymous_5)
FNF:6
FNH:5
FNDA:1,(anonymous_0)
FNDA:395,(anonymous_1)
FNDA:818,(anonymous_2)
FNDA:2071,(anonymous_3)
FNDA:395,(anonymous_4)
FNDA:0,(anonymous_5)
DA:1,1
DA:2,1
DA:6,1
DA:7,1
DA:8,1
DA:9,1
DA:10,1
DA:11,1
DA:12,1
DA:13,1
DA:15,0
DA:18,0
DA:20,1
DA:24,395
DA:25,395
DA:26,395
DA:28,0
DA:33,818
DA:34,818
DA:35,818
DA:37,0
DA:42,2071
DA:43,2071
DA:44,2071
DA:45,2071
DA:47,0
DA:48,0
DA:53,395
DA:54,395
DA:55,395
DA:56,395
DA:58,0
DA:59,0
DA:64,0
DA:65,0
DA:66,0
DA:68,0
DA:69,0
DA:74,1
LF:39
LH:26
BRDA:7,0,0,1
BRDA:7,0,1,0
BRF:2
BRH:1
end_of_record
TN:
SF:src/asyncContextMiddleware.js
FN:7,(anonymous_0)
FN:20,(anonymous_1)
FN:28,(anonymous_2)
FN:59,(anonymous_3)
FN:78,(anonymous_4)
FN:103,(anonymous_5)
FN:112,(anonymous_6)
FN:121,(anonymous_7)
FN:140,(anonymous_8)
FN:162,(anonymous_9)
FNF:10
FNH:9
FNDA:423,(anonymous_0)
FNDA:423,(anonymous_1)
FNDA:423,(anonymous_2)
FNDA:395,(anonymous_3)
FNDA:4,(anonymous_4)
FNDA:395,(anonymous_5)
FNDA:395,(anonymous_6)
FNDA:423,(anonymous_7)
FNDA:395,(anonymous_8)
FNDA:0,(anonymous_9)
DA:1,1
DA:2,1
DA:3,1
DA:4,1
DA:5,1
DA:7,1
DA:8,423
DA:9,0
DA:10,0
DA:12,423
DA:20,1
DA:21,423
DA:22,0
DA:23,0
DA:25,423
DA:28,1
DA:30,423
DA:31,0
DA:32,0
DA:35,423
DA:42,423
DA:43,423
DA:44,423
DA:51,0
DA:55,0
DA:59,1
DA:60,395
DA:61,0
DA:64,395
DA:65,395
DA:67,395
DA:68,0
DA:69,0
DA:72,395
DA:73,395
DA:75,395
DA:78,1
DA:79,4
DA:81,4
DA:82,4
DA:83,4
DA:89,4
DA:90,4
DA:91,4
DA:93,0
DA:96,0
DA:97,0
DA:99,4
DA:100,4
DA:103,1
DA:104,395
DA:105,395
DA:106,395
DA:108,0
DA:112,1
DA:113,395
DA:114,0
DA:115,0
DA:116,0
DA:121,1
DA:123,423
DA:124,423
DA:125,423
DA:127,0
DA:131,423
DA:132,423
DA:134,0
DA:137,423
DA:140,1
DA:141,395
DA:143,395
DA:144,0
DA:145,0
DA:146,0
DA:149,395
DA:152,395
DA:153,395
DA:154,395
DA:155,0
DA:156,0
DA:157,0
DA:159,0
DA:162,0
DA:163,0
DA:165,0
DA:167,0
DA:168,0
DA:169,0
DA:170,0
DA:172,0
DA:173,0
DA:177,395
DA:178,395
DA:181,395
DA:183,395
DA:184,0
DA:186,395
DA:189,395
DA:192,395
DA:193,395
DA:195,0
DA:198,395
DA:199,395
DA:200,395
DA:201,28
DA:202,28
DA:203,28
DA:204,28
DA:205,0
DA:209,395
DA:211,395
DA:212,395
DA:213,395
DA:214,395
DA:215,395
DA:216,395
DA:220,1
LF:117
LH:78
BRDA:8,0,0,0
BRDA:8,0,1,423
BRDA:21,1,0,0
BRDA:21,1,1,423
BRDA:21,2,0,423
BRDA:21,2,1,423
BRDA:30,3,0,0
BRDA:30,3,1,423
BRDA:30,4,0,423
BRDA:30,4,1,423
BRDA:60,5,0,0
BRDA:60,5,1,395
BRDA:64,6,0,395
BRDA:64,6,1,395
BRDA:64,6,2,395
BRDA:65,7,0,395
BRDA:65,7,1,367
BRDA:67,8,0,0
BRDA:67,8,1,395
BRDA:72,9,0,28
BRDA:72,9,1,367
BRDA:90,10,0,4
BRDA:90,10,1,0
BRDA:90,11,0,4
BRDA:90,11,1,4
BRDA:90,11,2,4
BRDA:104,12,0,395
BRDA:104,12,1,0
BRDA:104,13,0,395
BRDA:104,13,1,395
BRDA:104,13,2,395
BRDA:104,13,3,395
BRDA:113,14,0,0
BRDA:113,14,1,395
BRDA:113,15,0,395
BRDA:113,15,1,0
BRDA:113,15,2,0
BRDA:114,16,0,0
BRDA:114,16,1,0
BRDA:143,17,0,0
BRDA:143,17,1,395
BRDA:143,18,0,395
BRDA:143,18,1,395
BRDA:154,19,0,0
BRDA:154,19,1,395
BRDA:154,20,0,395
BRDA:154,20,1,0
BRDA:156,21,0,0
BRDA:156,21,1,0
BRDA:156,22,0,0
BRDA:156,22,1,0
BRDA:165,23,0,0
BRDA:165,23,1,0
BRDA:168,24,0,0
BRDA:168,24,1,0
BRDA:168,25,0,0
BRDA:168,25,1,0
BRDA:168,25,2,0
BRDA:173,26,0,0
BRDA:173,26,1,0
BRDA:177,27,0,395
BRDA:177,27,1,395
BRDA:183,28,0,0
BRDA:183,28,1,395
BRDA:183,29,0,395
BRDA:183,29,1,395
BRDA:200,30,0,28
BRDA:200,30,1,367
BRDA:204,31,0,0
BRDA:204,31,1,28
BRDA:204,32,0,28
BRDA:204,32,1,28
BRF:72
BRH:42
end_of_record
TN:
SF:src/db.js
FN:23,(anonymous_0)
FN:26,(anonymous_1)
FN:43,(anonymous_2)
FN:44,(anonymous_3)
FN:49,(anonymous_4)
FNF:5
FNH:3
FNDA:66,(anonymous_0)
FNDA:6,(anonymous_1)
FNDA:1,(anonymous_2)
FNDA:0,(anonymous_3)
FNDA:0,(anonymous_4)
DA:1,1
DA:2,1
DA:5,1
DA:9,1
DA:11,1
DA:17,1
DA:18,0
DA:23,66
DA:26,1
DA:27,6
DA:28,1
DA:33,1
DA:34,1
DA:36,1
DA:37,0
DA:42,1
DA:43,1
DA:44,1
DA:46,6
DA:49,1
DA:50,0
DA:52,0
DA:53,0
DA:56,1
LF:24
LH:19
BRDA:17,0,0,0
BRDA:17,0,1,1
BRDA:17,1,0,1
BRDA:17,1,1,0
BRDA:27,2,0,1
BRDA:27,2,1,5
BRDA:36,3,0,0
BRDA:36,3,1,1
BRDA:36,4,0,1
BRDA:36,4,1,0
BRF:10
BRH:6
end_of_record
TN:
SF:src/controllers/routes.js
FNF:0
FNH:0
DA:1,1
DA:3,1
LF:2
LH:2
BRF:0
BRH:0
end_of_record
TN:
SF:src/controllers/search/route.validator.js
FN:108,(anonymous_0)
FN:110,(anonymous_1)
FN:115,(anonymous_2)
FN:130,(anonymous_3)
FN:262,(anonymous_4)
FN:283,(anonymous_5)
FNF:6
FNH:5
FNDA:790,(anonymous_0)
FNDA:395,(anonymous_1)
FNDA:14,(anonymous_2)
FNDA:395,(anonymous_3)
FNDA:20,(anonymous_4)
FNDA:0,(anonymous_5)
DA:1,1
DA:2,1
DA:3,1
DA:4,1
DA:5,1
DA:8,1
DA:9,1
DA:10,1
DA:11,1
DA:12,1
DA:13,1
DA:107,1
DA:108,790
DA:110,1
DA:111,395
DA:112,395
DA:113,395
DA:114,2
DA:115,2
DA:116,14
DA:117,12
DA:119,14
DA:122,393
DA:125,0
DA:126,0
DA:130,1
DA:131,395
DA:132,395
DA:133,395
DA:134,395
DA:135,395
DA:139,0
DA:141,395
DA:143,395
DA:147,0
DA:149,395
DA:152,395
DA:157,0
DA:160,395
DA:161,0
DA:164,395
DA:165,395
DA:166,395
DA:167,395
DA:168,395
DA:169,395
DA:170,395
DA:171,395
DA:172,395
DA:175,395
DA:176,395
DA:177,395
DA:178,395
DA:179,395
DA:180,395
DA:181,395
DA:182,395
DA:183,395
DA:184,395
DA:185,395
DA:186,395
DA:187,395
DA:188,395
DA:189,395
DA:190,395
DA:191,395
DA:193,395
DA:194,395
DA:195,395
DA:196,0
DA:197,0
DA:199,0
DA:202,395
DA:203,395
DA:205,395
DA:207,395
DA:208,0
DA:209,0
DA:210,0
DA:213,3
DA:214,3
DA:217,1
DA:262,1
DA:263,20
DA:264,20
DA:267,20
DA:268,20
DA:269,20
DA:271,20
DA:272,20
DA:273,20
DA:274,20
DA:275,9
DA:277,11
DA:279,0
DA:280,0
DA:283,1
DA:284,0
DA:285,0
DA:286,0
DA:288,0
DA:291,1
LF:102
LH:84
BRDA:113,0,0,2
BRDA:113,0,1,393
BRDA:113,1,0,395
BRDA:113,1,1,2
BRDA:116,2,0,12
BRDA:116,2,1,2
BRDA:116,3,0,14
BRDA:116,3,1,13
BRDA:133,4,0,185
BRDA:133,4,1,210
BRDA:135,5,0,0
BRDA:135,5,1,395
BRDA:136,6,0,395
BRDA:136,6,1,0
BRDA:141,7,0,395
BRDA:141,7,1,15
BRDA:143,8,0,0
BRDA:143,8,1,395
BRDA:144,9,0,395
BRDA:144,9,1,0
BRDA:149,10,0,395
BRDA:149,10,1,224
BRDA:152,11,0,0
BRDA:152,11,1,395
BRDA:153,12,0,395
BRDA:153,12,1,0
BRDA:153,12,2,0
BRDA:160,13,0,0
BRDA:160,13,1,395
BRDA:161,14,0,0
BRDA:161,14,1,0
BRDA:164,15,0,395
BRDA:164,15,1,17
BRDA:165,16,0,17
BRDA:165,16,1,378
BRDA:165,17,0,395
BRDA:165,17,1,378
BRDA:166,18,0,395
BRDA:166,18,1,346
BRDA:167,19,0,395
BRDA:167,19,1,382
BRDA:168,20,0,395
BRDA:168,20,1,395
BRDA:169,21,0,395
BRDA:169,21,1,395
BRDA:170,22,0,395
BRDA:170,22,1,395
BRDA:171,23,0,395
BRDA:171,23,1,395
BRDA:172,24,0,23
BRDA:172,24,1,372
BRDA:175,25,0,0
BRDA:175,25,1,395
BRDA:176,26,0,0
BRDA:176,26,1,395
BRDA:176,27,0,395
BRDA:176,27,1,395
BRDA:177,28,0,368
BRDA:177,28,1,27
BRDA:178,29,0,395
BRDA:178,29,1,395
BRDA:182,30,0,395
BRDA:182,30,1,0
BRDA:183,31,0,395
BRDA:183,31,1,393
BRDA:185,32,0,395
BRDA:185,32,1,395
BRDA:186,33,0,395
BRDA:186,33,1,395
BRDA:188,34,0,10
BRDA:188,34,1,385
BRDA:188,35,0,395
BRDA:188,35,1,388
BRDA:189,36,0,395
BRDA:189,36,1,395
BRDA:193,37,0,395
BRDA:193,37,1,395
BRDA:194,38,0,395
BRDA:194,38,1,348
BRDA:195,39,0,0
BRDA:195,39,1,395
BRDA:195,40,0,395
BRDA:195,40,1,0
BRDA:196,41,0,0
BRDA:196,41,1,0
BRDA:202,42,0,395
BRDA:202,42,1,395
BRDA:203,43,0,395
BRDA:203,43,1,339
BRDA:205,44,0,40
BRDA:205,44,1,355
BRDA:207,45,0,0
BRDA:207,45,1,392
BRDA:207,46,0,395
BRDA:207,46,1,91
BRDA:264,47,0,13
BRDA:264,47,1,7
BRDA:268,48,0,0
BRDA:268,48,1,20
BRDA:268,49,0,20
BRDA:268,49,1,20
BRDA:269,50,0,0
BRDA:269,50,1,20
BRDA:269,51,0,20
BRDA:269,51,1,20
BRDA:271,52,0,20
BRDA:271,52,1,20
BRDA:274,53,0,9
BRDA:274,53,1,11
BRDA:285,54,0,0
BRDA:285,54,1,0
BRF:111
BRH:89
end_of_record
TN:
SF:src/controllers/search/routes.js
FN:19,(anonymous_0)
FN:21,(anonymous_1)
FN:33,(anonymous_2)
FN:61,(anonymous_3)
FN:86,(anonymous_4)
FN:114,(anonymous_5)
FN:138,(anonymous_6)
FN:160,(anonymous_7)
FN:200,(anonymous_8)
FN:223,(anonymous_9)
FN:244,(anonymous_10)
FN:265,(anonymous_11)
FN:287,(anonymous_12)
FN:305,(anonymous_13)
FN:316,(anonymous_14)
FN:327,(anonymous_15)
FN:346,(anonymous_16)
FN:364,(anonymous_17)
FN:382,(anonymous_18)
FN:394,(anonymous_19)
FN:409,(anonymous_20)
FN:429,(anonymous_21)
FN:464,(anonymous_22)
FN:479,(anonymous_23)
FN:522,(anonymous_24)
FNF:25
FNH:11
FNDA:3,(anonymous_0)
FNDA:0,(anonymous_1)
FNDA:336,(anonymous_2)
FNDA:19,(anonymous_3)
FNDA:2,(anonymous_4)
FNDA:5,(anonymous_5)
FNDA:0,(anonymous_6)
FNDA:3,(anonymous_7)
FNDA:0,(anonymous_8)
FNDA:0,(anonymous_9)
FNDA:16,(anonymous_10)
FNDA:0,(anonymous_11)
FNDA:0,(anonymous_12)
FNDA:0,(anonymous_13)
FNDA:0,(anonymous_14)
FNDA:0,(anonymous_15)
FNDA:0,(anonymous_16)
FNDA:0,(anonymous_17)
FNDA:0,(anonymous_18)
FNDA:16,(anonymous_19)
FNDA:0,(anonymous_20)
FNDA:0,(anonymous_21)
FNDA:11,(anonymous_22)
FNDA:7,(anonymous_23)
FNDA:7,(anonymous_24)
DA:1,1
DA:2,1
DA:3,1
DA:4,1
DA:5,1
DA:6,1
DA:7,1
DA:8,1
DA:9,1
DA:10,1
DA:11,1
DA:12,1
DA:13,1
DA:14,1
DA:15,1
DA:16,1
DA:17,1
DA:19,3
DA:21,1
DA:22,0
DA:23,0
DA:24,0
DA:26,0
DA:29,1
DA:34,336
DA:35,336
DA:36,336
DA:37,336
DA:38,336
DA:39,336
DA:41,336
DA:43,336
DA:44,0
DA:45,0
DA:47,336
DA:49,0
DA:50,0
DA:52,0
DA:53,0
DA:58,1
DA:62,19
DA:63,19
DA:64,19
DA:65,19
DA:66,19
DA:67,19
DA:68,19
DA:69,0
DA:70,0
DA:72,19
DA:74,0
DA:75,0
DA:77,0
DA:83,1
DA:87,2
DA:88,2
DA:89,2
DA:90,2
DA:91,2
DA:92,2
DA:93,2
DA:94,0
DA:95,0
DA:98,2
DA:100,0
DA:101,0
DA:102,0
DA:104,0
DA:109,1
DA:111,1
DA:115,5
DA:116,5
DA:117,5
DA:118,5
DA:119,5
DA:120,5
DA:121,5
DA:122,0
DA:123,0
DA:125,5
DA:127,0
DA:128,0
DA:129,0
DA:131,0
DA:135,1
DA:139,0
DA:140,0
DA:141,0
DA:142,0
DA:143,0
DA:144,0
DA:145,0
DA:146,0
DA:147,0
DA:150,0
DA:152,0
DA:153,0
DA:154,0
DA:156,0
DA:160,1
DA:161,3
DA:162,3
DA:163,3
DA:164,0
DA:166,3
DA:167,3
DA:179,3
DA:180,3
DA:181,3
DA:182,3
DA:184,3
DA:185,2
DA:187,3
DA:189,0
DA:190,0
DA:191,0
DA:193,0
DA:197,1
DA:201,0
DA:202,0
DA:203,0
DA:204,0
DA:205,0
DA:206,0
DA:208,0
DA:210,0
DA:211,0
DA:212,0
DA:214,0
DA:220,1
DA:224,0
DA:225,0
DA:226,0
DA:227,0
DA:228,0
DA:230,0
DA:232,0
DA:233,0
DA:234,0
DA:236,0
DA:241,1
DA:245,16
DA:246,16
DA:247,16
DA:248,16
DA:249,16
DA:251,16
DA:253,0
DA:254,0
DA:255,0
DA:257,0
DA:262,1
DA:266,0
DA:267,0
DA:268,0
DA:269,0
DA:270,0
DA:271,0
DA:273,0
DA:275,0
DA:276,0
DA:277,0
DA:279,0
DA:284,1
DA:288,0
DA:289,0
DA:290,0
DA:291,0
DA:292,0
DA:294,0
DA:296,0
DA:297,0
DA:298,0
DA:300,0
DA:305,1
DA:306,0
DA:307,0
DA:309,0
DA:311,0
DA:312,0
DA:316,1
DA:317,0
DA:318,0
DA:320,0
DA:322,0
DA:323,0
DA:327,1
DA:328,0
DA:329,0
DA:330,0
DA:332,0
DA:338,0
DA:339,0
DA:343,1
DA:347,0
DA:348,0
DA:349,0
DA:350,0
DA:351,0
DA:353,0
DA:355,0
DA:356,0
DA:357,0
DA:359,0
DA:364,1
DA:365,0
DA:366,0
DA:367,0
DA:368,0
DA:370,0
DA:372,0
DA:374,0
DA:375,0
DA:379,1
DA:383,0
DA:384,0
DA:385,0
DA:386,0
DA:388,0
DA:389,0
DA:394,1
DA:395,16
DA:396,16
DA:397,16
DA:398,8
DA:401,8
DA:403,0
DA:404,0
DA:409,1
DA:410,0
DA:411,0
DA:412,0
DA:413,0
DA:414,0
DA:415,0
DA:417,0
DA:418,0
DA:419,0
DA:421,0
DA:422,0
DA:426,1
DA:430,0
DA:431,0
DA:432,0
DA:433,0
DA:434,0
DA:436,0
DA:437,0
DA:439,0
DA:440,0
DA:442,0
DA:443,0
DA:444,0
DA:445,0
DA:446,0
DA:447,0
DA:450,0
DA:452,0
DA:453,0
DA:454,0
DA:456,0
DA:460,1
DA:465,11
DA:466,11
DA:467,9
DA:469,2
DA:470,2
DA:475,1
DA:480,7
DA:481,7
DA:482,7
DA:483,7
DA:488,2
DA:489,2
DA:495,5
DA:504,5
DA:505,5
DA:509,5
DA:516,0
DA:517,0
DA:522,1
DA:523,7
DA:524,7
DA:525,7
DA:526,7
DA:527,7
DA:528,4
DA:529,4
DA:531,3
DA:532,3
DA:536,1
LF:291
LH:124
BRDA:19,0,0,3
BRDA:19,0,1,3
BRDA:19,0,2,2
BRDA:22,1,0,0
BRDA:22,1,1,0
BRDA:43,2,0,0
BRDA:43,2,1,336
BRDA:49,3,0,0
BRDA:49,3,1,0
BRDA:68,4,0,0
BRDA:68,4,1,19
BRDA:74,5,0,0
BRDA:74,5,1,0
BRDA:91,6,0,2
BRDA:91,6,1,2
BRDA:93,7,0,0
BRDA:93,7,1,2
BRDA:101,8,0,0
BRDA:101,8,1,0
BRDA:121,9,0,0
BRDA:121,9,1,5
BRDA:128,10,0,0
BRDA:128,10,1,0
BRDA:143,11,0,0
BRDA:143,11,1,0
BRDA:145,12,0,0
BRDA:145,12,1,0
BRDA:153,13,0,0
BRDA:153,13,1,0
BRDA:163,14,0,0
BRDA:163,14,1,3
BRDA:184,15,0,2
BRDA:184,15,1,1
BRDA:190,16,0,0
BRDA:190,16,1,0
BRDA:205,17,0,0
BRDA:205,17,1,0
BRDA:206,18,0,0
BRDA:206,18,1,0
BRDA:211,19,0,0
BRDA:211,19,1,0
BRDA:228,20,0,0
BRDA:228,20,1,0
BRDA:233,21,0,0
BRDA:233,21,1,0
BRDA:254,22,0,0
BRDA:254,22,1,0
BRDA:270,23,0,0
BRDA:270,23,1,0
BRDA:271,24,0,0
BRDA:271,24,1,0
BRDA:276,25,0,0
BRDA:276,25,1,0
BRDA:292,26,0,0
BRDA:292,26,1,0
BRDA:297,27,0,0
BRDA:297,27,1,0
BRDA:356,28,0,0
BRDA:356,28,1,0
BRDA:367,29,0,0
BRDA:367,29,1,0
BRDA:367,30,0,0
BRDA:367,30,1,0
BRDA:384,31,0,0
BRDA:384,31,1,0
BRDA:397,32,0,8
BRDA:397,32,1,8
BRDA:397,33,0,16
BRDA:397,33,1,8
BRDA:413,34,0,0
BRDA:413,34,1,0
BRDA:433,35,0,0
BRDA:433,35,1,0
BRDA:433,36,0,0
BRDA:433,36,1,0
BRDA:434,37,0,0
BRDA:434,37,1,0
BRDA:436,38,0,0
BRDA:436,38,1,0
BRDA:439,39,0,0
BRDA:439,39,1,0
BRDA:445,40,0,0
BRDA:445,40,1,0
BRDA:453,41,0,0
BRDA:453,41,1,0
BRDA:483,42,0,2
BRDA:483,42,1,5
BRDA:484,43,0,7
BRDA:484,43,1,6
BRDA:484,43,2,5
BRDA:505,44,0,5
BRDA:505,44,1,0
BRDA:505,45,0,5
BRDA:505,45,1,5
BRDA:505,45,2,5
BRF:95
BRH:25
end_of_record
TN:
SF:src/controllers/search/search-wrapper.js
FN:36,(anonymous_0)
FN:50,(anonymous_1)
FN:67,(anonymous_2)
FN:99,(anonymous_3)
FN:122,(anonymous_4)
FN:167,(anonymous_5)
FN:170,(anonymous_6)
FN:179,(anonymous_7)
FN:216,(anonymous_8)
FN:217,(anonymous_9)
FN:248,(anonymous_10)
FN:256,(anonymous_11)
FN:264,(anonymous_12)
FN:272,(anonymous_13)
FN:311,(anonymous_14)
FN:332,(anonymous_15)
FN:341,(anonymous_16)
FN:595,(anonymous_17)
FN:595,(anonymous_18)
FN:618,(anonymous_19)
FN:662,(anonymous_20)
FN:662,(anonymous_21)
FN:662,(anonymous_22)
FN:678,(anonymous_23)
FN:684,(anonymous_24)
FN:763,(anonymous_25)
FN:816,(anonymous_26)
FN:924,(anonymous_27)
FN:930,(anonymous_28)
FN:933,(anonymous_29)
FN:938,(anonymous_30)
FN:940,(anonymous_31)
FN:954,(anonymous_32)
FN:963,(anonymous_33)
FN:965,(anonymous_34)
FN:991,(anonymous_35)
FN:1006,(anonymous_36)
FNF:37
FNH:20
FNDA:389,(anonymous_0)
FNDA:0,(anonymous_1)
FNDA:389,(anonymous_2)
FNDA:389,(anonymous_3)
FNDA:389,(anonymous_4)
FNDA:774,(anonymous_5)
FNDA:219,(anonymous_6)
FNDA:414,(anonymous_7)
FNDA:219,(anonymous_8)
FNDA:0,(anonymous_9)
FNDA:132,(anonymous_10)
FNDA:132,(anonymous_11)
FNDA:0,(anonymous_12)
FNDA:389,(anonymous_13)
FNDA:132,(anonymous_14)
FNDA:391,(anonymous_15)
FNDA:395,(anonymous_16)
FNDA:335,(anonymous_17)
FNDA:12,(anonymous_18)
FNDA:387,(anonymous_19)
FNDA:0,(anonymous_20)
FNDA:0,(anonymous_21)
FNDA:0,(anonymous_22)
FNDA:132,(anonymous_23)
FNDA:132,(anonymous_24)
FNDA:1458,(anonymous_25)
FNDA:0,(anonymous_26)
FNDA:0,(anonymous_27)
FNDA:0,(anonymous_28)
FNDA:0,(anonymous_29)
FNDA:0,(anonymous_30)
FNDA:0,(anonymous_31)
FNDA:0,(anonymous_32)
FNDA:0,(anonymous_33)
FNDA:0,(anonymous_34)
FNDA:0,(anonymous_35)
FNDA:0,(anonymous_36)
DA:6,1
DA:7,1
DA:8,1
DA:9,1
DA:18,1
DA:19,1
DA:20,1
DA:21,1
DA:22,1
DA:23,1
DA:24,1
DA:25,1
DA:26,1
DA:27,1
DA:28,1
DA:29,1
DA:30,1
DA:31,1
DA:33,1
DA:34,1
DA:36,1
DA:37,389
DA:38,389
DA:40,387
DA:42,2
DA:43,2
DA:44,2
DA:46,0
DA:50,1
DA:51,0
DA:52,0
DA:53,0
DA:54,0
DA:55,0
DA:57,0
DA:60,0
DA:62,0
DA:63,0
DA:67,1
DA:68,389
DA:69,389
DA:71,0
DA:76,0
DA:84,0
DA:86,0
DA:87,0
DA:89,0
DA:92,0
DA:94,0
DA:95,0
DA:99,1
DA:100,389
DA:101,389
DA:102,389
DA:103,389
DA:117,389
DA:119,389
DA:122,1
DA:123,389
DA:124,389
DA:125,389
DA:126,389
DA:132,389
DA:139,111
DA:140,111
DA:141,111
DA:142,7
DA:143,7
DA:145,5
DA:146,5
DA:148,7
DA:149,7
DA:150,7
DA:152,7
DA:156,104
DA:158,278
DA:160,278
DA:162,0
DA:163,0
DA:167,1
DA:168,774
DA:169,11
DA:170,11
DA:171,219
DA:173,219
DA:174,0
DA:177,219
DA:178,219
DA:179,219
DA:180,414
DA:181,414
DA:182,16
DA:184,414
DA:187,16
DA:188,0
DA:191,16
DA:194,219
DA:195,219
DA:197,219
DA:198,11
DA:199,11
DA:200,11
DA:201,11
DA:202,11
DA:204,0
DA:205,0
DA:206,0
DA:208,11
DA:211,219
DA:214,11
DA:216,219
DA:217,11
DA:218,11
DA:219,11
DA:223,0
DA:225,11
DA:234,774
DA:235,387
DA:236,387
DA:237,387
DA:238,8
DA:245,774
DA:248,1
DA:249,132
DA:250,0
DA:253,132
DA:256,1
DA:257,132
DA:258,0
DA:261,132
DA:264,1
DA:265,0
DA:266,0
DA:267,0
DA:269,0
DA:272,1
DA:273,389
DA:274,389
DA:275,389
DA:281,385
DA:283,4
DA:284,4
DA:286,4
DA:287,4
DA:288,4
DA:295,4
DA:296,4
DA:301,4
DA:302,4
DA:304,4
DA:306,0
DA:307,0
DA:311,1
DA:312,132
DA:313,132
DA:319,132
DA:320,132
DA:326,132
DA:327,132
DA:329,132
DA:332,1
DA:333,391
DA:337,391
DA:341,1
DA:342,395
DA:343,395
DA:344,395
DA:345,0
DA:347,395
DA:348,395
DA:349,395
DA:350,395
DA:351,395
DA:352,395
DA:353,395
DA:354,395
DA:355,395
DA:357,395
DA:358,395
DA:360,4
DA:363,391
DA:364,391
DA:365,391
DA:370,391
DA:376,391
DA:377,391
DA:378,391
DA:379,391
DA:381,391
DA:383,391
DA:385,391
DA:386,391
DA:388,391
DA:391,391
DA:393,391
DA:394,261
DA:395,261
DA:396,261
DA:398,391
DA:400,391
DA:401,391
DA:402,391
DA:404,391
DA:405,4
DA:407,4
DA:411,4
DA:418,4
DA:421,391
DA:422,391
DA:425,391
DA:426,391
DA:427,391
DA:428,391
DA:429,391
DA:432,391
DA:439,391
DA:443,391
DA:445,391
DA:448,18
DA:450,391
DA:451,0
DA:453,0
DA:460,391
DA:461,391
DA:462,391
DA:474,391
DA:476,391
DA:477,12
DA:479,391
DA:480,391
DA:481,2
DA:482,2
DA:483,2
DA:486,391
DA:488,391
DA:489,44
DA:490,44
DA:491,44
DA:495,391
DA:496,40
DA:499,391
DA:500,391
DA:503,389
DA:504,14
DA:505,14
DA:506,14
DA:507,14
DA:508,14
DA:509,14
DA:510,14
DA:511,14
DA:512,14
DA:518,2
DA:519,12
DA:520,0
DA:522,14
DA:523,14
DA:526,389
DA:527,389
DA:540,389
DA:541,389
DA:542,0
DA:543,0
DA:546,389
DA:550,5
DA:551,5
DA:552,5
DA:553,5
DA:557,389
DA:562,12
DA:563,12
DA:564,12
DA:565,12
DA:566,12
DA:569,12
DA:570,11
DA:571,11
DA:576,389
DA:577,5
DA:578,5
DA:580,0
DA:584,389
DA:586,389
DA:587,389
DA:589,389
DA:590,3738
DA:591,3738
DA:594,389
DA:595,335
DA:596,187
DA:599,389
DA:600,6
DA:601,6
DA:602,6
DA:604,389
DA:612,389
DA:619,387
DA:627,387
DA:629,387
DA:630,387
DA:631,387
DA:632,387
DA:635,387
DA:636,0
DA:639,387
DA:640,387
DA:642,0
DA:644,387
DA:649,7
DA:656,387
DA:657,0
DA:658,0
DA:659,0
DA:661,387
DA:662,0
DA:664,387
DA:665,387
DA:666,387
DA:668,387
DA:669,387
DA:670,387
DA:674,387
DA:675,40
DA:676,24
DA:678,132
DA:679,24
DA:680,24
DA:681,132
DA:683,24
DA:684,24
DA:685,132
DA:688,40
DA:689,40
DA:690,40
DA:692,40
DA:694,40
DA:695,12
DA:696,11
DA:700,40
DA:702,40
DA:703,5
DA:706,40
DA:707,0
DA:710,40
DA:711,40
DA:712,40
DA:715,387
DA:716,6
DA:717,6
DA:718,6
DA:719,6
DA:722,387
DA:724,387
DA:725,12
DA:727,12
DA:728,11
DA:729,11
DA:730,1
DA:731,0
DA:732,0
DA:734,1
DA:737,375
DA:738,375
DA:741,387
DA:743,0
DA:744,0
DA:748,387
DA:757,2
DA:763,387
DA:764,1458
DA:765,1458
DA:766,1458
DA:768,1458
DA:771,387
DA:772,387
DA:778,12
DA:779,12
DA:783,12
DA:785,12
DA:786,12
DA:788,387
DA:789,387
DA:790,387
DA:792,387
DA:794,8
DA:795,8
DA:796,2
DA:797,2
DA:798,2
DA:800,2
DA:803,6
DA:804,0
DA:805,0
DA:807,6
DA:808,6
DA:809,6
DA:811,393
DA:813,393
DA:816,1
DA:817,0
DA:818,0
DA:819,0
DA:820,0
DA:821,0
DA:822,0
DA:823,0
DA:824,0
DA:825,0
DA:826,0
DA:827,0
DA:830,0
DA:831,0
DA:832,0
DA:836,0
DA:838,0
DA:839,0
DA:840,0
DA:850,0
DA:856,0
DA:858,0
DA:859,0
DA:860,0
DA:861,0
DA:862,0
DA:863,0
DA:869,0
DA:873,0
DA:874,0
DA:879,0
DA:883,0
DA:884,0
DA:893,0
DA:894,0
DA:895,0
DA:905,0
DA:906,0
DA:907,0
DA:908,0
DA:909,0
DA:910,0
DA:911,0
DA:912,0
DA:913,0
DA:914,0
DA:915,0
DA:917,0
DA:919,0
DA:922,0
DA:924,1
DA:925,0
DA:926,0
DA:927,0
DA:928,0
DA:929,0
DA:930,0
DA:931,0
DA:932,0
DA:933,0
DA:934,0
DA:935,0
DA:937,0
DA:938,0
DA:939,0
DA:940,0
DA:941,0
DA:943,0
DA:946,0
DA:951,0
DA:952,0
DA:953,0
DA:954,0
DA:955,0
DA:960,0
DA:962,0
DA:963,0
DA:964,0
DA:965,0
DA:966,0
DA:968,0
DA:971,0
DA:978,0
DA:979,0
DA:980,0
DA:981,0
DA:985,0
DA:987,0
DA:988,0
DA:991,1
DA:992,0
DA:993,0
DA:994,0
DA:997,0
DA:1007,0
DA:1011,0
DA:1013,0
DA:1016,0
DA:1020,1
LF:497
LH:347
BRDA:43,0,0,2
BRDA:43,0,1,0
BRDA:52,1,0,0
BRDA:52,1,1,0
BRDA:52,2,0,0
BRDA:52,2,1,0
BRDA:53,3,0,0
BRDA:53,3,1,0
BRDA:53,4,0,0
BRDA:53,4,1,0
BRDA:55,5,0,0
BRDA:55,5,1,0
BRDA:69,6,0,389
BRDA:69,6,1,0
BRDA:69,7,0,389
BRDA:69,7,1,151
BRDA:86,8,0,0
BRDA:86,8,1,0
BRDA:101,9,0,0
BRDA:101,9,1,389
BRDA:101,10,0,389
BRDA:101,10,1,389
BRDA:117,11,0,0
BRDA:117,11,1,389
BRDA:124,12,0,0
BRDA:124,12,1,389
BRDA:124,13,0,389
BRDA:124,13,1,389
BRDA:126,14,0,5
BRDA:126,14,1,384
BRDA:126,15,0,389
BRDA:126,15,1,5
BRDA:126,15,2,384
BRDA:126,15,3,4
BRDA:132,16,0,111
BRDA:132,16,1,278
BRDA:133,17,0,389
BRDA:133,17,1,389
BRDA:133,17,2,215
BRDA:133,17,3,111
BRDA:133,17,4,111
BRDA:133,17,5,0
BRDA:133,17,6,0
BRDA:141,18,0,7
BRDA:141,18,1,104
BRDA:141,19,0,111
BRDA:141,19,1,111
BRDA:143,20,0,5
BRDA:143,20,1,2
BRDA:149,21,0,7
BRDA:149,21,1,0
BRDA:149,22,0,7
BRDA:149,22,1,7
BRDA:149,22,2,7
BRDA:150,23,0,0
BRDA:150,23,1,7
BRDA:158,24,0,0
BRDA:158,24,1,278
BRDA:168,25,0,11
BRDA:168,25,1,763
BRDA:168,26,0,774
BRDA:168,26,1,774
BRDA:168,26,2,11
BRDA:173,27,0,0
BRDA:173,27,1,219
BRDA:173,28,0,219
BRDA:173,28,1,0
BRDA:180,29,0,414
BRDA:180,29,1,0
BRDA:181,30,0,16
BRDA:181,30,1,398
BRDA:184,31,0,16
BRDA:184,31,1,398
BRDA:185,32,0,414
BRDA:185,32,1,414
BRDA:185,32,2,414
BRDA:185,32,3,0
BRDA:185,32,4,414
BRDA:187,33,0,0
BRDA:187,33,1,16
BRDA:187,34,0,16
BRDA:187,34,1,16
BRDA:194,35,0,219
BRDA:194,35,1,0
BRDA:197,36,0,11
BRDA:197,36,1,208
BRDA:198,37,0,0
BRDA:198,37,1,11
BRDA:198,38,0,11
BRDA:198,38,1,0
BRDA:199,39,0,11
BRDA:199,39,1,0
BRDA:214,40,0,11
BRDA:214,40,1,0
BRDA:216,41,0,219
BRDA:216,41,1,11
BRDA:216,42,0,219
BRDA:216,42,1,0
BRDA:219,43,0,0
BRDA:219,43,1,11
BRDA:234,44,0,387
BRDA:234,44,1,387
BRDA:237,45,0,8
BRDA:237,45,1,379
BRDA:237,46,0,387
BRDA:237,46,1,8
BRDA:249,47,0,0
BRDA:249,47,1,132
BRDA:249,48,0,132
BRDA:249,48,1,132
BRDA:249,48,2,0
BRDA:257,49,0,0
BRDA:257,49,1,132
BRDA:257,50,0,132
BRDA:257,50,1,0
BRDA:257,50,2,0
BRDA:265,51,0,0
BRDA:265,51,1,0
BRDA:265,52,0,0
BRDA:265,52,1,0
BRDA:267,53,0,0
BRDA:267,53,1,0
BRDA:275,54,0,385
BRDA:275,54,1,4
BRDA:276,55,0,389
BRDA:276,55,1,5
BRDA:276,55,2,5
BRDA:276,55,3,5
BRDA:276,55,4,4
BRDA:284,56,0,0
BRDA:284,56,1,4
BRDA:284,57,0,4
BRDA:284,57,1,4
BRDA:286,58,0,4
BRDA:286,58,1,0
BRDA:292,59,0,4
BRDA:292,59,1,0
BRDA:295,60,0,4
BRDA:295,60,1,0
BRDA:295,61,0,4
BRDA:295,61,1,4
BRDA:301,62,0,0
BRDA:301,62,1,4
BRDA:333,63,0,181
BRDA:333,63,1,210
BRDA:334,64,0,181
BRDA:334,64,1,0
BRDA:344,65,0,0
BRDA:344,65,1,395
BRDA:348,66,0,0
BRDA:348,66,1,395
BRDA:348,67,0,395
BRDA:348,67,1,395
BRDA:353,68,0,3
BRDA:353,68,1,392
BRDA:358,69,0,4
BRDA:358,69,1,391
BRDA:358,70,0,395
BRDA:358,70,1,395
BRDA:358,70,2,395
BRDA:358,70,3,6
BRDA:378,71,0,391
BRDA:378,71,1,0
BRDA:379,72,0,391
BRDA:379,72,1,0
BRDA:383,73,0,3
BRDA:383,73,1,388
BRDA:383,74,0,391
BRDA:383,74,1,110
BRDA:388,75,0,0
BRDA:388,75,1,391
BRDA:393,76,0,261
BRDA:393,76,1,130
BRDA:393,77,0,391
BRDA:393,77,1,391
BRDA:394,78,0,261
BRDA:394,78,1,221
BRDA:395,79,0,261
BRDA:395,79,1,235
BRDA:396,80,0,261
BRDA:396,80,1,261
BRDA:404,81,0,4
BRDA:404,81,1,387
BRDA:404,82,0,391
BRDA:404,82,1,391
BRDA:404,82,2,391
BRDA:421,83,0,391
BRDA:421,83,1,391
BRDA:421,83,2,110
BRDA:422,84,0,159
BRDA:422,84,1,232
BRDA:422,85,0,391
BRDA:422,85,1,391
BRDA:429,86,0,391
BRDA:429,86,1,144
BRDA:432,87,0,391
BRDA:432,87,1,40
BRDA:432,87,2,22
BRDA:432,87,3,365
BRDA:432,87,4,15
BRDA:432,87,5,5
BRDA:432,87,6,1
BRDA:436,88,0,15
BRDA:436,88,1,5
BRDA:439,89,0,391
BRDA:439,89,1,389
BRDA:439,89,2,371
BRDA:439,89,3,342
BRDA:439,89,4,62
BRDA:439,89,5,340
BRDA:439,89,6,60
BRDA:445,90,0,18
BRDA:445,90,1,373
BRDA:446,91,0,391
BRDA:446,91,1,70
BRDA:446,91,2,385
BRDA:446,91,3,382
BRDA:450,92,0,0
BRDA:450,92,1,391
BRDA:462,93,0,391
BRDA:462,93,1,33
BRDA:462,93,2,32
BRDA:462,93,3,32
BRDA:462,93,4,0
BRDA:462,93,5,0
BRDA:462,93,6,32
BRDA:465,94,0,32
BRDA:465,94,1,0
BRDA:465,94,2,32
BRDA:465,94,3,0
BRDA:465,94,4,32
BRDA:465,94,5,0
BRDA:465,94,6,32
BRDA:465,94,7,32
BRDA:476,95,0,12
BRDA:476,95,1,379
BRDA:476,96,0,391
BRDA:476,96,1,382
BRDA:477,97,0,6
BRDA:477,97,1,6
BRDA:477,98,0,6
BRDA:477,98,1,6
BRDA:477,99,0,6
BRDA:477,99,1,0
BRDA:480,100,0,2
BRDA:480,100,1,389
BRDA:488,101,0,44
BRDA:488,101,1,347
BRDA:488,102,0,391
BRDA:488,102,1,359
BRDA:488,102,2,354
BRDA:490,103,0,2
BRDA:490,103,1,42
BRDA:495,104,0,40
BRDA:495,104,1,351
BRDA:499,105,0,391
BRDA:499,105,1,0
BRDA:503,106,0,14
BRDA:503,106,1,375
BRDA:503,107,0,389
BRDA:503,107,1,387
BRDA:512,108,0,2
BRDA:512,108,1,12
BRDA:513,109,0,14
BRDA:513,109,1,2
BRDA:513,109,2,0
BRDA:513,109,3,0
BRDA:519,110,0,0
BRDA:519,110,1,12
BRDA:528,111,0,117
BRDA:528,111,1,272
BRDA:541,112,0,0
BRDA:541,112,1,389
BRDA:541,113,0,389
BRDA:541,113,1,0
BRDA:546,114,0,5
BRDA:546,114,1,384
BRDA:546,115,0,389
BRDA:546,115,1,358
BRDA:550,116,0,5
BRDA:550,116,1,0
BRDA:550,117,0,5
BRDA:550,117,1,5
BRDA:557,118,0,12
BRDA:557,118,1,377
BRDA:557,119,0,389
BRDA:557,119,1,358
BRDA:557,119,2,353
BRDA:562,120,0,12
BRDA:562,120,1,0
BRDA:569,121,0,11
BRDA:569,121,1,1
BRDA:569,122,0,12
BRDA:569,122,1,12
BRDA:576,123,0,5
BRDA:576,123,1,384
BRDA:577,124,0,5
BRDA:577,124,1,0
BRDA:599,125,0,6
BRDA:599,125,1,383
BRDA:627,126,0,0
BRDA:627,126,1,387
BRDA:627,127,0,387
BRDA:627,127,1,387
BRDA:629,128,0,387
BRDA:629,128,1,0
BRDA:629,129,0,387
BRDA:629,129,1,0
BRDA:630,130,0,387
BRDA:630,130,1,0
BRDA:632,131,0,0
BRDA:632,131,1,387
BRDA:632,132,0,387
BRDA:632,132,1,387
BRDA:635,133,0,0
BRDA:635,133,1,387
BRDA:635,134,0,387
BRDA:635,134,1,387
BRDA:639,135,0,387
BRDA:639,135,1,0
BRDA:639,136,0,387
BRDA:639,136,1,387
BRDA:639,136,2,387
BRDA:639,136,3,387
BRDA:644,137,0,7
BRDA:644,137,1,380
BRDA:645,138,0,387
BRDA:645,138,1,387
BRDA:645,138,2,7
BRDA:656,139,0,0
BRDA:656,139,1,387
BRDA:656,140,0,387
BRDA:656,140,1,0
BRDA:656,140,2,0
BRDA:656,140,3,0
BRDA:656,140,4,0
BRDA:661,141,0,0
BRDA:661,141,1,387
BRDA:661,142,0,387
BRDA:661,142,1,387
BRDA:661,142,2,0
BRDA:662,143,0,0
BRDA:662,143,1,0
BRDA:664,144,0,357
BRDA:664,144,1,30
BRDA:664,145,0,387
BRDA:664,145,1,387
BRDA:665,146,0,357
BRDA:665,146,1,30
BRDA:665,147,0,387
BRDA:665,147,1,387
BRDA:668,148,0,387
BRDA:668,148,1,0
BRDA:668,149,0,387
BRDA:668,149,1,387
BRDA:674,150,0,40
BRDA:674,150,1,347
BRDA:675,151,0,24
BRDA:675,151,1,16
BRDA:676,152,0,12
BRDA:676,152,1,12
BRDA:678,153,0,132
BRDA:678,153,1,120
BRDA:694,154,0,12
BRDA:694,154,1,28
BRDA:694,155,0,40
BRDA:694,155,1,35
BRDA:695,156,0,11
BRDA:695,156,1,1
BRDA:702,157,0,5
BRDA:702,157,1,35
BRDA:702,158,0,40
BRDA:702,158,1,40
BRDA:706,159,0,0
BRDA:706,159,1,40
BRDA:706,160,0,40
BRDA:706,160,1,0
BRDA:715,161,0,6
BRDA:715,161,1,381
BRDA:715,162,0,387
BRDA:715,162,1,6
BRDA:715,162,2,3
BRDA:724,163,0,12
BRDA:724,163,1,375
BRDA:724,164,0,387
BRDA:724,164,1,382
BRDA:727,165,0,11
BRDA:727,165,1,1
BRDA:727,166,0,12
BRDA:727,166,1,12
BRDA:727,166,2,12
BRDA:727,166,3,12
BRDA:730,167,0,0
BRDA:730,167,1,1
BRDA:748,168,0,2
BRDA:748,168,1,385
BRDA:749,169,0,387
BRDA:749,169,1,387
BRDA:749,169,2,378
BRDA:749,169,3,378
BRDA:749,169,4,378
BRDA:749,169,5,2
BRDA:749,169,6,2
BRDA:765,170,0,872
BRDA:765,170,1,586
BRDA:771,171,0,387
BRDA:771,171,1,44
BRDA:771,171,2,353
BRDA:772,172,0,12
BRDA:772,172,1,375
BRDA:773,173,0,387
BRDA:773,173,1,179
BRDA:773,173,2,14
BRDA:773,173,3,12
BRDA:779,174,0,12
BRDA:779,174,1,12
BRDA:779,174,2,12
BRDA:792,175,0,0
BRDA:792,175,1,387
BRDA:795,176,0,2
BRDA:795,176,1,6
BRDA:803,177,0,0
BRDA:803,177,1,6
BRDA:811,178,0,0
BRDA:811,178,1,393
BRDA:821,179,0,0
BRDA:821,179,1,0
BRDA:822,180,0,0
BRDA:822,180,1,0
BRDA:836,181,0,0
BRDA:836,181,1,0
BRDA:836,182,0,0
BRDA:836,182,1,0
BRDA:836,182,2,0
BRDA:862,183,0,0
BRDA:862,183,1,0
BRDA:862,184,0,0
BRDA:862,184,1,0
BRDA:862,184,2,0
BRDA:873,185,0,0
BRDA:873,185,1,0
BRDA:883,186,0,0
BRDA:883,186,1,0
BRDA:883,187,0,0
BRDA:883,187,1,0
BRDA:894,188,0,0
BRDA:894,188,1,0
BRDA:894,189,0,0
BRDA:894,189,1,0
BRDA:907,190,0,0
BRDA:907,190,1,0
BRDA:928,191,0,0
BRDA:928,191,1,0
BRDA:928,192,0,0
BRDA:928,192,1,0
BRDA:935,193,0,0
BRDA:935,193,1,0
BRDA:939,194,0,0
BRDA:939,194,1,0
BRDA:941,195,0,0
BRDA:941,195,1,0
BRDA:951,196,0,0
BRDA:951,196,1,0
BRDA:951,197,0,0
BRDA:951,197,1,0
BRDA:953,198,0,0
BRDA:953,198,1,0
BRDA:953,199,0,0
BRDA:953,199,1,0
BRDA:955,200,0,0
BRDA:955,200,1,0
BRDA:955,201,0,0
BRDA:955,201,1,0
BRDA:960,202,0,0
BRDA:960,202,1,0
BRDA:964,203,0,0
BRDA:964,203,1,0
BRDA:966,204,0,0
BRDA:966,204,1,0
BRF:479
BRH:330
end_of_record
TN:
SF:src/controllers/search/search.js
FN:20,(anonymous_0)
FN:57,(anonymous_1)
FN:82,(anonymous_2)
FN:91,(anonymous_3)
FN:119,(anonymous_4)
FN:172,(anonymous_5)
FN:190,(anonymous_6)
FNF:7
FNH:6
FNDA:400,(anonymous_0)
FNDA:800,(anonymous_1)
FNDA:0,(anonymous_2)
FNDA:402,(anonymous_3)
FNDA:51,(anonymous_4)
FNDA:63,(anonymous_5)
FNDA:400,(anonymous_6)
DA:1,1
DA:2,1
DA:3,1
DA:4,1
DA:5,1
DA:6,1
DA:7,1
DA:13,1
DA:14,1
DA:15,1
DA:16,1
DA:18,1
DA:20,1
DA:21,400
DA:22,400
DA:23,400
DA:24,40
DA:25,40
DA:27,400
DA:28,40
DA:29,40
DA:31,400
DA:32,1
DA:33,1
DA:34,0
DA:41,1
DA:43,399
DA:48,400
DA:49,0
DA:50,0
DA:52,400
DA:54,400
DA:57,1
DA:58,800
DA:67,800
DA:68,800
DA:76,800
DA:82,1
DA:83,0
DA:84,0
DA:85,0
DA:86,0
DA:88,0
DA:91,1
DA:92,402
DA:93,402
DA:94,402
DA:95,402
DA:96,0
DA:106,402
DA:109,402
DA:118,40
DA:119,40
DA:120,51
DA:125,40
DA:126,40
DA:129,402
DA:130,402
DA:137,402
DA:138,402
DA:139,402
DA:140,402
DA:142,402
DA:143,78
DA:145,324
DA:151,402
DA:157,402
DA:158,402
DA:159,402
DA:165,402
DA:167,402
DA:169,402
DA:170,32
DA:171,32
DA:172,63
DA:173,32
DA:174,0
DA:176,0
DA:178,32
DA:186,402
DA:191,400
DA:196,400
DA:198,400
DA:199,0
DA:200,0
DA:201,0
DA:202,0
DA:204,0
DA:205,0
DA:207,400
DA:209,400
DA:211,400
DA:215,400
DA:217,400
DA:221,400
DA:223,400
DA:224,34
DA:225,34
DA:232,400
DA:238,400
DA:242,400
DA:243,400
DA:245,400
DA:247,400
DA:248,400
DA:250,400
DA:252,400
DA:254,400
DA:255,400
DA:256,0
DA:257,0
DA:258,0
DA:259,0
DA:261,400
DA:262,400
DA:263,400
DA:264,0
DA:271,400
DA:279,400
DA:283,400
DA:285,400
DA:287,400
DA:294,0
DA:300,0
DA:301,0
DA:304,400
DA:305,400
DA:307,0
DA:310,400
DA:312,400
DA:317,0
DA:319,400
DA:321,400
DA:323,400
DA:324,381
DA:329,370
DA:331,370
DA:332,40
DA:337,40
DA:340,370
DA:341,0
DA:350,370
DA:355,0
DA:358,370
DA:359,370
DA:360,370
DA:361,370
DA:362,370
DA:363,370
DA:364,370
DA:365,370
DA:366,370
DA:367,370
DA:368,370
DA:370,370
DA:371,11
DA:372,11
DA:373,11
DA:374,11
DA:375,11
DA:379,370
DA:380,40
DA:381,40
DA:382,40
DA:389,19
DA:390,19
DA:394,389
DA:399,0
DA:402,389
DA:405,13
DA:407,13
DA:408,2
DA:411,11
DA:412,11
DA:414,400
DA:417,400
DA:422,0
DA:424,400
DA:425,400
DA:426,400
DA:428,400
DA:429,400
DA:432,1
LF:183
LH:152
BRDA:23,0,0,40
BRDA:23,0,1,360
BRDA:23,1,0,400
BRDA:23,1,1,400
BRDA:27,2,0,40
BRDA:27,2,1,360
BRDA:27,3,0,400
BRDA:27,3,1,400
BRDA:31,4,0,1
BRDA:31,4,1,399
BRDA:31,5,0,400
BRDA:31,5,1,400
BRDA:33,6,0,0
BRDA:33,6,1,1
BRDA:48,7,0,0
BRDA:48,7,1,400
BRDA:48,8,0,400
BRDA:48,8,1,400
BRDA:86,9,0,0
BRDA:86,9,1,0
BRDA:86,10,0,0
BRDA:86,10,1,0
BRDA:93,11,0,0
BRDA:93,11,1,402
BRDA:93,12,0,402
BRDA:93,12,1,402
BRDA:95,13,0,0
BRDA:95,13,1,402
BRDA:109,14,0,40
BRDA:109,14,1,362
BRDA:110,15,0,402
BRDA:110,15,1,78
BRDA:110,15,2,40
BRDA:110,15,3,40
BRDA:110,15,4,40
BRDA:110,15,5,40
BRDA:110,15,6,40
BRDA:137,16,0,0
BRDA:137,16,1,402
BRDA:137,17,0,402
BRDA:137,17,1,0
BRDA:138,18,0,0
BRDA:138,18,1,402
BRDA:139,19,0,0
BRDA:139,19,1,402
BRDA:142,20,0,78
BRDA:142,20,1,324
BRDA:143,21,0,0
BRDA:143,21,1,78
BRDA:145,22,0,148
BRDA:145,22,1,176
BRDA:145,23,0,324
BRDA:145,23,1,324
BRDA:165,24,0,0
BRDA:165,24,1,402
BRDA:165,25,0,402
BRDA:165,25,1,402
BRDA:169,26,0,32
BRDA:169,26,1,370
BRDA:169,27,0,402
BRDA:169,27,1,32
BRDA:169,27,2,32
BRDA:173,28,0,0
BRDA:173,28,1,32
BRDA:198,29,0,0
BRDA:198,29,1,400
BRDA:199,30,0,0
BRDA:199,30,1,0
BRDA:199,31,0,0
BRDA:199,31,1,0
BRDA:204,32,0,0
BRDA:204,32,1,0
BRDA:205,33,0,0
BRDA:205,33,1,0
BRDA:207,34,0,0
BRDA:207,34,1,400
BRDA:209,35,0,0
BRDA:209,35,1,400
BRDA:209,36,0,400
BRDA:209,36,1,400
BRDA:217,37,0,0
BRDA:217,37,1,400
BRDA:217,38,0,400
BRDA:217,38,1,400
BRDA:223,39,0,34
BRDA:223,39,1,366
BRDA:223,40,0,400
BRDA:223,40,1,45
BRDA:242,41,0,400
BRDA:242,41,1,0
BRDA:242,42,0,400
BRDA:242,42,1,400
BRDA:245,43,0,0
BRDA:245,43,1,400
BRDA:250,44,0,0
BRDA:250,44,1,400
BRDA:252,45,0,0
BRDA:252,45,1,400
BRDA:252,46,0,400
BRDA:252,46,1,400
BRDA:255,47,0,0
BRDA:255,47,1,400
BRDA:263,48,0,0
BRDA:263,48,1,400
BRDA:285,49,0,0
BRDA:285,49,1,400
BRDA:287,50,0,0
BRDA:287,50,1,400
BRDA:288,51,0,400
BRDA:288,51,1,391
BRDA:288,51,2,0
BRDA:288,51,3,0
BRDA:288,51,4,0
BRDA:304,52,0,400
BRDA:304,52,1,0
BRDA:310,53,0,0
BRDA:310,53,1,400
BRDA:310,54,0,400
BRDA:310,54,1,400
BRDA:312,55,0,0
BRDA:312,55,1,400
BRDA:313,56,0,400
BRDA:313,56,1,400
BRDA:313,56,2,0
BRDA:319,57,0,0
BRDA:319,57,1,400
BRDA:321,58,0,0
BRDA:321,58,1,400
BRDA:321,59,0,400
BRDA:321,59,1,400
BRDA:323,60,0,381
BRDA:323,60,1,19
BRDA:323,61,0,400
BRDA:323,61,1,68
BRDA:331,62,0,40
BRDA:331,62,1,330
BRDA:340,63,0,0
BRDA:340,63,1,370
BRDA:350,64,0,0
BRDA:350,64,1,370
BRDA:351,65,0,370
BRDA:351,65,1,370
BRDA:351,65,2,370
BRDA:364,66,0,370
BRDA:364,66,1,349
BRDA:366,67,0,21
BRDA:366,67,1,349
BRDA:366,68,0,370
BRDA:366,68,1,370
BRDA:366,68,2,222
BRDA:366,68,3,222
BRDA:366,68,4,21
BRDA:367,69,0,21
BRDA:367,69,1,349
BRDA:367,70,0,370
BRDA:367,70,1,370
BRDA:367,70,2,222
BRDA:367,70,3,222
BRDA:367,70,4,21
BRDA:368,71,0,370
BRDA:368,71,1,370
BRDA:368,71,2,370
BRDA:370,72,0,11
BRDA:370,72,1,359
BRDA:370,73,0,370
BRDA:370,73,1,365
BRDA:370,73,2,19
BRDA:379,74,0,40
BRDA:379,74,1,330
BRDA:394,75,0,0
BRDA:394,75,1,389
BRDA:395,76,0,389
BRDA:395,76,1,45
BRDA:395,76,2,45
BRDA:402,77,0,0
BRDA:402,77,1,389
BRDA:407,78,0,2
BRDA:407,78,1,11
BRDA:414,79,0,0
BRDA:414,79,1,400
BRDA:417,80,0,0
BRDA:417,80,1,400
BRDA:418,81,0,400
BRDA:418,81,1,45
BRDA:418,81,2,45
BRDA:428,82,0,400
BRDA:428,82,1,395
BRF:187
BRH:137
end_of_record
TN:
SF:src/controllers/search/modules/analytics.js
FN:5,(anonymous_0)
FN:7,(anonymous_1)
FN:46,(anonymous_2)
FNF:3
FNH:0
FNDA:0,(anonymous_0)
FNDA:0,(anonymous_1)
FNDA:0,(anonymous_2)
DA:1,1
DA:2,1
DA:3,1
DA:5,1
DA:6,0
DA:7,0
DA:8,0
DA:10,0
DA:11,0
DA:19,0
DA:30,0
DA:32,0
DA:33,0
DA:36,0
DA:39,0
DA:41,0
DA:42,0
DA:46,1
DA:47,0
DA:48,0
DA:53,0
DA:55,0
DA:56,0
DA:60,1
LF:24
LH:6
BRDA:8,0,0,0
BRDA:8,0,1,0
BRDA:10,1,0,0
BRDA:10,1,1,0
BRDA:32,2,0,0
BRDA:32,2,1,0
BRF:6
BRH:0
end_of_record
TN:
SF:src/controllers/search/modules/auto-tune.js
FN:4,(anonymous_0)
FN:80,(anonymous_1)
FNF:2
FNH:2
FNDA:111,(anonymous_0)
FNDA:7,(anonymous_1)
DA:1,1
DA:2,1
DA:4,1
DA:5,111
DA:6,111
DA:7,111
DA:10,111
DA:11,111
DA:12,111
DA:13,0
DA:15,0
DA:16,0
DA:20,111
DA:29,10
DA:31,10
DA:32,0
DA:33,0
DA:35,10
DA:38,10
DA:45,10
DA:52,10
DA:54,10
DA:55,7
DA:56,7
DA:58,3
DA:61,101
DA:65,111
DA:66,7
DA:67,0
DA:70,7
DA:73,104
DA:75,0
DA:76,0
DA:80,1
DA:81,7
DA:82,7
DA:83,7
DA:85,7
DA:86,7
DA:88,7
DA:89,5
DA:90,5
DA:94,7
DA:95,0
DA:96,0
DA:99,7
DA:101,0
DA:102,0
DA:107,1
LF:49
LH:37
BRDA:12,0,0,0
BRDA:12,0,1,111
BRDA:15,1,0,0
BRDA:15,1,1,0
BRDA:20,2,0,10
BRDA:20,2,1,101
BRDA:21,3,0,111
BRDA:21,3,1,105
BRDA:21,3,2,15
BRDA:21,3,3,15
BRDA:21,3,4,14
BRDA:21,3,5,14
BRDA:31,4,0,0
BRDA:31,4,1,10
BRDA:54,5,0,7
BRDA:54,5,1,3
BRDA:54,6,0,10
BRDA:54,6,1,7
BRDA:65,7,0,7
BRDA:65,7,1,104
BRDA:65,8,0,111
BRDA:65,8,1,111
BRDA:66,9,0,0
BRDA:66,9,1,7
BRDA:82,10,0,7
BRDA:82,10,1,5
BRDA:82,10,2,5
BRDA:83,11,0,7
BRDA:83,11,1,5
BRDA:83,11,2,3
BRDA:85,12,0,7
BRDA:85,12,1,0
BRDA:88,13,0,5
BRDA:88,13,1,2
BRDA:88,14,0,7
BRDA:88,14,1,5
BRDA:90,15,0,5
BRDA:90,15,1,5
BRDA:94,16,0,0
BRDA:94,16,1,7
BRDA:94,17,0,7
BRDA:94,17,1,0
BRDA:94,17,2,0
BRDA:96,18,0,0
BRDA:96,18,1,0
BRDA:96,18,2,0
BRF:46
BRH:34
end_of_record
TN:
SF:src/controllers/search/modules/boosting.js
FN:23,(anonymous_0)
FN:39,(anonymous_1)
FN:69,(anonymous_2)
FN:73,(anonymous_3)
FN:102,(anonymous_4)
FN:103,(anonymous_5)
FN:120,(anonymous_6)
FN:121,(anonymous_7)
FN:127,(anonymous_8)
FN:128,(anonymous_9)
FN:136,(anonymous_10)
FN:137,(anonymous_11)
FN:144,(anonymous_12)
FN:145,(anonymous_13)
FN:165,(anonymous_14)
FN:171,(anonymous_15)
FN:172,(anonymous_16)
FN:179,(anonymous_17)
FN:188,(anonymous_18)
FN:200,(anonymous_19)
FN:232,(anonymous_20)
FN:259,(anonymous_21)
FN:275,(anonymous_22)
FN:311,(anonymous_23)
FN:324,(anonymous_24)
FN:360,(anonymous_25)
FN:423,(anonymous_26)
FN:438,(anonymous_27)
FN:445,(anonymous_28)
FN:496,(anonymous_29)
FN:528,(anonymous_30)
FN:594,(anonymous_31)
FN:616,(anonymous_32)
FNF:33
FNH:23
FNDA:11,(anonymous_0)
FNDA:388,(anonymous_1)
FNDA:40,(anonymous_2)
FNDA:0,(anonymous_3)
FNDA:9,(anonymous_4)
FNDA:9,(anonymous_5)
FNDA:9,(anonymous_6)
FNDA:5,(anonymous_7)
FNDA:5,(anonymous_8)
FNDA:5,(anonymous_9)
FNDA:0,(anonymous_10)
FNDA:0,(anonymous_11)
FNDA:0,(anonymous_12)
FNDA:0,(anonymous_13)
FNDA:5,(anonymous_14)
FNDA:0,(anonymous_15)
FNDA:0,(anonymous_16)
FNDA:5,(anonymous_17)
FNDA:18,(anonymous_18)
FNDA:23,(anonymous_19)
FNDA:0,(anonymous_20)
FNDA:0,(anonymous_21)
FNDA:2,(anonymous_22)
FNDA:20,(anonymous_23)
FNDA:20,(anonymous_24)
FNDA:388,(anonymous_25)
FNDA:11,(anonymous_26)
FNDA:388,(anonymous_27)
FNDA:388,(anonymous_28)
FNDA:0,(anonymous_29)
FNDA:388,(anonymous_30)
FNDA:402,(anonymous_31)
FNDA:388,(anonymous_32)
DA:3,1
DA:4,1
DA:5,1
DA:6,1
DA:11,1
DA:14,1
DA:20,1
DA:21,1
DA:23,1
DA:24,11
DA:25,11
DA:27,11
DA:28,11
DA:30,11
DA:31,11
DA:33,11
DA:35,11
DA:39,1
DA:40,388
DA:41,388
DA:42,388
DA:43,388
DA:45,388
DA:46,40
DA:47,11
DA:48,11
DA:49,11
DA:52,29
DA:55,348
DA:58,388
DA:61,0
DA:63,0
DA:65,0
DA:69,1
DA:70,40
DA:71,40
DA:72,0
DA:73,0
DA:74,0
DA:75,0
DA:88,0
DA:96,40
DA:100,9
DA:101,9
DA:102,9
DA:103,9
DA:104,9
DA:116,9
DA:117,9
DA:118,9
DA:119,9
DA:120,9
DA:121,9
DA:122,4
DA:126,9
DA:127,5
DA:128,5
DA:129,5
DA:130,5
DA:134,9
DA:135,9
DA:136,0
DA:137,0
DA:138,0
DA:139,0
DA:140,0
DA:141,0
DA:142,0
DA:143,0
DA:144,0
DA:145,0
DA:146,0
DA:147,0
DA:149,0
DA:155,0
DA:156,0
DA:157,0
DA:158,0
DA:164,9
DA:165,5
DA:166,5
DA:170,9
DA:171,4
DA:172,0
DA:173,0
DA:175,0
DA:178,9
DA:179,5
DA:180,5
DA:184,40
DA:185,40
DA:188,1
DA:189,18
DA:190,18
DA:192,18
DA:195,18
DA:196,12
DA:199,18
DA:200,18
DA:201,23
DA:202,23
DA:206,21
DA:209,2
DA:213,18
DA:218,0
DA:220,0
DA:221,0
DA:222,0
DA:223,0
DA:224,0
DA:225,0
DA:229,0
DA:231,0
DA:232,0
DA:233,0
DA:234,0
DA:236,0
DA:238,0
DA:239,0
DA:241,0
DA:245,0
DA:247,0
DA:248,0
DA:253,0
DA:254,0
DA:257,0
DA:259,0
DA:260,0
DA:261,0
DA:265,0
DA:268,0
DA:274,18
DA:275,2
DA:276,2
DA:277,2
DA:279,0
DA:283,0
DA:284,0
DA:286,0
DA:290,0
DA:291,0
DA:293,0
DA:297,0
DA:300,2
DA:304,18
DA:306,0
DA:307,0
DA:311,1
DA:314,20
DA:316,0
DA:319,20
DA:321,20
DA:322,20
DA:324,20
DA:325,20
DA:327,0
DA:328,0
DA:331,20
DA:332,18
DA:333,18
DA:334,18
DA:345,20
DA:348,20
DA:354,16
DA:357,4
DA:360,1
DA:361,388
DA:362,388
DA:363,388
DA:364,388
DA:365,388
DA:367,388
DA:368,6
DA:371,388
DA:372,40
DA:374,388
DA:375,40
DA:376,12
DA:377,12
DA:382,12
DA:384,28
DA:385,0
DA:391,28
DA:393,40
DA:394,40
DA:395,5
DA:397,40
DA:398,4
DA:400,40
DA:401,0
DA:405,40
DA:407,0
DA:408,0
DA:411,348
DA:412,348
DA:413,6
DA:416,388
DA:418,0
DA:419,0
DA:423,1
DA:424,11
DA:425,11
DA:429,1
DA:431,10
DA:432,10
DA:435,11
DA:438,388
DA:445,1
DA:446,388
DA:447,388
DA:448,388
DA:449,388
DA:450,40
DA:451,11
DA:452,11
DA:454,29
DA:455,29
DA:457,0
DA:458,0
DA:459,0
DA:463,348
DA:466,388
DA:480,370
DA:486,388
DA:489,0
DA:491,0
DA:492,0
DA:496,1
DA:497,0
DA:498,0
DA:503,0
DA:511,0
DA:514,0
DA:515,0
DA:517,0
DA:522,0
DA:525,0
DA:528,1
DA:529,388
DA:530,388
DA:531,388
DA:533,388
DA:534,359
DA:538,388
DA:542,388
DA:543,388
DA:544,388
DA:551,41
DA:561,41
DA:563,3
DA:566,3
DA:567,3
DA:568,0
DA:570,3
DA:571,3
DA:572,3
DA:573,0
DA:574,0
DA:576,3
DA:577,3
DA:578,0
DA:582,0
DA:586,350
DA:588,38
DA:589,38
DA:594,1
DA:595,402
DA:596,14
DA:606,388
DA:607,388
DA:608,388
DA:611,388
DA:616,388
DA:624,1
LF:274
LH:180
BRDA:27,0,0,11
BRDA:27,0,1,0
BRDA:27,1,0,11
BRDA:27,1,1,11
BRDA:27,1,2,11
BRDA:30,2,0,11
BRDA:30,2,1,0
BRDA:30,3,0,11
BRDA:30,3,1,11
BRDA:42,4,0,388
BRDA:42,4,1,0
BRDA:42,5,0,388
BRDA:42,5,1,388
BRDA:45,6,0,40
BRDA:45,6,1,348
BRDA:46,7,0,11
BRDA:46,7,1,29
BRDA:46,8,0,40
BRDA:46,8,1,40
BRDA:47,9,0,11
BRDA:47,9,1,0
BRDA:47,10,0,11
BRDA:47,10,1,5
BRDA:49,11,0,0
BRDA:49,11,1,11
BRDA:49,12,0,11
BRDA:49,12,1,11
BRDA:52,13,0,0
BRDA:52,13,1,29
BRDA:52,14,0,29
BRDA:52,14,1,29
BRDA:55,15,0,67
BRDA:55,15,1,281
BRDA:55,16,0,348
BRDA:55,16,1,348
BRDA:71,17,0,0
BRDA:71,17,1,40
BRDA:74,18,0,0
BRDA:74,18,1,0
BRDA:80,19,0,0
BRDA:80,19,1,0
BRDA:96,20,0,9
BRDA:96,20,1,31
BRDA:96,21,0,40
BRDA:96,21,1,40
BRDA:96,21,2,40
BRDA:96,21,3,12
BRDA:119,22,0,9
BRDA:119,22,1,0
BRDA:121,23,0,4
BRDA:121,23,1,5
BRDA:126,24,0,5
BRDA:126,24,1,4
BRDA:129,25,0,5
BRDA:129,25,1,0
BRDA:135,26,0,0
BRDA:135,26,1,9
BRDA:138,27,0,0
BRDA:138,27,1,0
BRDA:146,28,0,0
BRDA:146,28,1,0
BRDA:157,29,0,0
BRDA:157,29,1,0
BRDA:164,30,0,5
BRDA:164,30,1,4
BRDA:164,31,0,9
BRDA:164,31,1,9
BRDA:170,32,0,4
BRDA:170,32,1,5
BRDA:170,33,0,9
BRDA:170,33,1,9
BRDA:172,34,0,0
BRDA:172,34,1,0
BRDA:178,35,0,5
BRDA:178,35,1,4
BRDA:178,36,0,9
BRDA:178,36,1,9
BRDA:184,37,0,40
BRDA:184,37,1,0
BRDA:184,38,0,40
BRDA:184,38,1,40
BRDA:192,39,0,0
BRDA:192,39,1,18
BRDA:195,40,0,12
BRDA:195,40,1,6
BRDA:195,41,0,18
BRDA:195,41,1,18
BRDA:196,42,0,0
BRDA:196,42,1,12
BRDA:199,43,0,18
BRDA:199,43,1,0
BRDA:202,44,0,21
BRDA:202,44,1,2
BRDA:203,45,0,23
BRDA:203,45,1,21
BRDA:213,46,0,0
BRDA:213,46,1,18
BRDA:214,47,0,18
BRDA:214,47,1,2
BRDA:214,47,2,0
BRDA:223,48,0,0
BRDA:223,48,1,0
BRDA:229,49,0,0
BRDA:229,49,1,0
BRDA:233,50,0,0
BRDA:233,50,1,0
BRDA:238,51,0,0
BRDA:238,51,1,0
BRDA:248,52,0,0
BRDA:248,52,1,0
BRDA:249,53,0,0
BRDA:249,53,1,0
BRDA:257,54,0,0
BRDA:257,54,1,0
BRDA:261,55,0,0
BRDA:261,55,1,0
BRDA:262,56,0,0
BRDA:262,56,1,0
BRDA:274,57,0,2
BRDA:274,57,1,16
BRDA:277,58,0,2
BRDA:277,58,1,0
BRDA:277,59,0,2
BRDA:277,59,1,2
BRDA:279,60,0,0
BRDA:279,60,1,0
BRDA:280,61,0,0
BRDA:280,61,1,0
BRDA:283,62,0,0
BRDA:283,62,1,0
BRDA:286,63,0,0
BRDA:286,63,1,0
BRDA:287,64,0,0
BRDA:287,64,1,0
BRDA:290,65,0,0
BRDA:290,65,1,0
BRDA:293,66,0,0
BRDA:293,66,1,0
BRDA:294,67,0,0
BRDA:294,67,1,0
BRDA:314,68,0,0
BRDA:314,68,1,20
BRDA:331,69,0,18
BRDA:331,69,1,2
BRDA:331,70,0,20
BRDA:331,70,1,18
BRDA:340,71,0,12
BRDA:340,71,1,6
BRDA:340,72,0,18
BRDA:340,72,1,12
BRDA:341,73,0,12
BRDA:341,73,1,6
BRDA:341,74,0,18
BRDA:341,74,1,12
BRDA:345,75,0,20
BRDA:345,75,1,2
BRDA:348,76,0,16
BRDA:348,76,1,4
BRDA:349,77,0,20
BRDA:349,77,1,20
BRDA:349,77,2,20
BRDA:349,77,3,16
BRDA:361,78,0,0
BRDA:361,78,1,388
BRDA:367,79,0,6
BRDA:367,79,1,382
BRDA:367,80,0,388
BRDA:367,80,1,388
BRDA:371,81,0,40
BRDA:371,81,1,348
BRDA:371,82,0,388
BRDA:371,82,1,73
BRDA:374,83,0,40
BRDA:374,83,1,348
BRDA:374,84,0,388
BRDA:374,84,1,73
BRDA:375,85,0,12
BRDA:375,85,1,28
BRDA:375,86,0,40
BRDA:375,86,1,40
BRDA:376,87,0,12
BRDA:376,87,1,0
BRDA:384,88,0,0
BRDA:384,88,1,28
BRDA:384,89,0,28
BRDA:384,89,1,28
BRDA:393,90,0,40
BRDA:393,90,1,0
BRDA:394,91,0,5
BRDA:394,91,1,35
BRDA:394,92,0,40
BRDA:394,92,1,12
BRDA:397,93,0,4
BRDA:397,93,1,36
BRDA:397,94,0,40
BRDA:397,94,1,21
BRDA:400,95,0,0
BRDA:400,95,1,40
BRDA:407,96,0,0
BRDA:407,96,1,0
BRDA:407,97,0,0
BRDA:407,97,1,0
BRDA:412,98,0,6
BRDA:412,98,1,342
BRDA:412,99,0,348
BRDA:412,99,1,348
BRDA:425,100,0,1
BRDA:425,100,1,10
BRDA:425,101,0,11
BRDA:425,101,1,11
BRDA:425,101,2,11
BRDA:438,102,0,388
BRDA:438,102,1,0
BRDA:448,103,0,388
BRDA:448,103,1,0
BRDA:448,104,0,388
BRDA:448,104,1,388
BRDA:449,105,0,40
BRDA:449,105,1,348
BRDA:449,106,0,388
BRDA:449,106,1,73
BRDA:450,107,0,11
BRDA:450,107,1,29
BRDA:450,108,0,40
BRDA:450,108,1,40
BRDA:455,109,0,0
BRDA:455,109,1,29
BRDA:455,110,0,29
BRDA:455,110,1,29
BRDA:455,110,2,29
BRDA:455,110,3,29
BRDA:466,111,0,370
BRDA:466,111,1,18
BRDA:467,112,0,388
BRDA:467,112,1,370
BRDA:468,113,0,388
BRDA:468,113,1,388
BRDA:468,113,2,359
BRDA:468,113,3,370
BRDA:468,113,4,341
BRDA:474,114,0,370
BRDA:474,114,1,10
BRDA:474,114,2,10
BRDA:474,114,3,10
BRDA:474,114,4,10
BRDA:511,115,0,0
BRDA:511,115,1,0
BRDA:511,116,0,0
BRDA:511,116,1,0
BRDA:514,117,0,0
BRDA:514,117,1,0
BRDA:514,118,0,0
BRDA:514,118,1,0
BRDA:514,118,2,0
BRDA:514,118,3,0
BRDA:514,118,4,0
BRDA:517,119,0,0
BRDA:517,119,1,0
BRDA:518,120,0,0
BRDA:518,120,1,0
BRDA:518,120,2,0
BRDA:529,121,0,0
BRDA:529,121,1,388
BRDA:533,122,0,359
BRDA:533,122,1,29
BRDA:538,123,0,388
BRDA:538,123,1,29
BRDA:538,123,2,29
BRDA:538,123,3,8
BRDA:544,124,0,41
BRDA:544,124,1,347
BRDA:545,125,0,388
BRDA:545,125,1,388
BRDA:545,125,2,388
BRDA:545,125,3,388
BRDA:545,125,4,194
BRDA:545,125,5,194
BRDA:545,125,6,5
BRDA:545,125,7,194
BRDA:563,126,0,0
BRDA:563,126,1,3
BRDA:563,127,0,3
BRDA:563,127,1,3
BRDA:567,128,0,0
BRDA:567,128,1,3
BRDA:567,129,0,3
BRDA:567,129,1,3
BRDA:567,129,2,3
BRDA:571,130,0,3
BRDA:571,130,1,0
BRDA:571,131,0,3
BRDA:571,131,1,3
BRDA:572,132,0,0
BRDA:572,132,1,3
BRDA:572,133,0,3
BRDA:572,133,1,3
BRDA:577,134,0,0
BRDA:577,134,1,3
BRDA:577,135,0,3
BRDA:577,135,1,3
BRDA:577,135,2,0
BRDA:595,136,0,14
BRDA:595,136,1,388
BRDA:595,137,0,402
BRDA:595,137,1,400
BRDA:607,138,0,388
BRDA:607,138,1,0
BRDA:607,139,0,388
BRDA:607,139,1,388
BRF:309
BRH:209
end_of_record
TN:
SF:src/controllers/search/modules/content-source-tokens.js
FN:7,(anonymous_0)
FNF:1
FNH:1
FNDA:16,(anonymous_0)
DA:1,1
DA:2,1
DA:3,1
DA:4,1
DA:5,1
DA:7,1
DA:8,16
DA:9,16
DA:11,16
DA:12,16
DA:13,16
DA:14,16
DA:16,16
DA:18,0
DA:21,0
DA:24,0
DA:27,0
DA:29,0
DA:32,0
DA:34,0
DA:37,0
DA:39,0
DA:42,0
DA:44,0
DA:47,0
DA:49,0
DA:52,0
DA:54,0
DA:57,0
DA:59,0
DA:62,0
DA:64,0
DA:67,0
DA:69,0
DA:72,0
DA:74,0
DA:77,0
DA:79,4
DA:82,2
DA:84,4
DA:87,2
DA:89,4
DA:92,2
DA:94,4
DA:97,2
DA:99,0
DA:102,8
DA:104,8
DA:105,8
DA:109,1
LF:50
LH:25
BRDA:16,0,0,0
BRDA:16,0,1,0
BRDA:16,0,2,0
BRDA:16,0,3,0
BRDA:16,0,4,0
BRDA:16,0,5,0
BRDA:16,0,6,0
BRDA:16,0,7,0
BRDA:16,0,8,0
BRDA:16,0,9,0
BRDA:16,0,10,0
BRDA:16,0,11,0
BRDA:16,0,12,0
BRDA:16,0,13,4
BRDA:16,0,14,4
BRDA:16,0,15,4
BRDA:16,0,16,4
BRDA:16,0,17,0
BRF:18
BRH:4
end_of_record
TN:
SF:src/controllers/search/modules/conversion.js
FN:4,(anonymous_0)
FN:13,(anonymous_1)
FN:33,(anonymous_2)
FN:35,(anonymous_3)
FN:36,(anonymous_4)
FN:39,(anonymous_5)
FN:42,(anonymous_6)
FN:60,(anonymous_7)
FN:61,(anonymous_8)
FN:65,(anonymous_9)
FN:66,(anonymous_10)
FN:75,(anonymous_11)
FN:78,(anonymous_12)
FN:90,(anonymous_13)
FN:92,(anonymous_14)
FN:93,(anonymous_15)
FN:109,(anonymous_16)
FN:110,(anonymous_17)
FN:119,(anonymous_18)
FN:122,(anonymous_19)
FNF:20
FNH:7
FNDA:21,(anonymous_0)
FNDA:11,(anonymous_1)
FNDA:0,(anonymous_2)
FNDA:0,(anonymous_3)
FNDA:0,(anonymous_4)
FNDA:0,(anonymous_5)
FNDA:0,(anonymous_6)
FNDA:0,(anonymous_7)
FNDA:0,(anonymous_8)
FNDA:0,(anonymous_9)
FNDA:0,(anonymous_10)
FNDA:0,(anonymous_11)
FNDA:0,(anonymous_12)
FNDA:12,(anonymous_13)
FNDA:10,(anonymous_14)
FNDA:10,(anonymous_15)
FNDA:0,(anonymous_16)
FNDA:0,(anonymous_17)
FNDA:1,(anonymous_18)
FNDA:2,(anonymous_19)
DA:2,1
DA:4,1
DA:5,21
DA:10,21
DA:13,1
DA:15,11
DA:33,1
DA:34,0
DA:35,0
DA:36,0
DA:37,0
DA:38,0
DA:39,0
DA:41,0
DA:42,0
DA:43,0
DA:44,0
DA:46,0
DA:60,0
DA:61,0
DA:62,0
DA:65,0
DA:66,0
DA:67,0
DA:68,0
DA:73,0
DA:74,0
DA:75,0
DA:76,0
DA:77,0
DA:78,0
DA:80,0
DA:81,0
DA:83,0
DA:87,0
DA:90,1
DA:91,12
DA:92,12
DA:93,10
DA:94,10
DA:109,12
DA:110,0
DA:111,0
DA:112,0
DA:116,12
DA:119,1
DA:120,1
DA:122,1
DA:123,2
DA:124,2
DA:130,2
DA:134,1
DA:135,1
DA:136,1
DA:137,1
DA:138,1
DA:139,1
DA:140,1
DA:141,1
DA:144,0
DA:145,0
DA:149,1
DA:150,1
DA:152,1
DA:155,1
LF:65
LH:32
BRDA:16,0,0,11
BRDA:16,0,1,0
BRDA:17,1,0,11
BRDA:17,1,1,0
BRDA:18,2,0,11
BRDA:18,2,1,0
BRDA:19,3,0,10
BRDA:19,3,1,1
BRDA:20,4,0,0
BRDA:20,4,1,11
BRDA:21,5,0,0
BRDA:21,5,1,11
BRDA:21,6,0,0
BRDA:21,6,1,0
BRDA:22,7,0,10
BRDA:22,7,1,1
BRDA:22,8,0,10
BRDA:22,8,1,0
BRDA:23,9,0,10
BRDA:23,9,1,1
BRDA:23,10,0,10
BRDA:23,10,1,0
BRDA:24,11,0,10
BRDA:24,11,1,1
BRDA:24,12,0,10
BRDA:24,12,1,0
BRDA:25,13,0,0
BRDA:25,13,1,11
BRDA:26,14,0,0
BRDA:26,14,1,11
BRDA:26,15,0,0
BRDA:26,15,1,0
BRDA:27,16,0,0
BRDA:27,16,1,11
BRDA:27,17,0,0
BRDA:27,17,1,0
BRDA:38,18,0,0
BRDA:38,18,1,0
BRDA:38,19,0,0
BRDA:38,19,1,0
BRDA:41,20,0,0
BRDA:41,20,1,0
BRDA:41,21,0,0
BRDA:41,21,1,0
BRDA:42,22,0,0
BRDA:42,22,1,0
BRDA:43,23,0,0
BRDA:43,23,1,0
BRDA:61,24,0,0
BRDA:61,24,1,0
BRDA:61,25,0,0
BRDA:61,25,1,0
BRDA:67,26,0,0
BRDA:67,26,1,0
BRDA:73,27,0,0
BRDA:73,27,1,0
BRDA:73,28,0,0
BRDA:73,28,1,0
BRDA:77,29,0,0
BRDA:77,29,1,0
BRDA:77,30,0,0
BRDA:77,30,1,0
BRDA:80,31,0,0
BRDA:80,31,1,0
BRDA:111,32,0,0
BRDA:111,32,1,0
BRDA:126,33,0,2
BRDA:126,33,1,0
BRDA:127,34,0,2
BRDA:127,34,1,0
BRDA:137,35,0,1
BRDA:137,35,1,0
BRDA:140,36,0,1
BRDA:140,36,1,0
BRDA:140,37,0,1
BRDA:140,37,1,0
BRF:76
BRH:24
end_of_record
TN:
SF:src/controllers/search/modules/exclude-suggestions.js
FN:3,(anonymous_0)
FN:14,(anonymous_1)
FN:15,(anonymous_2)
FN:25,(anonymous_3)
FN:31,(anonymous_4)
FNF:5
FNH:3
FNDA:4,(anonymous_0)
FNDA:12,(anonymous_1)
FNDA:6,(anonymous_2)
FNDA:0,(anonymous_3)
FNDA:0,(anonymous_4)
DA:1,1
DA:3,1
DA:4,4
DA:5,4
DA:13,4
DA:14,12
DA:15,6
DA:18,0
DA:20,0
DA:21,0
DA:25,1
DA:30,0
DA:31,0
DA:32,0
DA:33,0
DA:39,0
DA:40,0
DA:43,0
DA:45,0
DA:46,0
DA:50,1
LF:21
LH:9
BRDA:5,0,0,4
BRDA:5,0,1,0
BRDA:6,1,0,4
BRDA:6,1,1,4
BRDA:6,1,2,4
BRDA:6,1,3,4
BRDA:6,1,4,4
BRDA:6,1,5,4
BRDA:15,2,0,6
BRDA:15,2,1,6
BRDA:31,3,0,0
BRDA:31,3,1,0
BRDA:33,4,0,0
BRDA:33,4,1,0
BRDA:34,5,0,0
BRDA:34,5,1,0
BRDA:34,5,2,0
BRDA:34,5,3,0
BRF:18
BRH:9
end_of_record
TN:
SF:src/controllers/search/modules/index.js
FNF:0
FNH:0
DA:1,1
DA:2,1
DA:3,1
DA:4,1
DA:5,1
DA:6,1
DA:7,1
DA:8,1
DA:9,1
DA:10,1
DA:12,1
LF:11
LH:11
BRF:0
BRH:0
end_of_record
TN:
SF:src/controllers/search/modules/knowledge-graph.js
FN:5,(anonymous_0)
FN:14,(anonymous_1)
FN:16,(anonymous_2)
FN:17,(anonymous_3)
FN:18,(anonymous_4)
FN:36,(anonymous_5)
FNF:6
FNH:0
FNDA:0,(anonymous_0)
FNDA:0,(anonymous_1)
FNDA:0,(anonymous_2)
FNDA:0,(anonymous_3)
FNDA:0,(anonymous_4)
FNDA:0,(anonymous_5)
DA:3,1
DA:5,1
DA:12,0
DA:14,0
DA:15,0
DA:16,0
DA:17,0
DA:18,0
DA:19,0
DA:22,0
DA:27,0
DA:33,0
DA:36,1
DA:42,0
DA:43,0
DA:44,0
DA:45,0
DA:46,0
DA:51,0
DA:54,0
DA:59,0
DA:65,0
DA:66,0
DA:71,0
DA:76,0
DA:86,0
DA:89,1
LF:27
LH:4
BRDA:54,0,0,0
BRDA:54,0,1,0
BRDA:55,1,0,0
BRDA:55,1,1,0
BRDA:55,1,2,0
BRDA:65,2,0,0
BRDA:65,2,1,0
BRDA:71,3,0,0
BRDA:71,3,1,0
BRDA:72,4,0,0
BRDA:72,4,1,0
BRDA:72,4,2,0
BRF:12
BRH:0
end_of_record
TN:
SF:src/controllers/search/modules/learning.js
FN:7,(anonymous_0)
FN:11,(anonymous_1)
FN:11,(anonymous_2)
FN:15,(anonymous_3)
FN:16,(anonymous_4)
FN:18,(anonymous_5)
FNF:6
FNH:0
FNDA:0,(anonymous_0)
FNDA:0,(anonymous_1)
FNDA:0,(anonymous_2)
FNDA:0,(anonymous_3)
FNDA:0,(anonymous_4)
FNDA:0,(anonymous_5)
DA:2,1
DA:4,1
DA:5,1
DA:7,1
DA:8,0
DA:9,0
DA:10,0
DA:11,0
DA:12,0
DA:14,0
DA:15,0
DA:16,0
DA:17,0
DA:18,0
DA:19,0
DA:20,0
DA:27,0
DA:29,0
DA:30,0
DA:34,1
LF:20
LH:5
BRDA:10,0,0,0
BRDA:10,0,1,0
BRDA:10,1,0,0
BRDA:10,1,1,0
BRDA:11,2,0,0
BRDA:11,2,1,0
BRDA:14,3,0,0
BRDA:14,3,1,0
BRDA:14,4,0,0
BRDA:14,4,1,0
BRDA:14,4,2,0
BRDA:14,4,3,0
BRDA:17,5,0,0
BRDA:17,5,1,0
BRDA:17,6,0,0
BRDA:17,6,1,0
BRDA:18,7,0,0
BRDA:18,7,1,0
BRDA:19,8,0,0
BRDA:19,8,1,0
BRF:20
BRH:0
end_of_record
TN:
SF:src/controllers/search/modules/permission.js
FN:5,(anonymous_0)
FN:14,(anonymous_1)
FN:23,(anonymous_2)
FN:32,(anonymous_3)
FN:41,(anonymous_4)
FN:50,(anonymous_5)
FN:59,(anonymous_6)
FN:71,(anonymous_7)
FN:80,(anonymous_8)
FN:89,(anonymous_9)
FN:98,(anonymous_10)
FN:107,(anonymous_11)
FN:116,(anonymous_12)
FN:125,(anonymous_13)
FN:134,(anonymous_14)
FN:143,(anonymous_15)
FN:152,(anonymous_16)
FN:161,(anonymous_17)
FN:171,(anonymous_18)
FN:179,(anonymous_19)
FN:187,(anonymous_20)
FN:209,(anonymous_21)
FNF:22
FNH:22
FNDA:402,(anonymous_0)
FNDA:402,(anonymous_1)
FNDA:402,(anonymous_2)
FNDA:402,(anonymous_3)
FNDA:402,(anonymous_4)
FNDA:402,(anonymous_5)
FNDA:402,(anonymous_6)
FNDA:402,(anonymous_7)
FNDA:402,(anonymous_8)
FNDA:402,(anonymous_9)
FNDA:402,(anonymous_10)
FNDA:402,(anonymous_11)
FNDA:402,(anonymous_12)
FNDA:402,(anonymous_13)
FNDA:402,(anonymous_14)
FNDA:402,(anonymous_15)
FNDA:402,(anonymous_16)
FNDA:402,(anonymous_17)
FNDA:402,(anonymous_18)
FNDA:402,(anonymous_19)
FNDA:402,(anonymous_20)
FNDA:402,(anonymous_21)
DA:1,1
DA:5,1
DA:6,402
DA:11,402
DA:14,1
DA:15,402
DA:20,402
DA:23,1
DA:24,402
DA:29,402
DA:32,1
DA:33,402
DA:38,402
DA:41,1
DA:42,402
DA:47,402
DA:50,1
DA:51,402
DA:56,402
DA:59,1
DA:60,402
DA:68,402
DA:71,1
DA:72,402
DA:77,402
DA:80,1
DA:81,402
DA:86,402
DA:89,1
DA:90,402
DA:95,402
DA:98,1
DA:99,402
DA:104,402
DA:107,1
DA:108,402
DA:113,402
DA:116,1
DA:117,402
DA:122,402
DA:125,1
DA:126,402
DA:131,402
DA:134,1
DA:135,402
DA:140,402
DA:143,1
DA:144,402
DA:149,402
DA:152,1
DA:153,402
DA:158,402
DA:161,1
DA:162,402
DA:167,402
DA:171,1
DA:172,402
DA:177,402
DA:179,1
DA:180,402
DA:187,1
DA:188,402
DA:230,402
DA:254,1
LF:64
LH:64
BRDA:182,0,0,23
BRDA:182,0,1,379
BRDA:182,1,0,402
BRDA:182,1,1,23
BRF:4
BRH:4
end_of_record
TN:
SF:src/controllers/search/modules/preview.js
FN:10,(anonymous_0)
FN:40,(anonymous_1)
FN:48,(anonymous_2)
FN:80,(anonymous_3)
FN:104,(anonymous_4)
FN:110,(anonymous_5)
FN:111,(anonymous_6)
FN:124,(anonymous_7)
FN:125,(anonymous_8)
FN:126,(anonymous_9)
FN:132,(anonymous_10)
FN:133,(anonymous_11)
FN:157,(anonymous_12)
FN:170,(anonymous_13)
FN:188,(anonymous_14)
FN:204,(anonymous_15)
FN:219,(anonymous_16)
FN:225,(anonymous_17)
FNF:18
FNH:18
FNDA:7,(anonymous_0)
FNDA:5,(anonymous_1)
FNDA:7,(anonymous_2)
FNDA:4,(anonymous_3)
FNDA:4,(anonymous_4)
FNDA:4,(anonymous_5)
FNDA:6,(anonymous_6)
FNDA:8,(anonymous_7)
FNDA:4,(anonymous_8)
FNDA:4,(anonymous_9)
FNDA:4,(anonymous_10)
FNDA:16,(anonymous_11)
FNDA:6,(anonymous_12)
FNDA:5,(anonymous_13)
FNDA:1,(anonymous_14)
FNDA:6,(anonymous_15)
FNDA:6,(anonymous_16)
FNDA:10,(anonymous_17)
DA:1,1
DA:2,1
DA:3,1
DA:4,1
DA:5,1
DA:6,1
DA:7,1
DA:8,1
DA:10,1
DA:11,7
DA:12,7
DA:13,7
DA:14,7
DA:24,7
DA:29,7
DA:30,1
DA:32,6
DA:33,6
DA:35,3
DA:36,3
DA:40,1
DA:41,5
DA:42,5
DA:43,0
DA:45,5
DA:48,1
DA:49,7
DA:50,7
DA:51,7
DA:52,7
DA:53,7
DA:54,7
DA:55,7
DA:56,7
DA:57,7
DA:58,7
DA:59,7
DA:66,7
DA:70,7
DA:71,7
DA:72,7
DA:75,0
DA:76,0
DA:80,1
DA:81,4
DA:82,4
DA:83,4
DA:84,4
DA:85,4
DA:93,4
DA:94,0
DA:96,4
DA:97,4
DA:99,0
DA:100,0
DA:104,1
DA:105,4
DA:106,4
DA:107,4
DA:108,4
DA:110,4
DA:111,6
DA:123,4
DA:124,8
DA:126,4
DA:127,4
DA:133,4
DA:134,16
DA:135,4
DA:136,12
DA:137,8
DA:139,4
DA:145,4
DA:146,4
DA:147,1
DA:149,3
DA:150,3
DA:152,1
DA:153,1
DA:157,1
DA:158,6
DA:159,6
DA:160,6
DA:161,4
DA:163,4
DA:167,2
DA:168,2
DA:170,5
DA:182,2
DA:183,1
DA:184,1
DA:185,0
DA:187,1
DA:189,1
DA:190,1
DA:196,1
DA:197,1
DA:199,2
DA:200,2
DA:204,1
DA:205,6
DA:206,6
DA:208,6
DA:209,6
DA:214,1
DA:215,1
DA:218,4
DA:219,3
DA:220,6
DA:222,6
DA:224,3
DA:225,10
DA:227,3
DA:230,1
DA:233,4
DA:234,4
DA:236,2
DA:237,2
DA:241,1
LF:119
LH:112
BRDA:29,0,0,1
BRDA:29,0,1,6
BRDA:42,1,0,0
BRDA:42,1,1,5
BRDA:42,2,0,5
BRDA:42,2,1,5
BRDA:54,3,0,7
BRDA:54,3,1,7
BRDA:54,3,2,7
BRDA:57,4,0,0
BRDA:57,4,1,7
BRDA:58,5,0,0
BRDA:58,5,1,7
BRDA:72,6,0,7
BRDA:72,6,1,6
BRDA:93,7,0,0
BRDA:93,7,1,4
BRDA:116,8,0,4
BRDA:116,8,1,2
BRDA:116,9,0,6
BRDA:116,9,1,3
BRDA:127,10,0,4
BRDA:127,10,1,4
BRDA:127,10,2,2
BRDA:127,10,3,1
BRDA:134,11,0,4
BRDA:134,11,1,12
BRDA:136,12,0,8
BRDA:136,12,1,4
BRDA:146,13,0,1
BRDA:146,13,1,3
BRDA:163,14,0,2
BRDA:163,14,1,2
BRDA:164,15,0,4
BRDA:164,15,1,3
BRDA:164,15,2,1
BRDA:169,16,0,1
BRDA:169,16,1,1
BRDA:182,17,0,1
BRDA:182,17,1,1
BRDA:184,18,0,0
BRDA:184,18,1,1
BRDA:190,19,0,1
BRDA:190,19,1,0
BRDA:190,19,2,1
BRDA:191,20,0,1
BRDA:191,20,1,0
BRDA:209,21,0,1
BRDA:209,21,1,4
BRDA:209,21,2,1
BRDA:210,22,0,3
BRDA:210,22,1,3
BRDA:210,23,0,6
BRDA:210,23,1,4
BRDA:220,24,0,1
BRDA:220,24,1,5
BRF:56
BRH:49
end_of_record
TN:
SF:src/controllers/search/modules/search-suggestion.js
FN:13,(anonymous_0)
FN:24,(anonymous_1)
FN:60,listen
FN:62,(anonymous_3)
FN:64,(anonymous_4)
FN:72,(anonymous_5)
FNF:6
FNH:0
FNDA:0,(anonymous_0)
FNDA:0,(anonymous_1)
FNDA:0,listen
FNDA:0,(anonymous_3)
FNDA:0,(anonymous_4)
FNDA:0,(anonymous_5)
DA:1,1
DA:2,1
DA:3,1
DA:4,1
DA:5,1
DA:7,1
DA:8,1
DA:10,1
DA:11,1
DA:13,1
DA:14,0
DA:15,0
DA:16,0
DA:18,0
DA:24,1
DA:25,0
DA:26,0
DA:27,0
DA:36,0
DA:37,0
DA:41,0
DA:42,0
DA:43,0
DA:47,0
DA:55,0
DA:56,0
DA:61,0
DA:62,0
DA:63,0
DA:64,0
DA:65,0
DA:69,0
DA:72,1
DA:73,0
DA:74,0
DA:76,0
DA:77,0
DA:79,0
DA:81,0
DA:85,1
LF:40
LH:13
BRDA:41,0,0,0
BRDA:41,0,1,0
BRF:2
BRH:0
end_of_record
TN:
SF:src/dto/Response.js
FN:1,Response
FNF:1
FNH:0
FNDA:0,Response
DA:2,0
DA:3,0
DA:4,0
DA:5,0
DA:8,1
LF:5
LH:1
BRDA:1,0,0,0
BRDA:1,1,0,0
BRF:2
BRH:0
end_of_record
TN:
SF:src/middlewares/api-consumption-publish.js
FN:5,(anonymous_0)
FNF:1
FNH:0
FNDA:0,(anonymous_0)
DA:1,1
DA:2,1
DA:5,1
DA:6,0
DA:7,0
DA:8,0
DA:9,0
DA:10,0
DA:12,0
DA:14,0
DA:17,1
LF:11
LH:4
BRF:0
BRH:0
end_of_record
TN:
SF:src/middlewares/api-consumption.js
FN:4,(anonymous_0)
FNF:1
FNH:1
FNDA:359,(anonymous_0)
DA:1,1
DA:2,1
DA:4,1
DA:5,359
DA:6,359
DA:7,359
DA:9,0
DA:11,359
DA:15,1
LF:9
LH:8
BRF:0
BRH:0
end_of_record
TN:
SF:src/middlewares/exception-handler.js
FN:7,(anonymous_0)
FNF:1
FNH:1
FNDA:2,(anonymous_0)
DA:1,1
DA:2,1
DA:3,1
DA:7,1
DA:8,2
DA:9,2
DA:10,2
DA:11,2
DA:12,2
DA:20,2
DA:23,0
DA:24,0
DA:27,0
LF:13
LH:10
BRDA:8,0,0,2
BRDA:8,0,1,2
BRDA:10,1,0,2
BRDA:10,1,1,0
BRDA:23,2,0,0
BRDA:23,2,1,0
BRDA:23,3,0,0
BRDA:23,3,1,0
BRDA:28,4,0,0
BRDA:28,4,1,0
BRDA:28,5,0,0
BRDA:28,5,1,0
BRF:12
BRH:3
end_of_record
TN:
SF:src/middlewares/route-layer.js
FN:62,(anonymous_0)
FN:86,(anonymous_1)
FN:89,(anonymous_2)
FN:105,(anonymous_3)
FN:131,(anonymous_4)
FN:143,(anonymous_5)
FN:188,(anonymous_6)
FN:231,(anonymous_7)
FN:253,(anonymous_8)
FN:272,(anonymous_9)
FN:275,(anonymous_10)
FN:281,(anonymous_11)
FN:308,(anonymous_12)
FN:311,(anonymous_13)
FN:317,(anonymous_14)
FN:344,(anonymous_15)
FN:347,(anonymous_16)
FN:353,(anonymous_17)
FN:380,(anonymous_18)
FN:401,(anonymous_19)
FN:415,(anonymous_20)
FN:429,(anonymous_21)
FN:437,(anonymous_22)
FN:450,(anonymous_23)
FN:454,(anonymous_24)
FN:461,(anonymous_25)
FN:475,(anonymous_26)
FN:483,(anonymous_27)
FN:496,(anonymous_28)
FN:500,(anonymous_29)
FN:507,(anonymous_30)
FN:521,(anonymous_31)
FN:529,(anonymous_32)
FN:542,(anonymous_33)
FN:546,(anonymous_34)
FN:553,(anonymous_35)
FN:571,(anonymous_36)
FN:573,(anonymous_37)
FN:595,(anonymous_38)
FNF:39
FNH:10
FNDA:4,(anonymous_0)
FNDA:3,(anonymous_1)
FNDA:15,(anonymous_2)
FNDA:3,(anonymous_3)
FNDA:0,(anonymous_4)
FNDA:3,(anonymous_5)
FNDA:0,(anonymous_6)
FNDA:3,(anonymous_7)
FNDA:0,(anonymous_8)
FNDA:0,(anonymous_9)
FNDA:0,(anonymous_10)
FNDA:0,(anonymous_11)
FNDA:0,(anonymous_12)
FNDA:0,(anonymous_13)
FNDA:0,(anonymous_14)
FNDA:0,(anonymous_15)
FNDA:0,(anonymous_16)
FNDA:0,(anonymous_17)
FNDA:0,(anonymous_18)
FNDA:0,(anonymous_19)
FNDA:0,(anonymous_20)
FNDA:0,(anonymous_21)
FNDA:0,(anonymous_22)
FNDA:0,(anonymous_23)
FNDA:0,(anonymous_24)
FNDA:0,(anonymous_25)
FNDA:0,(anonymous_26)
FNDA:0,(anonymous_27)
FNDA:0,(anonymous_28)
FNDA:0,(anonymous_29)
FNDA:0,(anonymous_30)
FNDA:0,(anonymous_31)
FNDA:0,(anonymous_32)
FNDA:0,(anonymous_33)
FNDA:0,(anonymous_34)
FNDA:4,(anonymous_35)
FNDA:2,(anonymous_36)
FNDA:2,(anonymous_37)
FNDA:3,(anonymous_38)
DA:7,1
DA:8,1
DA:9,1
DA:10,1
DA:11,1
DA:12,1
DA:13,1
DA:14,1
DA:16,1
DA:17,1
DA:18,1
DA:19,1
DA:21,1
DA:22,1
DA:24,1
DA:26,1
DA:30,1
DA:37,1
DA:48,1
DA:58,1
DA:62,1
DA:63,4
DA:64,4
DA:65,4
DA:66,3
DA:68,1
DA:69,1
DA:74,3
DA:75,3
DA:76,3
DA:77,6
DA:78,6
DA:79,0
DA:80,0
DA:83,3
DA:86,1
DA:87,3
DA:89,15
DA:90,3
DA:91,0
DA:92,0
DA:94,0
DA:99,0
DA:101,3
DA:102,3
DA:105,1
DA:106,3
DA:107,3
DA:108,3
DA:109,27
DA:110,0
DA:111,0
DA:115,3
DA:116,0
DA:117,0
DA:118,0
DA:124,0
DA:125,0
DA:126,0
DA:127,0
DA:128,3
DA:131,1
DA:132,0
DA:133,0
DA:134,0
DA:136,0
DA:137,0
DA:138,0
DA:140,0
DA:143,1
DA:144,3
DA:145,3
DA:148,3
DA:149,21
DA:150,0
DA:151,0
DA:155,3
DA:156,0
DA:157,0
DA:163,0
DA:164,0
DA:165,0
DA:171,0
DA:172,0
DA:173,0
DA:174,0
DA:175,0
DA:176,0
DA:178,0
DA:179,0
DA:180,0
DA:181,0
DA:183,0
DA:184,0
DA:185,0
DA:186,0
DA:188,0
DA:189,0
DA:190,0
DA:194,0
DA:195,0
DA:196,0
DA:200,0
DA:201,0
DA:202,0
DA:203,0
DA:204,0
DA:205,0
DA:206,0
DA:207,0
DA:208,0
DA:209,0
DA:210,0
DA:211,0
DA:216,0
DA:218,0
DA:219,0
DA:222,0
DA:223,0
DA:224,0
DA:227,0
DA:228,3
DA:231,1
DA:232,3
DA:233,3
DA:234,3
DA:235,21
DA:236,0
DA:237,0
DA:240,3
DA:246,0
DA:247,0
DA:250,0
DA:254,0
DA:255,0
DA:257,0
DA:258,0
DA:259,0
DA:260,0
DA:261,0
DA:262,0
DA:263,0
DA:264,0
DA:265,0
DA:270,3
DA:271,0
DA:272,0
DA:273,0
DA:274,0
DA:275,0
DA:276,0
DA:277,0
DA:278,0
DA:282,0
DA:283,0
DA:285,0
DA:286,0
DA:287,0
DA:288,0
DA:293,0
DA:297,0
DA:300,0
DA:301,0
DA:302,0
DA:306,3
DA:307,0
DA:308,0
DA:309,0
DA:310,0
DA:311,0
DA:312,0
DA:313,0
DA:314,0
DA:318,0
DA:319,0
DA:321,0
DA:322,0
DA:323,0
DA:324,0
DA:329,0
DA:333,0
DA:336,0
DA:337,0
DA:338,0
DA:342,3
DA:343,0
DA:344,0
DA:345,0
DA:346,0
DA:347,0
DA:348,0
DA:349,0
DA:350,0
DA:354,0
DA:355,0
DA:357,0
DA:358,0
DA:359,0
DA:360,0
DA:365,0
DA:369,0
DA:372,0
DA:373,0
DA:374,0
DA:378,3
DA:379,0
DA:380,0
DA:381,0
DA:382,0
DA:384,0
DA:385,0
DA:389,3
DA:390,0
DA:394,0
DA:401,0
DA:402,0
DA:403,0
DA:406,0
DA:407,0
DA:411,3
DA:415,1
DA:416,0
DA:429,0
DA:430,0
DA:432,0
DA:437,1
DA:438,0
DA:450,0
DA:451,0
DA:453,0
DA:454,0
DA:455,0
DA:461,1
DA:462,0
DA:475,0
DA:476,0
DA:478,0
DA:483,1
DA:484,0
DA:496,0
DA:497,0
DA:499,0
DA:500,0
DA:501,0
DA:507,1
DA:508,0
DA:521,0
DA:522,0
DA:524,0
DA:529,1
DA:530,0
DA:542,0
DA:543,0
DA:545,0
DA:546,0
DA:547,0
DA:553,1
DA:554,4
DA:555,4
DA:556,4
DA:561,0
DA:562,0
DA:564,4
DA:565,4
DA:566,4
DA:567,4
DA:568,4
DA:569,4
DA:570,4
DA:571,2
DA:572,2
DA:573,2
DA:574,2
DA:577,2
DA:578,2
DA:579,2
DA:581,2
DA:582,2
DA:584,2
DA:585,2
DA:587,0
DA:588,0
DA:590,0
DA:591,0
DA:595,1
DA:596,3
DA:597,3
DA:598,3
DA:599,3
DA:600,3
DA:601,3
DA:602,0
DA:603,0
DA:604,0
DA:606,0
DA:610,3
DA:611,3
DA:615,1
DA:616,1
DA:617,1
DA:618,1
DA:619,1
DA:620,1
DA:622,1
LF:304
LH:110
BRDA:22,0,0,1
BRDA:22,0,1,0
BRDA:65,1,0,3
BRDA:65,1,1,1
BRDA:78,2,0,0
BRDA:78,2,1,6
BRDA:90,3,0,0
BRDA:90,3,1,3
BRDA:91,4,0,0
BRDA:91,4,1,0
BRDA:101,5,0,0
BRDA:101,5,1,3
BRDA:109,6,0,0
BRDA:109,6,1,27
BRDA:115,7,0,0
BRDA:115,7,1,3
BRDA:115,8,0,3
BRDA:115,8,1,0
BRDA:124,9,0,0
BRDA:124,9,1,0
BRDA:149,10,0,0
BRDA:149,10,1,21
BRDA:155,11,0,0
BRDA:155,11,1,3
BRDA:155,12,0,3
BRDA:155,12,1,0
BRDA:155,12,2,0
BRDA:171,13,0,0
BRDA:171,13,1,0
BRDA:178,14,0,0
BRDA:178,14,1,0
BRDA:178,15,0,0
BRDA:178,15,1,0
BRDA:200,16,0,0
BRDA:200,16,1,0
BRDA:201,17,0,0
BRDA:201,17,1,0
BRDA:202,18,0,0
BRDA:202,18,1,0
BRDA:203,19,0,0
BRDA:203,19,1,0
BRDA:204,20,0,0
BRDA:204,20,1,0
BRDA:205,21,0,0
BRDA:205,21,1,0
BRDA:206,22,0,0
BRDA:206,22,1,0
BRDA:207,23,0,0
BRDA:207,23,1,0
BRDA:207,24,0,0
BRDA:207,24,1,0
BRDA:208,25,0,0
BRDA:208,25,1,0
BRDA:210,26,0,0
BRDA:210,26,1,0
BRDA:235,27,0,0
BRDA:235,27,1,21
BRDA:240,28,0,0
BRDA:240,28,1,3
BRDA:241,29,0,3
BRDA:241,29,1,0
BRDA:241,29,2,0
BRDA:241,29,3,0
BRDA:246,30,0,0
BRDA:246,30,1,0
BRDA:246,31,0,0
BRDA:246,31,1,0
BRDA:254,32,0,0
BRDA:254,32,1,0
BRDA:261,33,0,0
BRDA:261,33,1,0
BRDA:262,34,0,0
BRDA:262,34,1,0
BRDA:270,35,0,0
BRDA:270,35,1,3
BRDA:270,36,0,3
BRDA:270,36,1,0
BRDA:270,36,2,0
BRDA:273,37,0,0
BRDA:273,37,1,0
BRDA:274,38,0,0
BRDA:274,38,1,0
BRDA:277,39,0,0
BRDA:277,39,1,0
BRDA:277,40,0,0
BRDA:277,40,1,0
BRDA:277,40,2,0
BRDA:282,41,0,0
BRDA:282,41,1,0
BRDA:306,42,0,0
BRDA:306,42,1,3
BRDA:306,43,0,3
BRDA:306,43,1,0
BRDA:306,43,2,0
BRDA:309,44,0,0
BRDA:309,44,1,0
BRDA:310,45,0,0
BRDA:310,45,1,0
BRDA:313,46,0,0
BRDA:313,46,1,0
BRDA:313,47,0,0
BRDA:313,47,1,0
BRDA:313,47,2,0
BRDA:318,48,0,0
BRDA:318,48,1,0
BRDA:342,49,0,0
BRDA:342,49,1,3
BRDA:342,50,0,3
BRDA:342,50,1,0
BRDA:342,50,2,0
BRDA:345,51,0,0
BRDA:345,51,1,0
BRDA:346,52,0,0
BRDA:346,52,1,0
BRDA:349,53,0,0
BRDA:349,53,1,0
BRDA:349,54,0,0
BRDA:349,54,1,0
BRDA:349,54,2,0
BRDA:354,55,0,0
BRDA:354,55,1,0
BRDA:378,56,0,0
BRDA:378,56,1,3
BRDA:378,57,0,3
BRDA:378,57,1,0
BRDA:378,57,2,0
BRDA:381,58,0,0
BRDA:381,58,1,0
BRDA:389,59,0,0
BRDA:389,59,1,3
BRDA:389,60,0,3
BRDA:389,60,1,0
BRDA:389,60,2,0
BRDA:402,61,0,0
BRDA:402,61,1,0
BRDA:430,62,0,0
BRDA:430,62,1,0
BRDA:451,63,0,0
BRDA:451,63,1,0
BRDA:476,64,0,0
BRDA:476,64,1,0
BRDA:497,65,0,0
BRDA:497,65,1,0
BRDA:522,66,0,0
BRDA:522,66,1,0
BRDA:543,67,0,0
BRDA:543,67,1,0
BRDA:556,68,0,0
BRDA:556,68,1,4
BRDA:557,69,0,4
BRDA:557,69,1,4
BRDA:557,69,2,0
BRDA:564,70,0,4
BRDA:564,70,1,4
BRDA:564,70,2,4
BRDA:564,71,0,4
BRDA:564,71,1,4
BRDA:566,72,0,4
BRDA:566,72,1,0
BRDA:566,73,0,4
BRDA:566,73,1,4
BRDA:570,74,0,2
BRDA:570,74,1,2
BRDA:570,75,0,4
BRDA:570,75,1,3
BRDA:582,76,0,1
BRDA:582,76,1,1
BRDA:601,77,0,0
BRDA:601,77,1,3
BRDA:603,78,0,0
BRDA:603,78,1,0
BRDA:610,79,0,3
BRDA:610,79,1,0
BRF:173
BRH:44
end_of_record
TN:
SF:src/models/auto-boosting.js
FNF:0
FNH:0
DA:1,1
DA:3,1
DA:9,1
DA:24,1
LF:4
LH:4
BRF:0
BRH:0
end_of_record
TN:
SF:src/models/boosting.js
FNF:0
FNH:0
DA:1,1
DA:3,1
DA:15,1
DA:31,1
DA:38,1
DA:49,1
DA:65,1
LF:7
LH:7
BRF:0
BRH:0
end_of_record
TN:
SF:src/models/content-source.js
FNF:0
FNH:0
DA:1,1
DA:3,1
DA:13,1
DA:33,1
DA:45,1
LF:5
LH:5
BRF:0
BRH:0
end_of_record
TN:
SF:src/models/facet-interpreter.js
FNF:0
FNH:0
DA:1,1
DA:3,1
DA:17,1
DA:19,1
LF:4
LH:4
BRF:0
BRH:0
end_of_record
TN:
SF:src/models/index.js
FNF:0
FNH:0
DA:1,1
DA:2,1
DA:3,1
DA:4,1
DA:5,1
DA:6,1
DA:7,1
DA:8,1
DA:9,1
DA:10,1
DA:11,1
DA:12,1
DA:13,1
DA:14,1
DA:15,1
DA:17,1
LF:16
LH:16
BRF:0
BRH:0
end_of_record
TN:
SF:src/models/knowledge-graph.js
FNF:0
FNH:0
DA:1,1
DA:3,1
DA:10,1
DA:33,1
DA:53,1
DA:66,1
DA:78,1
LF:7
LH:7
BRF:0
BRH:0
end_of_record
TN:
SF:src/models/merge-field.js
FNF:0
FNH:0
DA:1,1
DA:3,1
DA:10,1
DA:23,1
LF:4
LH:4
BRF:0
BRH:0
end_of_record
TN:
SF:src/models/multiPhraseSynonym.js
FNF:0
FNH:0
DA:1,1
DA:3,1
DA:8,1
LF:3
LH:3
BRF:0
BRH:0
end_of_record
TN:
SF:src/models/relevancy-score.js
FNF:0
FNH:0
DA:1,1
DA:3,1
DA:8,1
DA:14,1
DA:27,1
DA:40,1
LF:6
LH:6
BRF:0
BRH:0
end_of_record
TN:
SF:src/models/search-client.js
FNF:0
FNH:0
DA:1,1
DA:2,1
DA:4,1
DA:10,1
DA:16,1
DA:22,1
DA:27,1
DA:32,1
DA:39,1
DA:51,1
DA:56,1
DA:65,1
DA:136,1
DA:150,1
DA:159,1
DA:165,1
DA:196,1
DA:205,1
DA:213,1
DA:229,1
DA:251,1
DA:263,1
DA:270,1
DA:276,1
DA:294,1
LF:25
LH:25
BRF:0
BRH:0
end_of_record
TN:
SF:src/models/spell-corrector.js
FNF:0
FNH:0
DA:1,1
DA:3,1
DA:10,1
LF:3
LH:3
BRF:0
BRH:0
end_of_record
TN:
SF:src/models/suggestion-remove.js
FNF:0
FNH:0
DA:1,1
DA:3,1
DA:8,1
DA:19,1
LF:4
LH:4
BRF:0
BRH:0
end_of_record
TN:
SF:src/models/suva.js
FNF:0
FNH:0
DA:1,1
DA:3,1
DA:10,1
LF:3
LH:3
BRF:0
BRH:0
end_of_record
TN:
SF:src/models/tenantGlobals.js
FN:50,(anonymous_0)
FNF:1
FNH:0
FNDA:0,(anonymous_0)
DA:3,1
DA:4,1
DA:6,1
DA:11,1
DA:18,1
DA:24,1
DA:48,1
DA:51,0
DA:52,0
DA:54,0
DA:58,1
LF:11
LH:8
BRF:0
BRH:0
end_of_record
TN:
SF:src/models/user.js
FNF:0
FNH:0
DA:1,1
DA:3,1
DA:22,1
LF:3
LH:3
BRF:0
BRH:0
end_of_record
TN:
SF:src/models/vectorScprogress.js
FNF:0
FNH:0
DA:1,1
DA:3,1
DA:12,1
LF:3
LH:3
BRF:0
BRH:0
end_of_record
TN:
SF:src/respositories/auto-boosting.js
FN:5,(anonymous_0)
FN:87,(anonymous_1)
FN:89,(anonymous_2)
FN:104,(anonymous_3)
FN:125,(anonymous_4)
FNF:5
FNH:5
FNDA:25,(anonymous_0)
FNDA:4,(anonymous_1)
FNDA:11,(anonymous_2)
FNDA:1,(anonymous_3)
FNDA:1,(anonymous_4)
DA:1,1
DA:2,1
DA:3,1
DA:5,1
DA:6,25
DA:7,25
DA:9,25
DA:11,25
DA:13,25
DA:14,0
DA:16,0
DA:22,0
DA:23,0
DA:26,25
DA:28,25
DA:78,25
DA:79,25
DA:81,0
DA:82,0
DA:87,1
DA:88,4
DA:89,4
DA:90,11
DA:97,4
DA:99,0
DA:100,0
DA:104,1
DA:105,1
DA:106,1
DA:107,1
DA:109,1
DA:110,2
DA:111,2
DA:112,1
DA:115,2
DA:121,2
DA:122,1
DA:125,1
DA:126,1
DA:129,1
DA:130,1
DA:132,1
DA:135,1
DA:136,1
DA:138,0
DA:139,0
DA:143,1
LF:47
LH:37
BRDA:13,0,0,0
BRDA:13,0,1,25
BRDA:13,1,0,25
BRDA:13,1,1,0
BRDA:13,1,2,0
BRDA:79,2,0,25
BRDA:79,2,1,21
BRDA:104,3,0,1
BRDA:111,4,0,1
BRDA:111,4,1,1
BRDA:121,5,0,1
BRDA:121,5,1,1
BRF:12
BRH:9
end_of_record
TN:
SF:src/respositories/boosting.js
FN:5,(anonymous_0)
FN:11,(anonymous_1)
FN:32,(anonymous_2)
FN:49,(anonymous_3)
FN:61,(anonymous_4)
FN:85,(anonymous_5)
FN:101,(anonymous_6)
FN:144,(anonymous_7)
FN:163,(anonymous_8)
FN:179,(anonymous_9)
FN:223,(anonymous_10)
FN:242,(anonymous_11)
FNF:12
FNH:11
FNDA:414,(anonymous_0)
FNDA:339,(anonymous_1)
FNDA:123,(anonymous_2)
FNDA:1,(anonymous_3)
FNDA:0,(anonymous_4)
FNDA:6,(anonymous_5)
FNDA:1,(anonymous_6)
FNDA:1,(anonymous_7)
FNDA:5,(anonymous_8)
FNDA:1,(anonymous_9)
FNDA:1,(anonymous_10)
FNDA:15,(anonymous_11)
DA:1,1
DA:2,1
DA:3,1
DA:5,1
DA:6,414
DA:7,414
DA:8,414
DA:10,414
DA:11,414
DA:12,339
DA:13,339
DA:14,322
DA:15,322
DA:17,339
DA:18,333
DA:19,333
DA:25,414
DA:27,0
DA:28,0
DA:32,1
DA:33,123
DA:34,123
DA:40,123
DA:42,0
DA:43,0
DA:45,0
DA:49,1
DA:50,1
DA:51,1
DA:53,1
DA:55,0
DA:57,0
DA:61,1
DA:62,0
DA:63,0
DA:78,0
DA:80,0
DA:81,0
DA:85,1
DA:86,6
DA:87,6
DA:88,6
DA:93,6
DA:94,6
DA:96,0
DA:97,0
DA:101,1
DA:102,1
DA:103,1
DA:108,1
DA:118,1
DA:120,1
DA:128,1
DA:131,1
DA:132,0
DA:133,0
DA:134,0
DA:137,1
DA:139,0
DA:140,0
DA:144,1
DA:145,1
DA:146,1
DA:147,1
DA:155,1
DA:156,1
DA:158,0
DA:159,0
DA:163,1
DA:164,5
DA:165,5
DA:166,5
DA:171,5
DA:172,5
DA:174,0
DA:175,0
DA:179,1
DA:180,1
DA:181,1
DA:186,1
DA:196,1
DA:199,1
DA:207,1
DA:210,1
DA:211,0
DA:212,0
DA:213,0
DA:216,1
DA:218,0
DA:219,0
DA:223,1
DA:224,1
DA:225,1
DA:226,1
DA:234,1
DA:235,1
DA:237,0
DA:238,0
DA:242,1
DA:243,15
DA:245,15
DA:246,0
DA:247,0
DA:250,15
DA:255,15
DA:256,15
DA:264,15
DA:265,0
DA:266,0
DA:269,15
DA:271,15
DA:273,0
DA:274,0
DA:278,1
LF:114
LH:78
BRDA:10,0,0,414
BRDA:10,0,1,0
BRDA:12,1,0,339
BRDA:12,1,1,0
BRDA:12,2,0,339
BRDA:12,2,1,339
BRDA:13,3,0,322
BRDA:13,3,1,17
BRDA:17,4,0,333
BRDA:17,4,1,6
BRDA:131,5,0,0
BRDA:131,5,1,1
BRDA:210,6,0,0
BRDA:210,6,1,1
BRDA:245,7,0,0
BRDA:245,7,1,15
BRDA:245,8,0,15
BRDA:245,8,1,15
BRDA:264,9,0,0
BRDA:264,9,1,15
BRF:20
BRH:14
end_of_record
TN:
SF:src/respositories/content-source.js
FN:4,(anonymous_0)
FN:14,(anonymous_1)
FN:20,(anonymous_2)
FN:22,(anonymous_3)
FN:41,(anonymous_4)
FNF:5
FNH:5
FNDA:81,(anonymous_0)
FNDA:10,(anonymous_1)
FNDA:178,(anonymous_2)
FNDA:203,(anonymous_3)
FNDA:65,(anonymous_4)
DA:1,1
DA:2,1
DA:4,1
DA:5,81
DA:11,81
DA:14,1
DA:15,10
DA:17,10
DA:20,1
DA:21,178
DA:22,178
DA:23,203
DA:34,178
DA:36,0
DA:37,0
DA:41,1
DA:42,65
DA:43,65
DA:45,65
DA:48,0
DA:49,0
DA:53,1
LF:22
LH:18
BRF:0
BRH:0
end_of_record
TN:
SF:src/respositories/facet-interpreter.js
FN:4,(anonymous_0)
FN:23,(anonymous_1)
FN:25,(anonymous_2)
FN:44,(anonymous_3)
FNF:4
FNH:4
FNDA:16,(anonymous_0)
FNDA:9,(anonymous_1)
FNDA:9,(anonymous_2)
FNDA:1,(anonymous_3)
DA:1,1
DA:2,1
DA:4,1
DA:5,16
DA:6,16
DA:8,16
DA:14,16
DA:15,16
DA:17,0
DA:18,0
DA:23,1
DA:24,9
DA:25,9
DA:26,9
DA:37,9
DA:39,0
DA:40,0
DA:44,1
DA:45,1
DA:46,1
DA:48,1
DA:50,0
DA:51,0
DA:55,1
LF:24
LH:18
BRF:0
BRH:0
end_of_record
TN:
SF:src/respositories/global-configuration.js
FN:4,(anonymous_0)
FN:20,(anonymous_1)
FN:40,(anonymous_2)
FN:57,(anonymous_3)
FN:68,(anonymous_4)
FNF:5
FNH:5
FNDA:368,(anonymous_0)
FNDA:94,(anonymous_1)
FNDA:1,(anonymous_2)
FNDA:1,(anonymous_3)
FNDA:1,(anonymous_4)
DA:1,1
DA:2,1
DA:4,1
DA:5,368
DA:6,368
DA:7,368
DA:13,368
DA:15,0
DA:16,0
DA:20,1
DA:21,94
DA:22,94
DA:27,94
DA:33,94
DA:35,0
DA:37,0
DA:40,1
DA:41,1
DA:42,1
DA:52,1
DA:54,0
DA:57,1
DA:58,1
DA:59,1
DA:61,1
DA:63,0
DA:64,0
DA:68,1
DA:69,1
DA:70,1
DA:72,1
DA:74,0
DA:75,0
DA:79,1
LF:34
LH:25
BRF:0
BRH:0
end_of_record
TN:
SF:src/respositories/index.js
FNF:0
FNH:0
DA:1,1
DA:2,1
DA:3,1
DA:4,1
DA:5,1
DA:6,1
DA:7,1
DA:8,1
DA:9,1
DA:10,1
DA:11,1
DA:12,1
DA:13,1
DA:14,1
DA:15,1
DA:17,1
LF:16
LH:16
BRF:0
BRH:0
end_of_record
TN:
SF:src/respositories/knowledge-graph.js
FN:4,(anonymous_0)
FN:14,(anonymous_1)
FN:26,(anonymous_2)
FNF:3
FNH:1
FNDA:0,(anonymous_0)
FNDA:0,(anonymous_1)
FNDA:1,(anonymous_2)
DA:1,1
DA:2,1
DA:4,1
DA:5,0
DA:11,0
DA:14,1
DA:15,0
DA:23,0
DA:26,1
DA:27,1
DA:28,1
DA:30,1
DA:33,0
DA:34,0
DA:38,1
LF:15
LH:9
BRF:0
BRH:0
end_of_record
TN:
SF:src/respositories/merge-field.js
FN:4,(anonymous_0)
FN:22,(anonymous_1)
FN:37,(anonymous_2)
FN:51,(anonymous_3)
FN:61,(anonymous_4)
FN:63,(anonymous_5)
FNF:6
FNH:6
FNDA:1,(anonymous_0)
FNDA:2,(anonymous_1)
FNDA:1,(anonymous_2)
FNDA:6,(anonymous_3)
FNDA:12,(anonymous_4)
FNDA:12,(anonymous_5)
DA:1,1
DA:2,1
DA:4,1
DA:5,1
DA:6,1
DA:7,1
DA:12,1
DA:14,1
DA:17,0
DA:18,0
DA:22,1
DA:23,2
DA:24,2
DA:33,2
DA:34,2
DA:37,1
DA:38,1
DA:39,1
DA:40,1
DA:42,1
DA:43,1
DA:46,0
DA:47,0
DA:51,1
DA:52,6
DA:53,6
DA:54,6
DA:55,6
DA:57,6
DA:59,6
DA:60,6
DA:61,12
DA:62,6
DA:63,12
DA:67,6
DA:68,6
DA:71,0
DA:72,0
DA:76,1
LF:39
LH:33
BRF:0
BRH:0
end_of_record
TN:
SF:src/respositories/multiPhraseSynonym.js
FN:4,(anonymous_0)
FN:19,(anonymous_1)
FN:37,(anonymous_2)
FNF:3
FNH:2
FNDA:0,(anonymous_0)
FNDA:1,(anonymous_1)
FNDA:1,(anonymous_2)
DA:1,1
DA:2,1
DA:4,1
DA:5,0
DA:6,0
DA:12,0
DA:14,0
DA:15,0
DA:19,1
DA:20,1
DA:21,1
DA:30,1
DA:32,0
DA:33,0
DA:37,1
DA:38,1
DA:39,1
DA:41,1
DA:43,0
DA:44,0
DA:48,1
LF:21
LH:12
BRF:0
BRH:0
end_of_record
TN:
SF:src/respositories/relevancy-scores.js
FN:4,(anonymous_0)
FN:22,(anonymous_1)
FNF:2
FNH:2
FNDA:10,(anonymous_0)
FNDA:12,(anonymous_1)
DA:1,1
DA:2,1
DA:4,1
DA:5,10
DA:6,10
DA:15,10
DA:17,0
DA:18,0
DA:22,1
DA:23,12
DA:24,12
DA:26,12
DA:29,0
DA:30,0
DA:34,1
LF:15
LH:11
BRF:0
BRH:0
end_of_record
TN:
SF:src/respositories/search-client.js
FN:4,(anonymous_0)
FN:30,(anonymous_1)
FN:41,(anonymous_2)
FN:58,(anonymous_3)
FN:69,(anonymous_4)
FN:78,(anonymous_5)
FN:86,(anonymous_6)
FN:87,(anonymous_7)
FN:91,(anonymous_8)
FN:107,(anonymous_9)
FN:122,(anonymous_10)
FN:137,(anonymous_11)
FN:151,(anonymous_12)
FN:168,(anonymous_13)
FN:177,(anonymous_14)
FN:197,(anonymous_15)
FN:220,(anonymous_16)
FNF:17
FNH:9
FNDA:700,(anonymous_0)
FNDA:0,(anonymous_1)
FNDA:217,(anonymous_2)
FNDA:3,(anonymous_3)
FNDA:16,(anonymous_4)
FNDA:0,(anonymous_5)
FNDA:0,(anonymous_6)
FNDA:0,(anonymous_7)
FNDA:0,(anonymous_8)
FNDA:0,(anonymous_9)
FNDA:0,(anonymous_10)
FNDA:3,(anonymous_11)
FNDA:1,(anonymous_12)
FNDA:1,(anonymous_13)
FNDA:0,(anonymous_14)
FNDA:12,(anonymous_15)
FNDA:1,(anonymous_16)
DA:1,1
DA:2,1
DA:4,1
DA:5,700
DA:6,700
DA:7,700
DA:8,700
DA:10,700
DA:12,700
DA:14,700
DA:15,14
DA:16,14
DA:19,686
DA:20,686
DA:21,686
DA:24,0
DA:25,0
DA:30,1
DA:31,0
DA:32,0
DA:34,0
DA:36,0
DA:37,0
DA:41,1
DA:42,217
DA:43,217
DA:51,217
DA:53,0
DA:54,0
DA:58,1
DA:59,3
DA:60,3
DA:62,3
DA:64,0
DA:65,0
DA:69,1
DA:70,16
DA:71,16
DA:78,16
DA:80,16
DA:82,0
DA:83,0
DA:86,1
DA:87,0
DA:88,0
DA:92,0
DA:93,0
DA:95,0
DA:96,0
DA:97,0
DA:99,0
DA:100,0
DA:104,0
DA:108,0
DA:109,0
DA:111,0
DA:112,0
DA:114,0
DA:122,1
DA:123,0
DA:124,0
DA:128,0
DA:129,0
DA:131,0
DA:133,0
DA:134,0
DA:137,1
DA:138,3
DA:139,3
DA:145,3
DA:147,0
DA:148,0
DA:151,1
DA:152,1
DA:153,1
DA:162,1
DA:164,0
DA:168,1
DA:169,1
DA:170,1
DA:171,1
DA:173,0
DA:174,0
DA:177,1
DA:178,0
DA:179,0
DA:185,0
DA:188,0
DA:193,0
DA:197,1
DA:198,12
DA:200,12
DA:201,12
DA:202,12
DA:203,12
DA:205,12
DA:207,12
DA:208,2
DA:210,10
DA:213,12
DA:215,0
DA:216,0
DA:220,1
DA:221,1
DA:222,1
DA:227,1
DA:228,1
DA:229,1
DA:231,0
DA:232,0
DA:236,1
LF:111
LH:62
BRDA:14,0,0,14
BRDA:14,0,1,686
BRDA:78,1,0,0
BRDA:78,1,1,16
BRDA:78,2,0,16
BRDA:78,2,1,16
BRDA:92,3,0,0
BRDA:92,3,1,0
BRDA:95,4,0,0
BRDA:95,4,1,0
BRDA:108,5,0,0
BRDA:108,5,1,0
BRDA:111,6,0,0
BRDA:111,6,1,0
BRDA:128,7,0,0
BRDA:128,7,1,0
BRDA:207,8,0,2
BRDA:207,8,1,10
BRDA:207,9,0,12
BRDA:207,9,1,12
BRF:20
BRH:9
end_of_record
TN:
SF:src/respositories/spell-corrector.js
FN:4,(anonymous_0)
FN:39,(anonymous_1)
FN:54,(anonymous_2)
FNF:3
FNH:2
FNDA:1,(anonymous_0)
FNDA:0,(anonymous_1)
FNDA:1,(anonymous_2)
DA:1,1
DA:2,1
DA:4,1
DA:5,1
DA:6,1
DA:7,1
DA:8,1
DA:9,1
DA:27,1
DA:28,1
DA:29,1
DA:31,0
DA:34,0
DA:35,0
DA:39,1
DA:40,0
DA:41,0
DA:43,0
DA:44,0
DA:46,0
DA:49,0
DA:50,0
DA:54,1
DA:55,1
DA:56,1
DA:58,1
DA:61,0
DA:62,0
DA:66,1
LF:29
LH:17
BRDA:27,0,0,1
BRDA:27,0,1,0
BRDA:43,1,0,0
BRDA:43,1,1,0
BRDA:43,2,0,0
BRDA:43,2,1,0
BRF:6
BRH:1
end_of_record
TN:
SF:src/respositories/suggestion-remove.js
FN:4,(anonymous_0)
FN:14,(anonymous_1)
FN:29,(anonymous_2)
FNF:3
FNH:3
FNDA:271,(anonymous_0)
FNDA:103,(anonymous_1)
FNDA:1,(anonymous_2)
DA:1,1
DA:2,1
DA:4,1
DA:5,271
DA:11,271
DA:14,1
DA:15,103
DA:16,103
DA:22,103
DA:24,0
DA:25,0
DA:29,1
DA:30,1
DA:31,1
DA:33,1
DA:35,0
DA:36,0
DA:40,1
LF:18
LH:14
BRF:0
BRH:0
end_of_record
TN:
SF:src/respositories/suva-configurations.js
FN:4,(anonymous_0)
FN:19,(anonymous_1)
FN:37,(anonymous_2)
FNF:3
FNH:3
FNDA:2,(anonymous_0)
FNDA:3,(anonymous_1)
FNDA:1,(anonymous_2)
DA:1,1
DA:2,1
DA:4,1
DA:5,2
DA:6,2
DA:12,2
DA:14,0
DA:15,0
DA:19,1
DA:20,3
DA:21,3
DA:30,3
DA:32,0
DA:33,0
DA:37,1
DA:38,1
DA:39,1
DA:41,1
DA:43,0
DA:44,0
DA:48,1
LF:21
LH:15
BRF:0
BRH:0
end_of_record
TN:
SF:src/respositories/user.js
FN:5,(anonymous_0)
FN:11,(anonymous_1)
FN:14,(anonymous_2)
FN:33,(anonymous_3)
FN:44,(anonymous_4)
FNF:5
FNH:4
FNDA:0,(anonymous_0)
FNDA:17,(anonymous_1)
FNDA:17,(anonymous_2)
FNDA:1,(anonymous_3)
FNDA:3,(anonymous_4)
DA:1,1
DA:2,1
DA:5,1
DA:6,0
DA:8,0
DA:11,1
DA:12,17
DA:13,17
DA:14,17
DA:15,17
DA:26,17
DA:28,0
DA:29,0
DA:33,1
DA:34,1
DA:35,1
DA:37,1
DA:39,0
DA:40,0
DA:44,1
DA:45,3
DA:54,3
DA:57,1
LF:23
LH:17
BRF:0
BRH:0
end_of_record
TN:
SF:src/respositories/vectorSearchProgress.js
FN:4,(anonymous_0)
FN:22,(anonymous_1)
FN:24,(anonymous_2)
FN:46,(anonymous_3)
FN:49,(anonymous_4)
FN:51,(anonymous_5)
FN:64,(anonymous_6)
FN:67,(anonymous_7)
FN:70,(anonymous_8)
FN:81,(anonymous_9)
FNF:10
FNH:4
FNDA:365,(anonymous_0)
FNDA:6,(anonymous_1)
FNDA:6,(anonymous_2)
FNDA:0,(anonymous_3)
FNDA:0,(anonymous_4)
FNDA:0,(anonymous_5)
FNDA:0,(anonymous_6)
FNDA:0,(anonymous_7)
FNDA:0,(anonymous_8)
FNDA:1,(anonymous_9)
DA:1,1
DA:2,1
DA:4,1
DA:5,365
DA:7,365
DA:8,365
DA:14,365
DA:15,365
DA:17,0
DA:18,0
DA:22,1
DA:23,6
DA:24,6
DA:25,6
DA:26,6
DA:28,6
DA:39,6
DA:41,0
DA:42,0
DA:46,1
DA:47,0
DA:48,0
DA:49,0
DA:50,0
DA:51,0
DA:52,0
DA:54,0
DA:58,0
DA:60,0
DA:61,0
DA:64,1
DA:65,0
DA:66,0
DA:67,0
DA:68,0
DA:70,0
DA:72,0
DA:73,0
DA:74,0
DA:76,0
DA:77,0
DA:81,1
DA:82,1
DA:83,1
DA:85,1
DA:87,0
DA:88,0
DA:92,1
LF:48
LH:22
BRF:0
BRH:0
end_of_record
TN:
SF:src/services/content-source-utilities.js
FN:10,(anonymous_0)
FN:17,(anonymous_1)
FN:35,(anonymous_2)
FNF:3
FNH:3
FNDA:10,(anonymous_0)
FNDA:50,(anonymous_1)
FNDA:18,(anonymous_2)
DA:3,1
DA:4,1
DA:5,1
DA:6,1
DA:7,1
DA:8,1
DA:10,10
DA:17,1
DA:18,50
DA:19,50
DA:20,46
DA:22,4
DA:24,50
DA:27,50
DA:28,0
DA:30,50
DA:32,50
DA:35,1
DA:40,18
DA:41,18
DA:42,18
DA:44,18
DA:45,18
DA:46,0
DA:48,18
DA:50,18
DA:52,18
DA:55,32
DA:56,8
DA:59,32
DA:61,0
DA:63,32
DA:65,32
DA:71,32
DA:72,32
DA:73,32
DA:74,32
DA:77,18
DA:78,8
DA:81,8
DA:83,0
DA:84,0
DA:86,8
DA:87,8
DA:89,8
DA:90,4
DA:92,8
DA:95,8
DA:96,8
DA:97,8
DA:100,0
DA:101,0
DA:103,0
DA:104,0
DA:109,0
DA:110,0
DA:111,0
DA:113,0
DA:117,0
DA:118,0
DA:119,0
DA:121,0
DA:122,0
DA:124,8
DA:128,10
DA:135,1
LF:66
LH:48
BRDA:18,0,0,50
BRDA:18,0,1,0
BRDA:19,1,0,46
BRDA:19,1,1,4
BRDA:27,2,0,0
BRDA:27,2,1,50
BRDA:45,3,0,0
BRDA:45,3,1,18
BRDA:48,4,0,18
BRDA:48,4,1,18
BRDA:52,5,0,50
BRDA:52,5,1,14
BRDA:52,5,2,36
BRDA:55,6,0,8
BRDA:55,6,1,24
BRDA:59,7,0,0
BRDA:59,7,1,32
BRDA:59,8,0,32
BRDA:59,8,1,32
BRDA:59,8,2,32
BRDA:59,8,3,0
BRDA:77,9,0,8
BRDA:77,9,1,10
BRDA:81,10,0,0
BRDA:81,10,1,8
BRDA:81,11,0,8
BRDA:81,11,1,8
BRDA:89,12,0,4
BRDA:89,12,1,4
BRDA:97,13,0,0
BRDA:97,13,1,8
BRDA:97,14,0,8
BRDA:97,14,1,8
BRDA:97,14,2,0
BRDA:97,14,3,8
BRDA:97,14,4,0
BRDA:97,14,5,0
BRDA:100,15,0,0
BRDA:100,15,1,0
BRDA:103,16,0,0
BRDA:103,16,1,0
BRF:41
BRH:27
end_of_record
TN:
SF:src/services/gpt-utilities.js
FN:5,(anonymous_0)
FN:6,(anonymous_1)
FN:29,(anonymous_2)
FN:41,(anonymous_3)
FN:46,(anonymous_4)
FNF:5
FNH:5
FNDA:391,(anonymous_0)
FNDA:610,(anonymous_1)
FNDA:391,(anonymous_2)
FNDA:21,(anonymous_3)
FNDA:391,(anonymous_4)
DA:2,1
DA:3,1
DA:5,1
DA:6,610
DA:8,391
DA:9,383
DA:11,172
DA:18,1
DA:24,1
DA:26,172
DA:29,1
DA:30,391
DA:31,391
DA:40,21
DA:41,21
DA:42,21
DA:46,1
DA:47,391
DA:48,391
DA:49,391
DA:52,391
DA:53,391
DA:55,2
DA:56,2
DA:57,2
DA:58,2
DA:59,2
DA:61,383
DA:62,383
DA:63,383
DA:65,6
DA:66,6
DA:67,6
DA:68,6
DA:70,0
DA:71,0
DA:72,0
DA:73,0
DA:77,391
DA:93,391
DA:96,1
LF:41
LH:37
BRDA:8,0,0,8
BRDA:8,0,1,383
BRDA:9,1,0,211
BRDA:9,1,1,172
BRDA:9,2,0,383
BRDA:9,2,1,382
BRDA:9,2,2,373
BRDA:11,3,0,1
BRDA:11,3,1,171
BRDA:12,4,0,172
BRDA:12,4,1,172
BRDA:12,4,2,172
BRDA:12,4,3,13
BRDA:18,5,0,1
BRDA:18,5,1,0
BRDA:19,6,0,1
BRDA:19,6,1,1
BRDA:26,7,0,172
BRDA:26,7,1,172
BRDA:31,8,0,21
[...]
FN:130,(anonymous_13)
FN:133,(anonymous_14)
FN:138,(anonymous_15)
FN:143,(anonymous_16)
FN:150,(anonymous_17)
FN:168,(anonymous_18)
FN:171,(anonymous_19)
FNF:20
FNH:18
FNDA:3,(anonymous_0)
FNDA:3,(anonymous_1)
FNDA:2,(anonymous_2)
FNDA:0,(anonymous_3)
FNDA:0,(anonymous_4)
FNDA:1,(anonymous_5)
FNDA:1,(anonymous_6)
FNDA:1,(anonymous_7)
FNDA:4,(anonymous_8)
FNDA:1,(anonymous_9)
FNDA:1,(anonymous_10)
FNDA:1,(anonymous_11)
FNDA:1,(anonymous_12)
FNDA:3,(anonymous_13)
FNDA:2,(anonymous_14)
FNDA:3,(anonymous_15)
FNDA:2,(anonymous_16)
FNDA:1,(anonymous_17)
FNDA:5,(anonymous_18)
FNDA:5,(anonymous_19)
DA:1,1
DA:2,1
DA:3,1
DA:4,1
DA:6,1
DA:7,1
DA:8,1
DA:9,1
DA:10,1
DA:11,1
DA:12,1
DA:13,1
DA:14,1
DA:15,1
DA:16,1
DA:17,1
DA:18,1
DA:19,1
DA:22,1
DA:24,1
DA:25,3
DA:26,3
DA:29,3
DA:30,3
DA:32,3
DA:35,1
DA:36,2
DA:37,2
DA:38,0
DA:39,0
DA:40,0
DA:41,0
DA:44,0
DA:46,2
DA:49,1
DA:52,1
DA:53,1
DA:54,1
DA:60,1
DA:61,1
DA:62,1
DA:65,1
DA:67,1
DA:68,1
DA:69,1
DA:70,1
DA:71,1
DA:74,1
DA:75,1
DA:76,1
DA:77,1
DA:78,1
DA:79,1
DA:82,1
DA:83,4
DA:84,4
DA:88,1
DA:89,1
DA:90,1
DA:91,1
DA:92,1
DA:93,1
DA:94,1
DA:95,1
DA:96,1
DA:99,1
DA:100,1
DA:101,1
DA:102,1
DA:103,1
DA:104,1
DA:105,1
DA:106,1
DA:107,1
DA:110,1
DA:111,1
DA:112,1
DA:113,1
DA:114,1
DA:116,1
DA:117,1
DA:118,1
DA:120,1
DA:121,1
DA:123,1
DA:124,0
DA:126,1
DA:127,1
DA:128,1
DA:129,1
DA:130,3
DA:131,1
DA:132,1
DA:133,1
DA:134,2
DA:135,2
DA:136,2
DA:138,3
DA:139,1
DA:140,1
DA:141,1
DA:142,1
DA:143,1
DA:144,2
DA:145,2
DA:147,1
DA:150,1
DA:151,1
DA:152,1
DA:153,1
DA:154,1
DA:156,1
DA:157,1
DA:158,1
DA:160,1
DA:161,1
DA:162,1
DA:163,0
DA:165,1
DA:166,1
DA:168,5
DA:169,1
DA:171,5
DA:172,1
DA:174,1
LF:125
LH:118
BRDA:35,0,0,2
BRDA:37,1,0,0
BRDA:37,1,1,2
BRDA:37,2,0,2
BRDA:37,2,1,0
BRDA:123,3,0,0
BRDA:123,3,1,1
BRDA:162,4,0,0
BRDA:162,4,1,1
BRF:9
BRH:5
end_of_record
TN:
SF:test-opensearch/controllers/searchUid/searchUid.payload.js
FNF:0
FNH:0
DA:1,1
DA:2,1
DA:3,1
DA:4,1
DA:5,1
DA:6,1
DA:7,1
DA:9,1
DA:53,1
DA:1946,1
DA:3902,1
DA:4188,1
DA:4481,1
DA:5057,1
DA:5604,1
DA:5630,1
DA:5642,1
LF:17
LH:17
BRF:0
BRH:0
end_of_record
TN:
SF:test-opensearch/controllers/searchUid/searchUid.spec.js
FN:30,(anonymous_0)
FN:31,(anonymous_1)
FN:57,(anonymous_2)
FN:68,(anonymous_3)
FN:79,(anonymous_4)
FN:83,(anonymous_5)
FN:97,(anonymous_6)
FNF:7
FNH:7
FNDA:1,(anonymous_0)
FNDA:1,(anonymous_1)
FNDA:1,(anonymous_2)
FNDA:2,(anonymous_3)
FNDA:2,(anonymous_4)
FNDA:1,(anonymous_5)
FNDA:1,(anonymous_6)
DA:1,1
DA:2,1
DA:3,1
DA:4,1
DA:5,1
DA:6,1
DA:7,1
DA:8,1
DA:9,1
DA:10,1
DA:11,1
DA:12,1
DA:13,1
DA:26,1
DA:28,1
DA:30,1
DA:31,1
DA:32,1
DA:33,1
DA:34,1
DA:36,1
DA:37,1
DA:43,1
DA:49,1
DA:50,1
DA:53,0
DA:57,1
DA:58,1
DA:59,1
DA:60,1
DA:61,1
DA:62,1
DA:64,0
DA:68,1
DA:69,2
DA:70,2
DA:79,1
DA:80,2
DA:83,1
DA:85,1
DA:86,1
DA:87,1
DA:88,1
DA:90,0
DA:92,1
DA:93,1
DA:94,1
DA:97,1
DA:99,1
DA:100,1
DA:101,1
DA:102,1
DA:104,0
DA:106,1
DA:107,1
DA:108,1
LF:56
LH:52
BRF:0
BRH:0
end_of_record
TN:
SF:test-opensearch/controllers/stopwords/stopwords.payload.js
FNF:0
FNH:0
DA:1,1
DA:2,1
DA:3,1
DA:4,1
DA:5,1
DA:6,1
DA:7,1
DA:9,1
DA:53,1
DA:1946,1
DA:3902,1
DA:4188,1
DA:4481,1
DA:5057,1
DA:5604,1
DA:5629,1
DA:5641,1
LF:17
LH:17
BRF:0
BRH:0
end_of_record
TN:
SF:test-opensearch/controllers/stopwords/stopwords.spec.js
FN:31,writeStopwordsArrayToFile
FN:38,(anonymous_1)
FN:39,(anonymous_2)
FN:48,(anonymous_3)
FN:52,(anonymous_4)
FN:53,(anonymous_5)
FN:63,(anonymous_6)
FN:65,(anonymous_7)
FN:69,(anonymous_8)
FN:70,(anonymous_9)
FN:95,(anonymous_10)
FN:100,(anonymous_11)
FN:114,(anonymous_12)
FN:126,(anonymous_13)
FN:138,(anonymous_14)
FN:142,(anonymous_15)
FN:155,(anonymous_16)
FN:171,(anonymous_17)
FNF:18
FNH:16
FNDA:2,writeStopwordsArrayToFile
FNDA:2,(anonymous_1)
FNDA:2,(anonymous_2)
FNDA:1,(anonymous_3)
FNDA:1,(anonymous_4)
FNDA:1,(anonymous_5)
FNDA:2,(anonymous_6)
FNDA:14,(anonymous_7)
FNDA:1,(anonymous_8)
FNDA:1,(anonymous_9)
FNDA:0,(anonymous_10)
FNDA:0,(anonymous_11)
FNDA:1,(anonymous_12)
FNDA:3,(anonymous_13)
FNDA:3,(anonymous_14)
FNDA:1,(anonymous_15)
FNDA:1,(anonymous_16)
FNDA:1,(anonymous_17)
DA:1,1
DA:2,1
DA:3,1
DA:4,1
DA:5,1
DA:6,1
DA:7,1
DA:8,1
DA:9,1
DA:10,1
DA:11,1
DA:12,1
DA:13,1
DA:14,1
DA:27,1
DA:29,1
DA:32,2
DA:33,2
DA:36,2
DA:37,2
DA:38,2
DA:39,2
DA:40,2
DA:44,0
DA:48,1
DA:49,1
DA:50,1
DA:51,1
DA:52,1
DA:53,1
DA:54,1
DA:57,1
DA:59,0
DA:63,1
DA:64,2
DA:65,14
DA:66,2
DA:69,1
DA:70,1
DA:71,1
DA:72,1
DA:73,1
DA:75,1
DA:76,1
DA:82,1
DA:88,1
DA:89,1
DA:91,1
DA:93,1
DA:95,1
DA:96,0
DA:97,0
DA:100,0
DA:101,0
DA:102,0
DA:104,0
DA:110,0
DA:114,1
DA:115,1
DA:116,1
DA:117,1
DA:118,1
DA:119,1
DA:120,1
DA:122,0
DA:126,1
DA:128,3
DA:129,3
DA:138,1
DA:139,3
DA:142,1
DA:144,1
DA:145,1
DA:146,1
DA:147,1
DA:149,0
DA:151,1
DA:152,1
DA:155,1
DA:158,1
DA:159,1
DA:160,1
DA:161,1
DA:162,1
DA:163,1
DA:165,0
DA:167,1
DA:168,1
DA:171,1
DA:174,1
DA:175,1
DA:176,1
DA:177,1
DA:178,1
DA:179,1
DA:181,0
DA:183,1
DA:184,1
LF:98
LH:85
BRDA:96,0,0,0
BRDA:96,0,1,0
BRDA:101,1,0,0
BRDA:101,1,1,0
BRF:4
BRH:0
end_of_record
TN:
SF:test-opensearch/controllers/tenant-globals/tenant-globals-payload.js
FNF:0
FNH:0
DA:1,1
DA:34,1
DA:75,1
LF:3
LH:3
BRF:0
BRH:0
end_of_record
TN:
SF:test-opensearch/controllers/tenant-globals/tenant-globals.spec.js
FN:16,(anonymous_0)
FN:24,(anonymous_1)
FN:30,(anonymous_2)
FN:33,(anonymous_3)
FN:34,(anonymous_4)
FN:44,(anonymous_5)
FN:58,publishKafka
FN:63,(anonymous_7)
FN:73,(anonymous_8)
FN:76,(anonymous_9)
FN:89,(anonymous_10)
FN:122,(anonymous_11)
FN:152,(anonymous_12)
FNF:13
FNH:12
FNDA:2,(anonymous_0)
FNDA:0,(anonymous_1)
FNDA:2,(anonymous_2)
FNDA:2,(anonymous_3)
FNDA:2,(anonymous_4)
FNDA:2,(anonymous_5)
FNDA:2,publishKafka
FNDA:2,(anonymous_7)
FNDA:1,(anonymous_8)
FNDA:1,(anonymous_9)
FNDA:1,(anonymous_10)
FNDA:1,(anonymous_11)
FNDA:1,(anonymous_12)
DA:1,1
DA:2,1
DA:3,1
DA:4,1
DA:5,1
DA:6,1
DA:7,1
DA:8,1
DA:9,1
DA:10,1
DA:11,1
DA:12,1
DA:13,1
DA:14,1
DA:16,1
DA:17,2
DA:18,2
DA:19,2
DA:20,2
DA:22,0
DA:24,0
DA:27,0
DA:30,1
DA:31,2
DA:32,2
DA:33,2
DA:34,2
DA:35,2
DA:38,2
DA:40,0
DA:44,1
DA:45,2
DA:46,2
DA:47,2
DA:48,0
DA:49,0
DA:51,2
DA:52,2
DA:54,0
DA:59,2
DA:60,2
DA:63,2
DA:64,2
DA:66,2
DA:67,1
DA:69,1
DA:73,1
DA:76,1
DA:77,1
DA:78,1
DA:79,1
DA:80,1
DA:81,1
DA:82,1
DA:83,1
DA:86,1
DA:89,1
DA:91,1
DA:92,1
DA:93,1
DA:94,1
DA:95,1
DA:97,0
DA:100,1
DA:101,1
DA:102,1
DA:103,1
DA:105,1
DA:106,1
DA:107,1
DA:108,1
DA:109,1
DA:110,1
DA:111,1
DA:112,1
DA:114,1
DA:115,1
DA:116,1
DA:117,1
DA:118,1
DA:119,1
DA:122,1
DA:124,1
DA:125,1
DA:126,1
DA:127,1
DA:128,1
DA:130,0
DA:132,1
DA:133,1
DA:134,1
DA:136,1
DA:137,1
DA:138,1
DA:139,1
DA:140,1
DA:142,1
DA:143,1
DA:144,1
DA:145,1
DA:146,1
DA:147,5
DA:148,5
DA:152,1
DA:153,1
DA:154,1
DA:155,1
DA:156,1
DA:157,1
DA:158,1
LF:110
LH:101
BRDA:16,0,0,2
BRDA:16,1,0,2
BRDA:19,2,0,2
BRDA:19,2,1,0
BRDA:22,3,0,0
BRDA:22,3,1,0
BRDA:47,4,0,0
BRDA:47,4,1,2
BRDA:58,5,0,1
BRDA:66,6,0,1
BRDA:66,6,1,1
BRF:11
BRH:7
end_of_record
TN:
SF:test-opensearch/controllers/vanilla-permission/data.payload.js
FNF:0
FNH:0
DA:1,1
DA:2,1
DA:20819,1
LF:3
LH:3
BRF:0
BRH:0
end_of_record
TN:
SF:test-opensearch/controllers/vanilla-permission/sc-vanilla.payload.js
FNF:0
FNH:0
DA:1,1
DA:2,1
DA:3,1
DA:1990,1
LF:4
LH:4
BRF:0
BRH:0
end_of_record
TN:
SF:test-opensearch/controllers/vanilla-permission/vanilla.payload.js
FNF:0
FNH:0
DA:1,1
DA:2,1
DA:3,1
DA:2122,1
DA:4551,1
DA:6859,1
DA:8983,1
DA:9021,1
DA:9059,1
DA:9100,1
LF:10
LH:10
BRF:0
BRH:0
end_of_record
TN:
SF:test-opensearch/controllers/vanilla-permission/vanilla.spec.js
FN:55,(anonymous_0)
FN:67,(anonymous_1)
FN:211,(anonymous_2)
FN:247,(anonymous_3)
FN:253,(anonymous_4)
FN:259,(anonymous_5)
FN:263,(anonymous_6)
FN:275,(anonymous_7)
FN:320,(anonymous_8)
FN:325,(anonymous_9)
FN:338,(anonymous_10)
FN:380,(anonymous_11)
FN:384,(anonymous_12)
FN:397,(anonymous_13)
FN:439,(anonymous_14)
FN:443,(anonymous_15)
FN:461,(anonymous_16)
FN:502,(anonymous_17)
FN:514,(anonymous_18)
FN:525,(anonymous_19)
FN:566,(anonymous_20)
FN:570,(anonymous_21)
FN:581,(anonymous_22)
FN:622,(anonymous_23)
FN:626,(anonymous_24)
FN:683,(anonymous_25)
FN:733,(anonymous_26)
FN:737,(anonymous_27)
FN:754,(anonymous_28)
FN:803,(anonymous_29)
FN:807,(anonymous_30)
FN:819,(anonymous_31)
FN:829,(anonymous_32)
FN:865,(anonymous_33)
FN:869,(anonymous_34)
FN:881,(anonymous_35)
FN:891,(anonymous_36)
FN:934,(anonymous_37)
FN:938,(anonymous_38)
FN:950,(anonymous_39)
FN:960,(anonymous_40)
FN:1008,(anonymous_41)
FNF:42
FNH:42
FNDA:24,(anonymous_0)
FNDA:1,(anonymous_1)
FNDA:1,(anonymous_2)
FNDA:11,(anonymous_3)
FNDA:11,(anonymous_4)
FNDA:1,(anonymous_5)
FNDA:4,(anonymous_6)
FNDA:4,(anonymous_7)
FNDA:1,(anonymous_8)
FNDA:4,(anonymous_9)
FNDA:4,(anonymous_10)
FNDA:1,(anonymous_11)
FNDA:4,(anonymous_12)
FNDA:4,(anonymous_13)
FNDA:1,(anonymous_14)
FNDA:4,(anonymous_15)
FNDA:4,(anonymous_16)
FNDA:1,(anonymous_17)
FNDA:4,(anonymous_18)
FNDA:4,(anonymous_19)
FNDA:1,(anonymous_20)
FNDA:4,(anonymous_21)
FNDA:4,(anonymous_22)
FNDA:1,(anonymous_23)
FNDA:4,(anonymous_24)
FNDA:4,(anonymous_25)
FNDA:1,(anonymous_26)
FNDA:4,(anonymous_27)
FNDA:4,(anonymous_28)
FNDA:1,(anonymous_29)
FNDA:6,(anonymous_30)
FNDA:6,(anonymous_31)
FNDA:6,(anonymous_32)
FNDA:1,(anonymous_33)
FNDA:6,(anonymous_34)
FNDA:6,(anonymous_35)
FNDA:6,(anonymous_36)
FNDA:1,(anonymous_37)
FNDA:6,(anonymous_38)
FNDA:6,(anonymous_39)
FNDA:6,(anonymous_40)
FNDA:1,(anonymous_41)
DA:1,1
DA:2,1
DA:3,1
DA:4,1
DA:5,1
DA:6,1
DA:7,1
DA:11,1
DA:12,1
DA:21,1
DA:22,1
DA:23,1
DA:24,1
DA:25,1
DA:26,1
DA:27,1
DA:28,1
DA:29,1
DA:30,1
DA:33,1
DA:37,1
DA:39,1
DA:42,1
DA:45,1
DA:48,1
DA:49,1
DA:50,1
DA:51,1
DA:53,1
DA:55,1
DA:56,24
DA:57,24
DA:58,24
DA:60,0
DA:61,0
DA:65,1
DA:67,1
DA:68,1
DA:92,1
DA:129,1
DA:194,1
DA:206,1
DA:211,1
DA:212,1
DA:213,1
DA:215,1
DA:216,1
DA:217,1
DA:223,1
DA:229,1
DA:235,1
DA:241,1
DA:242,1
DA:243,1
DA:244,1
DA:247,1
DA:248,11
DA:249,11
DA:250,11
DA:253,1
DA:254,11
DA:255,11
DA:256,11
DA:259,1
DA:260,1
DA:261,1
DA:264,4
DA:273,1
DA:276,4
DA:283,1
DA:285,1
DA:290,1
DA:292,1
DA:293,1
DA:297,1
DA:302,1
DA:306,1
DA:310,1
DA:315,0
DA:316,0
DA:320,1
DA:321,1
DA:323,1
DA:326,4
DA:336,1
DA:339,4
DA:346,1
DA:347,1
DA:351,1
DA:353,1
DA:354,1
DA:358,1
DA:363,1
DA:367,1
DA:371,1
DA:376,0
DA:380,1
DA:381,1
DA:382,1
DA:385,4
DA:395,1
DA:398,4
DA:405,1
DA:406,1
DA:410,1
DA:412,1
DA:413,1
DA:417,1
DA:422,1
DA:426,1
DA:430,1
DA:435,0
DA:439,1
DA:440,1
DA:441,1
DA:444,4
DA:452,1
DA:459,1
DA:462,4
DA:467,1
DA:468,1
DA:472,1
DA:474,1
DA:475,1
DA:479,1
DA:484,1
DA:488,1
DA:492,1
DA:497,0
DA:498,0
DA:502,1
DA:503,1
DA:504,1
DA:512,1
DA:515,4
DA:523,1
DA:526,4
DA:531,1
DA:532,1
DA:536,1
DA:538,1
DA:539,1
DA:543,1
DA:548,1
DA:552,1
DA:556,1
DA:561,0
DA:562,0
DA:566,1
DA:567,1
DA:568,1
DA:571,4
DA:579,1
DA:582,4
DA:587,1
DA:588,1
DA:592,1
DA:594,1
DA:595,1
DA:599,1
DA:604,1
DA:608,1
DA:612,1
DA:617,0
DA:622,1
DA:623,1
DA:624,1
DA:627,4
DA:681,1
DA:684,4
DA:698,1
DA:699,1
DA:703,1
DA:705,1
DA:706,1
DA:710,1
DA:715,1
DA:719,1
DA:723,1
DA:728,0
DA:729,0
DA:733,1
DA:734,1
DA:735,1
DA:738,4
DA:752,1
DA:755,4
DA:769,1
DA:770,1
DA:774,1
DA:776,1
DA:777,1
DA:781,1
DA:786,1
DA:790,1
DA:794,1
DA:799,0
DA:803,1
DA:804,1
DA:805,1
DA:808,6
DA:817,1
DA:820,6
DA:827,1
DA:830,6
DA:837,1
DA:838,1
DA:839,1
DA:841,1
DA:842,1
DA:846,1
DA:851,1
DA:855,1
DA:860,0
DA:861,0
DA:865,1
DA:866,1
DA:867,1
DA:870,6
DA:879,1
DA:882,6
DA:889,1
DA:892,6
DA:899,1
DA:900,1
DA:904,1
DA:906,1
DA:907,1
DA:911,1
DA:916,1
DA:920,1
DA:924,1
DA:929,0
DA:930,0
DA:934,1
DA:935,1
DA:936,1
DA:939,6
DA:948,1
DA:951,6
DA:958,1
DA:961,6
DA:969,1
DA:971,1
DA:977,1
DA:980,1
DA:981,1
DA:985,1
DA:990,1
DA:994,1
DA:998,1
DA:1003,0
DA:1004,0
DA:1008,1
DA:1009,1
DA:1010,1
DA:1014,1
DA:1015,1
DA:1016,1
DA:1017,1
DA:1018,1
DA:1019,1
DA:1020,1
LF:263
LH:243
BRDA:265,0,0,4
BRDA:265,0,1,2
BRDA:327,1,0,4
BRDA:327,1,1,2
BRDA:386,2,0,4
BRDA:386,2,1,2
BRDA:445,3,0,4
BRDA:445,3,1,2
BRDA:516,4,0,4
BRDA:516,4,1,2
BRDA:572,5,0,4
BRDA:572,5,1,2
BRDA:628,6,0,4
BRDA:628,6,1,4
BRDA:628,6,2,4
BRDA:628,6,3,4
BRDA:628,6,4,4
BRDA:628,6,5,2
BRDA:685,7,0,4
BRDA:685,7,1,4
BRDA:685,7,2,4
BRDA:685,7,3,4
BRDA:685,7,4,4
BRDA:685,7,5,2
BRDA:739,8,0,4
BRDA:739,8,1,4
BRDA:739,8,2,4
BRDA:739,8,3,4
BRDA:739,8,4,4
BRDA:739,8,5,2
BRDA:756,9,0,4
BRDA:756,9,1,4
BRDA:756,9,2,4
BRDA:756,9,3,4
BRDA:756,9,4,4
BRDA:756,9,5,2
BRDA:809,10,0,6
BRDA:809,10,1,2
BRDA:871,11,0,6
BRDA:871,11,1,4
BRDA:940,12,0,6
BRDA:940,12,1,4
BRF:42
BRH:42
end_of_record
TN:
SF:test-opensearch/controllers/video-subtitles/video-subtitles.payload.js
FNF:0
FNH:0
DA:1,1
DA:2,1
DA:3,1
DA:4,1
DA:5,1
DA:2270,1
DA:2839,1
DA:2877,1
DA:2912,1
DA:3013,1
DA:3513,1
DA:3548,1
DA:5725,1
DA:5779,1
DA:8045,1
DA:8094,1
DA:8634,1
DA:8669,1
LF:18
LH:18
BRF:0
BRH:0
end_of_record
TN:
SF:test-opensearch/controllers/video-subtitles/video-subtitles.spec.js
FN:34,(anonymous_0)
FN:35,(anonymous_1)
FN:68,(anonymous_2)
FN:77,(anonymous_3)
FN:86,(anonymous_4)
FN:95,(anonymous_5)
FNF:6
FNH:6
FNDA:1,(anonymous_0)
FNDA:1,(anonymous_1)
FNDA:1,(anonymous_2)
FNDA:1,(anonymous_3)
FNDA:1,(anonymous_4)
FNDA:1,(anonymous_5)
DA:1,1
DA:3,1
DA:4,1
DA:5,1
DA:20,1
DA:21,1
DA:22,1
DA:26,1
DA:27,1
DA:29,1
DA:30,1
DA:31,1
DA:32,1
DA:34,1
DA:35,1
DA:36,1
DA:37,1
DA:38,1
DA:40,1
DA:41,1
DA:47,1
DA:54,1
DA:55,1
DA:57,1
DA:60,1
DA:62,1
DA:65,1
DA:68,1
DA:69,1
DA:73,1
DA:74,1
DA:77,1
DA:78,1
DA:82,1
DA:83,1
DA:86,1
DA:87,1
DA:91,1
DA:92,1
DA:95,1
DA:96,1
DA:97,1
DA:98,1
DA:99,1
LF:44
LH:44
BRF:0
BRH:0
end_of_record
TN:
SF:test-opensearch/dyanamic-payload/dynamic-payload-helper.js
FN:7,(anonymous_0)
FN:18,(anonymous_1)
FN:24,(anonymous_2)
FN:39,(anonymous_3)
FN:78,(anonymous_4)
FN:93,(anonymous_5)
FN:106,(anonymous_6)
FN:107,(anonymous_7)
FN:133,(anonymous_8)
FN:148,(anonymous_9)
FN:173,(anonymous_10)
FN:188,(anonymous_11)
FN:194,(anonymous_12)
FNF:13
FNH:13
FNDA:52,(anonymous_0)
FNDA:52,(anonymous_1)
FNDA:12,(anonymous_2)
FNDA:806,(anonymous_3)
FNDA:48,(anonymous_4)
FNDA:6,(anonymous_5)
FNDA:50,(anonymous_6)
FNDA:66,(anonymous_7)
FNDA:10,(anonymous_8)
FNDA:631,(anonymous_9)
FNDA:10,(anonymous_10)
FNDA:115,(anonymous_11)
FNDA:1217,(anonymous_12)
DA:1,1
DA:2,1
DA:3,1
DA:4,1
DA:5,1
DA:6,1
DA:7,1
DA:8,52
DA:9,52
DA:10,2565
DA:11,2565
DA:12,2565
DA:14,52
DA:18,1
DA:19,52
DA:20,52
DA:24,1
DA:25,12
DA:26,0
DA:30,12
DA:32,12
DA:33,12
DA:35,12
DA:36,1568
DA:38,1568
DA:39,248
DA:40,806
DA:41,8
DA:44,798
DA:45,726
DA:46,726
DA:48,72
DA:52,1320
DA:53,11418
DA:54,11418
DA:58,11418
DA:59,3820
DA:62,7598
DA:63,240
DA:64,240
DA:65,7358
DA:66,590
DA:67,590
DA:69,6768
DA:75,12
DA:78,1
DA:79,48
DA:80,48
DA:82,48
DA:83,0
DA:84,0
DA:87,48
DA:88,48
DA:89,48
DA:92,48
DA:93,6
DA:95,44
DA:98,48
DA:100,0
DA:101,0
DA:106,1
DA:107,50
DA:108,66
DA:109,66
DA:110,66
DA:112,66
DA:113,20
DA:114,0
DA:115,0
DA:117,20
DA:120,66
DA:121,66
DA:122,66
DA:124,0
DA:127,0
DA:133,1
DA:134,10
DA:135,10
DA:136,10
DA:137,10
DA:138,0
DA:139,0
DA:141,10
DA:145,10
DA:147,10
DA:148,10
DA:149,631
DA:150,0
DA:154,10
DA:155,0
DA:156,0
DA:157,0
DA:159,0
DA:164,10
DA:165,10
DA:167,10
DA:169,0
DA:173,1
DA:174,10
DA:175,10
DA:176,10
DA:177,10
DA:179,0
DA:180,0
DA:182,0
DA:188,1
DA:189,115
DA:190,115
DA:191,115
DA:194,1217
DA:196,115
DA:198,57
DA:199,57
DA:200,57
DA:202,58
DA:203,58
DA:206,0
DA:207,0
DA:212,1
LF:119
LH:97
BRDA:24,0,0,8
BRDA:25,1,0,0
BRDA:25,1,1,12
BRDA:25,2,0,12
BRDA:25,2,1,12
BRDA:30,3,0,12
BRDA:30,3,1,12
BRDA:32,4,0,8
BRDA:32,4,1,4
BRDA:38,5,0,248
BRDA:38,5,1,1320
BRDA:40,6,0,8
BRDA:40,6,1,798
BRDA:41,7,0,0
BRDA:41,7,1,8
BRDA:41,8,0,8
BRDA:41,8,1,8
BRDA:44,9,0,726
BRDA:44,9,1,72
BRDA:44,10,0,798
BRDA:44,10,1,754
BRDA:45,11,0,0
BRDA:45,11,1,726
BRDA:53,12,0,11418
BRDA:53,12,1,1506
BRDA:54,13,0,9992
BRDA:54,13,1,1426
BRDA:58,14,0,3820
BRDA:58,14,1,7598
BRDA:59,15,0,3082
BRDA:59,15,1,738
BRDA:62,16,0,240
BRDA:62,16,1,7358
BRDA:65,17,0,590
BRDA:65,17,1,6768
BRDA:65,18,0,7358
BRDA:65,18,1,1512
BRDA:82,19,0,0
BRDA:82,19,1,48
BRDA:92,20,0,4
BRDA:92,20,1,44
BRDA:113,21,0,0
BRDA:113,21,1,20
BRDA:121,22,0,66
BRDA:121,22,1,0
BRDA:137,23,0,0
BRDA:137,23,1,10
BRDA:149,24,0,0
BRDA:149,24,1,631
BRDA:154,25,0,0
BRDA:154,25,1,10
BRDA:179,26,0,0
BRDA:179,26,1,0
BRDA:179,27,0,0
BRDA:179,27,1,0
BRDA:179,27,2,0
BRDA:179,27,3,0
BRDA:196,28,0,57
BRDA:196,28,1,58
BRF:59
BRH:44
end_of_record
TN:
SF:test-opensearch/utility/kafka/kafka-consumer/relevance-score.spec.js
FN:26,(anonymous_0)
FN:43,(anonymous_1)
FN:51,(anonymous_2)
FN:53,(anonymous_3)
FN:62,(anonymous_4)
FN:67,(anonymous_5)
FN:132,(anonymous_6)
FNF:7
FNH:7
FNDA:1,(anonymous_0)
FNDA:1,(anonymous_1)
FNDA:1,(anonymous_2)
FNDA:1,(anonymous_3)
FNDA:1,(anonymous_4)
FNDA:1,(anonymous_5)
FNDA:1,(anonymous_6)
DA:1,1
DA:2,1
DA:3,1
DA:4,1
DA:5,1
DA:6,1
DA:7,1
DA:8,1
DA:9,1
DA:18,1
DA:19,1
DA:20,1
DA:21,1
DA:22,1
DA:24,1
DA:26,1
DA:27,1
DA:29,1
DA:30,0
DA:32,0
DA:35,1
DA:40,1
DA:43,1
DA:44,1
DA:46,1
DA:51,1
DA:53,1
DA:54,1
DA:55,1
DA:57,1
DA:58,1
DA:59,1
DA:62,1
DA:63,1
DA:64,1
DA:67,1
DA:68,1
DA:72,1
DA:73,1
DA:74,1
DA:76,1
DA:77,1
DA:79,1
DA:81,1
DA:86,1
DA:88,1
DA:89,1
DA:91,1
DA:92,1
DA:93,1
DA:98,1
DA:100,1
DA:102,1
DA:105,8
DA:107,8
DA:108,0
DA:110,8
DA:111,0
DA:114,8
DA:117,8
DA:118,23
DA:119,8
DA:120,0
DA:122,8
DA:124,15
DA:127,8
DA:128,8
DA:132,1
DA:133,1
DA:134,1
DA:135,1
LF:71
LH:66
BRDA:29,0,0,0
BRDA:29,0,1,1
BRDA:88,1,0,1
BRDA:88,1,1,0
BRDA:88,2,0,1
BRDA:88,2,1,1
BRDA:91,3,0,1
BRDA:91,3,1,0
BRDA:91,4,0,1
BRDA:91,4,1,1
BRDA:107,5,0,0
BRDA:107,5,1,8
BRDA:107,6,0,8
BRDA:107,6,1,0
BRDA:110,7,0,0
BRDA:110,7,1,8
BRDA:118,8,0,8
BRDA:118,8,1,15
BRDA:119,9,0,0
BRDA:119,9,1,8
BRF:20
BRH:13
end_of_record
TN:
SF:test-opensearch/utility/kafka/kafka-consumer/search-client-payload.js
FNF:0
FNH:0
DA:1,1
DA:3,1
DA:1518,1
LF:3
LH:3
BRF:0
BRH:0
end_of_record
TN:
SF:test-opensearch/utility/kafka/kafka-consumer/search-configurations.spec.js
FN:9,(anonymous_0)
FN:19,(anonymous_1)
FN:22,(anonymous_2)
FN:30,(anonymous_3)
FN:36,(anonymous_4)
FN:48,(anonymous_5)
FN:56,(anonymous_6)
FN:68,(anonymous_7)
FNF:8
FNH:8
FNDA:2,(anonymous_0)
FNDA:1,(anonymous_1)
FNDA:1,(anonymous_2)
FNDA:1,(anonymous_3)
FNDA:1,(anonymous_4)
FNDA:1,(anonymous_5)
FNDA:1,(anonymous_6)
FNDA:1,(anonymous_7)
DA:1,1
DA:2,1
DA:3,1
DA:4,1
DA:5,1
DA:6,1
DA:7,1
DA:9,1
DA:10,2
DA:11,2
DA:15,0
DA:16,2
DA:19,1
DA:22,1
DA:23,1
DA:24,1
DA:27,1
DA:30,1
DA:31,1
DA:32,1
DA:33,1
DA:36,1
DA:37,1
DA:39,1
DA:40,1
DA:41,1
DA:45,0
DA:48,1
DA:49,1
DA:53,1
DA:56,1
DA:57,1
DA:59,1
DA:60,1
DA:61,1
DA:65,0
DA:68,1
DA:69,1
DA:70,1
LF:39
LH:36
BRDA:9,0,0,2
BRDA:11,1,0,0
BRDA:11,1,1,2
BRDA:12,2,0,2
BRDA:12,2,1,2
BRDA:12,2,2,2
BRDA:41,3,0,0
BRDA:41,3,1,1
BRDA:42,4,0,1
BRDA:42,4,1,1
BRDA:42,4,2,1
BRDA:61,5,0,0
BRDA:61,5,1,1
BRDA:62,6,0,1
BRDA:62,6,1,1
BRDA:62,6,2,1
BRF:16
BRH:13
end_of_record
TN:
SF:test-opensearch/utility/kafka/kafka-consumer/opensearch/indexing/index.js
FN:1,transformData
FN:8,(anonymous_1)
FNF:2
FNH:2
FNDA:1,transformData
FNDA:10,(anonymous_1)
DA:6,1
DA:8,1
DA:10,10
DA:18,10
DA:21,1
DA:24,1
LF:6
LH:6
BRF:0
BRH:0
end_of_record
TN:
SF:test-opensearch/utility/opensearch/client.js
FN:3,(anonymous_0)
FNF:1
FNH:1
FNDA:197,(anonymous_0)
DA:1,1
DA:3,1
DA:4,197
DA:5,197
DA:6,23
DA:7,23
DA:9,197
DA:11,1
LF:8
LH:8
BRDA:5,0,0,23
BRDA:5,0,1,174
BRF:2
BRH:2
end_of_record
TN:
SF:test-opensearch/utility/opensearch/index-utils/index.js
FN:6,(anonymous_0)
FN:21,(anonymous_1)
FN:48,(anonymous_2)
FNF:3
FNH:3
FNDA:85,(anonymous_0)
FNDA:5267,(anonymous_1)
FNDA:84,(anonymous_2)
DA:1,1
DA:2,1
DA:3,1
DA:4,1
DA:6,1
DA:7,85
DA:8,85
DA:9,85
DA:10,85
DA:11,0
DA:12,0
DA:14,85
DA:18,85
DA:20,85
DA:21,85
DA:22,5267
DA:23,6
DA:27,85
DA:28,6
DA:29,6
DA:30,6
DA:32,0
DA:37,85
DA:38,85
DA:39,83
DA:42,85
DA:44,0
DA:48,1
DA:49,84
DA:50,84
DA:51,84
DA:52,83
DA:54,1
DA:55,1
DA:57,0
DA:62,1
LF:36
LH:31
BRDA:6,0,0,2
BRDA:10,1,0,0
BRDA:10,1,1,85
BRDA:22,2,0,6
BRDA:22,2,1,5261
BRDA:27,3,0,6
BRDA:27,3,1,79
BRDA:38,4,0,83
BRDA:38,4,1,2
BRDA:54,5,0,1
BRDA:54,5,1,0
BRDA:54,6,0,1
BRDA:54,6,1,1
BRDA:54,6,2,1
BRDA:54,6,3,1
BRF:15
BRH:13
end_of_record
TN:
SF:test-opensearch/utility/opensearch/indexing/index.js
FN:1,transformData
FN:8,(anonymous_1)
FNF:2
FNH:2
FNDA:13,transformData
FNDA:134,(anonymous_1)
DA:6,13
DA:8,13
DA:10,134
DA:18,134
DA:21,13
DA:24,1
LF:6
LH:6
BRF:0
BRH:0
end_of_record
