TN:
SF:/home/rohanmore/Tasks/9LocalSetupFixes/docker-dev-setup/micro-services/su-crawler/src/app/controllers/crawler/crawler-controller.js
FN:15,(anonymous_0)
FN:33,(anonymous_1)
FN:53,(anonymous_2)
FN:79,(anonymous_3)
FN:103,(anonymous_4)
FN:128,(anonymous_5)
FN:144,(anonymous_6)
FN:175,(anonymous_7)
FN:180,(anonymous_8)
FN:196,(anonymous_9)
FN:209,(anonymous_10)
FN:229,(anonymous_11)
FN:237,(anonymous_12)
FN:264,(anonymous_13)
FN:278,(anonymous_14)
FN:305,(anonymous_15)
FN:319,(anonymous_16)
FN:338,(anonymous_17)
FN:350,(anonymous_18)
FN:392,(anonymous_19)
FN:402,(anonymous_20)
FN:418,(anonymous_21)
FN:444,(anonymous_22)
FN:451,(anonymous_23)
FN:469,(anonymous_24)
FNF:25
FNH:0
FNDA:0,(anonymous_0)
FNDA:0,(anonymous_1)
FNDA:0,(anonymous_2)
FNDA:0,(anonymous_3)
FNDA:0,(anonymous_4)
FNDA:0,(anonymous_5)
FNDA:0,(anonymous_6)
FNDA:0,(anonymous_7)
FNDA:0,(anonymous_8)
FNDA:0,(anonymous_9)
FNDA:0,(anonymous_10)
FNDA:0,(anonymous_11)
FNDA:0,(anonymous_12)
FNDA:0,(anonymous_13)
FNDA:0,(anonymous_14)
FNDA:0,(anonymous_15)
FNDA:0,(anonymous_16)
FNDA:0,(anonymous_17)
FNDA:0,(anonymous_18)
FNDA:0,(anonymous_19)
FNDA:0,(anonymous_20)
FNDA:0,(anonymous_21)
FNDA:0,(anonymous_22)
FNDA:0,(anonymous_23)
FNDA:0,(anonymous_24)
DA:1,1
DA:2,1
DA:3,1
DA:4,1
DA:5,1
DA:6,1
DA:7,1
DA:8,1
DA:9,1
DA:10,1
DA:11,1
DA:12,1
DA:13,1
DA:15,0
DA:16,0
DA:17,0
DA:18,0
DA:24,0
DA:26,0
DA:28,0
DA:29,0
DA:33,0
DA:34,0
DA:37,0
DA:39,0
DA:44,0
DA:46,0
DA:48,0
DA:49,0
DA:53,0
DA:54,0
DA:55,0
DA:56,0
DA:63,0
DA:64,0
DA:66,0
DA:67,0
DA:70,0
DA:72,0
DA:74,0
DA:75,0
DA:79,0
DA:80,0
DA:83,0
DA:84,0
DA:86,0
DA:90,0
DA:91,0
DA:92,0
DA:94,0
DA:98,0
DA:99,0
DA:103,0
DA:104,0
DA:107,0
DA:109,0
DA:110,0
DA:115,0
DA:119,0
DA:121,0
DA:123,0
DA:124,0
DA:128,0
DA:129,0
DA:130,0
DA:131,0
DA:132,0
DA:133,0
DA:135,0
DA:136,0
DA:138,0
DA:141,0
DA:143,0
DA:144,0
DA:145,0
DA:148,0
DA:149,0
DA:151,0
DA:153,0
DA:154,0
DA:155,0
DA:156,0
DA:158,0
DA:161,0
DA:164,0
DA:168,0
DA:170,0
DA:171,0
DA:175,0
DA:176,0
DA:177,0
DA:178,0
DA:179,0
DA:180,0
DA:181,0
DA:189,0
DA:191,0
DA:192,0
DA:196,0
DA:197,0
DA:198,0
DA:199,0
DA:200,0
DA:202,0
DA:204,0
DA:205,0
DA:209,0
DA:210,0
DA:213,0
DA:214,0
DA:220,0
DA:222,0
DA:224,0
DA:225,0
DA:229,0
DA:230,0
DA:231,0
DA:232,0
DA:233,0
DA:234,0
DA:235,0
DA:236,0
DA:237,0
DA:238,0
DA:245,0
DA:246,0
DA:247,0
DA:248,0
DA:250,0
DA:254,0
DA:255,0
DA:257,0
DA:259,0
DA:260,0
DA:264,0
DA:265,0
DA:266,0
DA:267,0
DA:268,0
DA:269,0
DA:271,0
DA:273,0
DA:274,0
DA:278,0
DA:279,0
DA:280,0
DA:281,0
DA:282,0
DA:283,0
DA:284,0
DA:285,0
DA:286,0
DA:289,0
DA:296,0
DA:298,0
DA:300,0
DA:301,0
DA:305,0
DA:306,0
DA:307,0
DA:308,0
DA:309,0
DA:311,0
DA:313,0
DA:314,0
DA:319,0
DA:320,0
DA:321,0
DA:322,0
DA:323,0
DA:324,0
DA:325,0
DA:329,0
DA:331,0
DA:333,0
DA:334,0
DA:338,0
DA:339,0
DA:340,0
DA:341,0
DA:343,0
DA:345,0
DA:346,0
DA:350,0
DA:351,0
DA:354,0
DA:356,0
DA:360,0
DA:361,0
DA:362,0
DA:369,0
DA:370,0
DA:372,0
DA:375,0
DA:376,0
DA:377,0
DA:379,0
DA:387,0
DA:388,0
DA:392,0
DA:393,0
DA:394,0
DA:396,0
DA:398,0
DA:399,0
DA:402,0
DA:403,0
DA:404,0
DA:405,0
DA:407,0
DA:412,0
DA:413,0
DA:418,0
DA:419,0
DA:420,0
DA:421,0
DA:424,0
DA:425,0
DA:426,0
DA:430,0
DA:435,0
DA:438,0
DA:439,0
DA:443,0
DA:444,0
DA:445,0
DA:446,0
DA:451,0
DA:452,0
DA:454,0
DA:458,0
DA:462,0
DA:464,0
DA:465,0
DA:469,0
DA:470,0
DA:471,0
DA:473,0
DA:475,0
DA:476,0
DA:480,0
LF:241
LH:13
BRDA:63,0,0,0
BRDA:63,0,1,0
BRDA:66,1,0,0
BRDA:66,1,1,0
BRDA:109,2,0,0
BRDA:109,2,1,0
BRDA:135,3,0,0
BRDA:135,3,1,0
BRDA:143,4,0,0
BRDA:143,4,1,0
BRDA:155,5,0,0
BRDA:155,5,1,0
BRDA:236,6,0,0
BRDA:236,6,1,0
BRDA:246,7,0,0
BRDA:246,7,1,0
BRDA:280,8,0,0
BRDA:280,8,1,0
BRDA:280,9,0,0
BRDA:280,9,1,0
BRDA:283,10,0,0
BRDA:283,10,1,0
BRDA:285,11,0,0
BRDA:285,11,1,0
BRDA:369,12,0,0
BRDA:369,12,1,0
BRDA:376,13,0,0
BRDA:376,13,1,0
BRDA:425,14,0,0
BRDA:425,14,1,0
BRDA:438,15,0,0
BRDA:438,15,1,0
BRDA:443,16,0,0
BRDA:443,16,1,0
BRDA:445,17,0,0
BRDA:445,17,1,0
BRF:36
BRH:0
end_of_record
TN:
SF:/home/rohanmore/Tasks/9LocalSetupFixes/docker-dev-setup/micro-services/su-crawler/src/app/controllers/crawler/crawler-service.js
FN:52,(anonymous_0)
FN:67,(anonymous_1)
FN:85,(anonymous_2)
FN:103,(anonymous_3)
FN:268,(anonymous_4)
FN:284,(anonymous_5)
FN:316,(anonymous_6)
FN:514,(anonymous_7)
FN:550,(anonymous_8)
FN:670,(anonymous_9)
FN:774,(anonymous_10)
FN:824,validateIntervalValue
FN:852,validateInterval
FN:874,parseIntervalToDecimal
FN:887,(anonymous_14)
FN:1093,(anonymous_15)
FN:1114,(anonymous_16)
FN:1160,(anonymous_17)
FN:1196,(anonymous_18)
FN:1309,(anonymous_19)
FN:1310,(anonymous_20)
FN:1324,(anonymous_21)
FN:1348,(anonymous_22)
FN:1417,(anonymous_23)
FN:1447,(anonymous_24)
FN:1467,(anonymous_25)
FN:1484,(anonymous_26)
FN:1494,(anonymous_27)
FN:1496,(anonymous_28)
FN:1502,(anonymous_29)
FN:1507,(anonymous_30)
FN:1513,(anonymous_31)
FN:1518,(anonymous_32)
FN:1583,(anonymous_33)
FN:1685,(anonymous_34)
FN:1694,(anonymous_35)
FN:1695,(anonymous_36)
FN:1735,(anonymous_37)
FN:1750,(anonymous_38)
FN:1758,(anonymous_39)
FN:1759,(anonymous_40)
FN:1770,(anonymous_41)
FN:1771,(anonymous_42)
FN:1773,(anonymous_43)
FN:1776,(anonymous_44)
FN:1784,checkIfObject
FN:1788,checkIfArrayOfObject
FN:1789,(anonymous_47)
FN:1793,(anonymous_48)
FN:1796,(anonymous_49)
FN:1797,(anonymous_50)
FN:1806,(anonymous_51)
FN:1808,(anonymous_52)
FN:1811,(anonymous_53)
FN:1816,(anonymous_54)
FN:1832,(anonymous_55)
FN:1848,(anonymous_56)
FN:1854,(anonymous_57)
FN:1863,(anonymous_58)
FN:1880,(anonymous_59)
FN:1905,(anonymous_60)
FN:1916,(anonymous_61)
FN:1932,(anonymous_62)
FN:1945,(anonymous_63)
FNF:64
FNH:0
FNDA:0,(anonymous_0)
FNDA:0,(anonymous_1)
FNDA:0,(anonymous_2)
FNDA:0,(anonymous_3)
FNDA:0,(anonymous_4)
FNDA:0,(anonymous_5)
FNDA:0,(anonymous_6)
FNDA:0,(anonymous_7)
FNDA:0,(anonymous_8)
FNDA:0,(anonymous_9)
FNDA:0,(anonymous_10)
FNDA:0,validateIntervalValue
FNDA:0,validateInterval
FNDA:0,parseIntervalToDecimal
FNDA:0,(anonymous_14)
FNDA:0,(anonymous_15)
FNDA:0,(anonymous_16)
FNDA:0,(anonymous_17)
FNDA:0,(anonymous_18)
FNDA:0,(anonymous_19)
FNDA:0,(anonymous_20)
FNDA:0,(anonymous_21)
FNDA:0,(anonymous_22)
FNDA:0,(anonymous_23)
FNDA:0,(anonymous_24)
FNDA:0,(anonymous_25)
FNDA:0,(anonymous_26)
FNDA:0,(anonymous_27)
FNDA:0,(anonymous_28)
FNDA:0,(anonymous_29)
FNDA:0,(anonymous_30)
FNDA:0,(anonymous_31)
FNDA:0,(anonymous_32)
FNDA:0,(anonymous_33)
FNDA:0,(anonymous_34)
FNDA:0,(anonymous_35)
FNDA:0,(anonymous_36)
FNDA:0,(anonymous_37)
FNDA:0,(anonymous_38)
FNDA:0,(anonymous_39)
FNDA:0,(anonymous_40)
FNDA:0,(anonymous_41)
FNDA:0,(anonymous_42)
FNDA:0,(anonymous_43)
FNDA:0,(anonymous_44)
FNDA:0,checkIfObject
FNDA:0,checkIfArrayOfObject
FNDA:0,(anonymous_47)
FNDA:0,(anonymous_48)
FNDA:0,(anonymous_49)
FNDA:0,(anonymous_50)
FNDA:0,(anonymous_51)
FNDA:0,(anonymous_52)
FNDA:0,(anonymous_53)
FNDA:0,(anonymous_54)
FNDA:0,(anonymous_55)
FNDA:0,(anonymous_56)
FNDA:0,(anonymous_57)
FNDA:0,(anonymous_58)
FNDA:0,(anonymous_59)
FNDA:0,(anonymous_60)
FNDA:0,(anonymous_61)
FNDA:0,(anonymous_62)
FNDA:0,(anonymous_63)
DA:2,1
DA:3,1
DA:4,1
DA:5,1
DA:6,1
DA:7,1
DA:8,1
DA:9,1
DA:10,1
DA:11,1
DA:12,1
DA:13,1
DA:14,1
DA:15,1
DA:16,1
DA:17,1
DA:18,1
DA:19,1
DA:20,1
DA:21,1
DA:22,1
DA:23,1
DA:24,1
DA:25,1
DA:26,0
DA:27,0
DA:28,0
DA:29,0
DA:35,0
DA:36,0
DA:37,0
DA:38,0
DA:39,0
DA:42,0
DA:43,0
DA:44,0
DA:45,0
DA:46,0
DA:52,0
DA:53,0
DA:54,0
DA:55,0
DA:56,0
DA:57,0
DA:58,0
DA:60,0
DA:64,0
DA:67,0
DA:68,0
DA:69,0
DA:71,0
DA:72,0
DA:73,0
DA:74,0
DA:75,0
DA:76,0
DA:79,0
DA:81,0
DA:84,0
DA:85,0
DA:86,0
DA:87,0
DA:89,0
DA:93,0
DA:96,0
DA:98,0
DA:99,0
DA:103,0
DA:104,0
DA:105,0
DA:106,0
DA:111,0
DA:112,0
DA:120,0
DA:123,0
DA:125,0
DA:126,0
DA:130,0
DA:132,0
DA:133,0
DA:137,0
DA:139,0
DA:140,0
DA:144,0
DA:146,0
DA:149,0
DA:154,0
DA:155,0
DA:156,0
DA:160,0
DA:161,0
DA:162,0
DA:163,0
DA:166,0
DA:170,0
DA:171,0
DA:172,0
DA:173,0
DA:176,0
DA:177,0
DA:181,0
DA:186,0
DA:192,0
DA:193,0
DA:195,0
DA:204,0
DA:205,0
DA:212,0
DA:224,0
DA:225,0
DA:226,0
DA:233,0
DA:242,0
DA:244,0
DA:253,0
DA:258,0
DA:263,0
DA:264,0
DA:268,0
DA:269,0
DA:270,0
DA:271,0
DA:273,0
DA:279,0
DA:280,0
DA:284,0
DA:288,0
DA:289,0
DA:290,0
DA:294,0
DA:296,0
DA:297,0
DA:299,0
DA:300,0
DA:301,0
DA:303,0
DA:304,0
DA:306,0
DA:313,0
DA:314,0
DA:316,0
DA:317,0
DA:318,0
DA:320,0
DA:321,0
DA:326,0
DA:327,0
DA:328,0
DA:335,0
DA:344,0
DA:345,0
DA:354,0
DA:358,0
DA:359,0
DA:368,0
DA:369,0
DA:379,0
DA:383,0
DA:387,0
DA:388,0
DA:390,0
DA:392,0
DA:393,0
DA:394,0
DA:396,0
DA:403,0
DA:405,0
DA:410,0
DA:412,0
DA:420,0
DA:421,0
DA:422,0
DA:424,0
DA:456,0
DA:465,0
DA:466,0
DA:467,0
DA:468,0
DA:470,0
DA:471,0
DA:477,0
DA:478,0
DA:484,0
DA:485,0
DA:492,0
DA:493,0
DA:496,0
DA:498,0
DA:501,0
DA:503,0
DA:507,0
DA:509,0
DA:514,0
DA:515,0
DA:520,0
DA:521,0
DA:522,0
DA:523,0
DA:524,0
DA:527,0
DA:528,0
DA:537,0
DA:538,0
DA:540,0
DA:543,0
DA:544,0
DA:547,0
DA:550,0
DA:553,0
DA:554,0
DA:558,0
DA:559,0
DA:561,0
DA:563,0
DA:565,0
DA:566,0
DA:567,0
DA:568,0
DA:570,0
DA:571,0
DA:572,0
DA:576,0
DA:577,0
DA:579,0
DA:588,0
DA:589,0
DA:596,0
DA:608,0
DA:609,0
DA:610,0
DA:617,0
DA:626,0
DA:627,0
DA:635,0
DA:636,0
DA:646,0
DA:649,0
DA:656,0
DA:661,0
DA:665,0
DA:666,0
DA:670,0
DA:671,0
DA:672,0
DA:676,0
DA:678,0
DA:679,0
DA:682,0
DA:687,0
DA:692,0
DA:694,0
DA:695,0
DA:706,0
DA:707,0
DA:716,0
DA:746,0
DA:747,0
DA:748,0
DA:749,0
DA:750,0
DA:755,0
DA:760,0
DA:762,0
DA:763,0
DA:764,0
DA:766,0
DA:767,0
DA:768,0
DA:769,0
DA:774,0
DA:775,0
DA:779,0
DA:784,0
DA:792,0
DA:797,0
DA:799,0
DA:803,0
DA:804,0
DA:813,0
DA:816,0
DA:818,0
DA:819,0
DA:825,0
DA:827,0
DA:829,0
DA:831,0
DA:833,0
DA:835,0
DA:837,0
DA:839,0
DA:853,0
DA:854,0
DA:856,0
DA:857,0
DA:858,0
DA:859,0
DA:862,0
DA:864,0
DA:865,0
DA:868,0
DA:871,0
DA:875,0
DA:876,0
DA:877,0
DA:878,0
DA:881,0
DA:884,0
DA:887,0
DA:888,0
DA:889,0
DA:892,0
DA:893,0
DA:898,0
DA:899,0
DA:901,0
DA:903,0
DA:904,0
DA:905,0
DA:906,0
DA:907,0
DA:908,0
DA:909,0
DA:911,0
DA:912,0
DA:914,0
DA:916,0
DA:917,0
DA:922,0
DA:935,0
DA:937,0
DA:938,0
DA:939,0
DA:942,0
DA:943,0
DA:945,0
DA:946,0
DA:948,0
DA:949,0
DA:951,0
DA:952,0
DA:954,0
DA:955,0
DA:957,0
DA:958,0
DA:960,0
DA:961,0
DA:963,0
DA:965,0
DA:966,0
DA:980,0
DA:981,0
DA:983,0
DA:985,0
DA:986,0
DA:999,0
DA:1001,0
DA:1002,0
DA:1003,0
DA:1006,0
DA:1007,0
DA:1009,0
DA:1010,0
DA:1012,0
DA:1013,0
DA:1015,0
DA:1016,0
DA:1018,0
DA:1019,0
DA:1021,0
DA:1022,0
DA:1024,0
DA:1025,0
DA:1027,0
DA:1029,0
DA:1060,0
DA:1061,0
DA:1062,0
DA:1064,0
DA:1065,0
DA:1068,0
DA:1073,0
DA:1074,0
DA:1077,0
DA:1081,0
DA:1082,0
DA:1086,0
DA:1088,0
DA:1089,0
DA:1093,0
DA:1094,0
DA:1095,0
DA:1099,0
DA:1100,0
DA:1101,0
DA:1104,0
DA:1109,0
DA:1110,0
DA:1114,0
DA:1115,0
DA:1116,0
DA:1117,0
DA:1118,0
DA:1120,0
DA:1121,0
DA:1122,0
DA:1125,0
DA:1126,0
DA:1128,0
DA:1129,0
DA:1130,0
DA:1131,0
DA:1132,0
DA:1134,0
DA:1135,0
DA:1136,0
DA:1137,0
DA:1138,0
DA:1139,0
DA:1140,0
DA:1142,0
DA:1146,0
DA:1148,0
DA:1150,0
DA:1153,0
DA:1155,0
DA:1156,0
DA:1160,0
DA:1161,0
DA:1162,0
DA:1163,0
DA:1168,0
DA:1169,0
DA:1172,0
DA:1173,0
DA:1174,0
DA:1179,0
DA:1180,0
DA:1182,0
DA:1183,0
DA:1186,0
DA:1189,0
DA:1191,0
DA:1192,0
DA:1196,0
DA:1197,0
DA:1199,0
DA:1202,0
DA:1205,0
DA:1206,0
DA:1210,0
DA:1211,0
DA:1212,0
DA:1213,0
DA:1214,0
DA:1216,0
DA:1217,0
DA:1218,0
DA:1220,0
DA:1221,0
DA:1223,0
DA:1224,0
DA:1225,0
DA:1227,0
DA:1228,0
DA:1229,0
DA:1232,0
DA:1233,0
DA:1235,0
DA:1236,0
DA:1237,0
DA:1238,0
DA:1242,0
DA:1243,0
DA:1246,0
DA:1256,0
DA:1257,0
DA:1263,0
DA:1264,0
DA:1266,0
DA:1267,0
DA:1269,0
DA:1271,0
DA:1272,0
DA:1273,0
DA:1280,0
DA:1281,0
DA:1282,0
DA:1284,0
DA:1285,0
DA:1288,0
DA:1293,0
DA:1294,0
DA:1295,0
DA:1297,0
DA:1300,0
DA:1303,0
DA:1309,0
DA:1310,0
DA:1312,0
DA:1314,0
DA:1316,0
DA:1318,0
DA:1320,0
DA:1324,0
DA:1326,0
DA:1328,0
DA:1330,0
DA:1332,0
DA:1334,0
DA:1338,0
DA:1339,0
DA:1342,0
DA:1348,0
DA:1351,0
DA:1353,0
DA:1355,0
DA:1356,0
DA:1359,0
DA:1360,0
DA:1364,0
DA:1365,0
DA:1366,0
DA:1367,0
DA:1369,0
DA:1371,0
DA:1376,0
DA:1382,0
DA:1383,0
DA:1387,0
DA:1388,0
DA:1389,0
DA:1390,0
DA:1397,0
DA:1398,0
DA:1407,0
DA:1410,0
DA:1411,0
DA:1414,0
DA:1417,0
DA:1418,0
DA:1419,0
DA:1424,0
DA:1425,0
DA:1426,0
DA:1427,0
DA:1432,0
DA:1439,0
DA:1441,0
DA:1442,0
DA:1447,0
DA:1448,0
DA:1449,0
DA:1450,0
DA:1455,0
DA:1462,0
DA:1463,0
DA:1467,0
DA:1468,0
DA:1469,0
DA:1473,0
DA:1474,0
DA:1475,0
DA:1477,0
DA:1478,0
DA:1479,0
DA:1480,0
DA:1481,0
DA:1483,0
DA:1484,0
DA:1487,0
DA:1489,0
DA:1490,0
DA:1494,0
DA:1495,0
DA:1496,0
DA:1497,0
DA:1499,0
DA:1502,0
DA:1503,0
DA:1504,0
DA:1507,0
DA:1508,0
DA:1513,0
DA:1514,0
DA:1518,0
DA:1519,0
DA:1520,0
DA:1530,0
DA:1531,0
DA:1535,0
DA:1536,0
DA:1537,0
DA:1539,0
DA:1544,0
DA:1545,0
DA:1546,0
DA:1550,0
DA:1551,0
DA:1552,0
DA:1555,0
DA:1570,0
DA:1571,0
DA:1572,0
DA:1574,0
DA:1583,0
DA:1584,0
DA:1586,0
DA:1593,0
DA:1595,0
DA:1596,0
DA:1597,0
DA:1598,0
DA:1599,0
DA:1600,0
DA:1602,0
DA:1605,0
DA:1606,0
DA:1611,0
DA:1613,0
DA:1614,0
DA:1617,0
DA:1618,0
DA:1620,0
DA:1623,0
DA:1624,0
DA:1625,0
DA:1634,0
DA:1635,0
DA:1637,0
DA:1638,0
DA:1639,0
DA:1640,0
DA:1641,0
DA:1643,0
DA:1644,0
DA:1647,0
DA:1652,0
DA:1657,0
DA:1660,0
DA:1666,0
DA:1667,0
DA:1668,0
DA:1673,0
DA:1674,0
DA:1675,0
DA:1679,0
DA:1680,0
DA:1685,0
DA:1686,0
DA:1687,0
DA:1688,0
DA:1690,0
DA:1691,0
DA:1692,0
DA:1694,0
DA:1695,0
DA:1698,0
DA:1699,0
DA:1700,0
DA:1701,0
DA:1702,0
DA:1704,0
DA:1705,0
DA:1706,0
DA:1707,0
DA:1709,0
DA:1710,0
DA:1711,0
DA:1712,0
DA:1713,0
DA:1714,0
DA:1715,0
DA:1717,0
DA:1722,0
DA:1724,0
DA:1725,0
DA:1726,0
DA:1727,0
DA:1728,0
DA:1731,0
DA:1732,0
DA:1735,0
DA:1736,0
DA:1739,0
DA:1741,0
DA:1743,0
DA:1745,0
DA:1746,0
DA:1750,0
DA:1751,0
DA:1753,0
DA:1758,0
DA:1759,0
DA:1760,0
DA:1762,0
DA:1763,0
DA:1767,0
DA:1770,0
DA:1771,0
DA:1773,0
DA:1775,0
DA:1776,0
DA:1777,0
DA:1780,0
DA:1785,0
DA:1789,0
DA:1793,0
DA:1794,0
DA:1795,0
DA:1796,0
DA:1797,0
DA:1798,0
DA:1799,0
DA:1800,0
DA:1801,0
DA:1802,0
DA:1805,0
DA:1806,0
DA:1808,0
DA:1811,0
DA:1815,0
DA:1816,0
DA:1817,0
DA:1818,0
DA:1819,0
DA:1821,0
DA:1823,0
DA:1824,0
DA:1825,0
DA:1826,0
DA:1827,0
DA:1832,0
DA:1833,0
DA:1834,0
DA:1835,0
DA:1838,0
DA:1839,0
DA:1841,0
DA:1843,0
DA:1844,0
DA:1847,0
DA:1848,0
DA:1850,0
DA:1851,0
DA:1852,0
DA:1853,0
DA:1854,0
DA:1855,0
DA:1861,0
DA:1862,0
DA:1863,0
DA:1864,0
DA:1865,0
DA:1866,0
DA:1867,0
DA:1872,0
DA:1873,0
DA:1874,0
DA:1877,0
DA:1880,0
DA:1883,0
DA:1884,0
DA:1885,0
DA:1887,0
DA:1891,0
DA:1892,0
DA:1893,0
DA:1897,0
DA:1898,0
DA:1899,0
DA:1905,0
DA:1906,0
DA:1915,0
DA:1917,0
DA:1926,0
DA:1932,0
DA:1939,0
DA:1940,0
DA:1944,0
DA:1945,0
DA:1946,0
DA:1950,0
DA:1951,0
DA:1952,0
DA:1953,0
DA:1955,0
DA:1957,0
DA:1958,0
DA:1962,0
DA:1983,0
DA:1984,0
LF:791
LH:24
BRDA:56,0,0,0
BRDA:56,0,1,0
BRDA:56,1,0,0
BRDA:56,1,1,0
BRDA:57,2,0,0
BRDA:57,2,1,0
BRDA:74,3,0,0
BRDA:74,3,1,0
BRDA:75,4,0,0
BRDA:75,4,1,0
BRDA:81,5,0,0
BRDA:81,5,1,0
BRDA:84,6,0,0
BRDA:84,6,1,0
BRDA:86,7,0,0
BRDA:86,7,1,0
BRDA:111,8,0,0
BRDA:111,8,1,0
BRDA:125,9,0,0
BRDA:125,9,1,0
BRDA:132,10,0,0
BRDA:132,10,1,0
BRDA:139,11,0,0
BRDA:139,11,1,0
BRDA:146,12,0,0
BRDA:146,12,1,0
BRDA:154,13,0,0
BRDA:154,13,1,0
BRDA:161,14,0,0
BRDA:161,14,1,0
BRDA:170,15,0,0
BRDA:170,15,1,0
BRDA:170,16,0,0
BRDA:170,16,1,0
BRDA:193,17,0,0
BRDA:193,17,1,0
BRDA:193,18,0,0
BRDA:193,18,1,0
BRDA:296,19,0,0
BRDA:296,19,1,0
BRDA:299,20,0,0
BRDA:299,20,1,0
BRDA:313,21,0,0
BRDA:313,21,1,0
BRDA:317,22,0,0
BRDA:317,22,1,0
BRDA:320,23,0,0
BRDA:320,23,1,0
BRDA:327,24,0,0
BRDA:327,24,1,0
BRDA:328,25,0,0
BRDA:328,25,1,0
BRDA:358,26,0,0
BRDA:358,26,1,0
BRDA:372,27,0,0
BRDA:372,27,1,0
BRDA:383,28,0,0
BRDA:383,28,1,0
BRDA:387,29,0,0
BRDA:387,29,1,0
BRDA:393,30,0,0
BRDA:393,30,1,0
BRDA:465,31,0,0
BRDA:465,31,1,0
BRDA:470,32,0,0
BRDA:470,32,1,0
BRDA:477,33,0,0
BRDA:477,33,1,0
BRDA:477,34,0,0
BRDA:477,34,1,0
BRDA:484,35,0,0
BRDA:484,35,1,0
BRDA:492,36,0,0
BRDA:492,36,1,0
BRDA:496,37,0,0
BRDA:496,37,1,0
BRDA:496,38,0,0
BRDA:496,38,1,0
BRDA:503,39,0,0
BRDA:503,39,1,0
BRDA:523,40,0,0
BRDA:523,40,1,0
BRDA:527,41,0,0
BRDA:527,41,1,0
BRDA:537,42,0,0
BRDA:537,42,1,0
BRDA:558,43,0,0
BRDA:558,43,1,0
BRDA:566,44,0,0
BRDA:566,44,1,0
BRDA:570,45,0,0
BRDA:570,45,1,0
BRDA:577,46,0,0
BRDA:577,46,1,0
BRDA:577,47,0,0
BRDA:577,47,1,0
BRDA:635,48,0,0
BRDA:635,48,1,0
BRDA:678,49,0,0
BRDA:678,49,1,0
BRDA:746,50,0,0
BRDA:746,50,1,0
BRDA:760,51,0,0
BRDA:760,51,1,0
BRDA:760,52,0,0
BRDA:760,52,1,0
BRDA:763,53,0,0
BRDA:763,53,1,0
BRDA:768,54,0,0
BRDA:768,54,1,0
BRDA:797,55,0,0
BRDA:797,55,1,0
BRDA:803,56,0,0
BRDA:803,56,1,0
BRDA:825,57,0,0
BRDA:825,57,1,0
BRDA:825,57,2,0
BRDA:825,57,3,0
BRDA:825,57,4,0
BRDA:825,57,5,0
BRDA:825,57,6,0
BRDA:827,58,0,0
BRDA:827,58,1,0
BRDA:829,59,0,0
BRDA:829,59,1,0
BRDA:831,60,0,0
BRDA:831,60,1,0
BRDA:833,61,0,0
BRDA:833,61,1,0
BRDA:835,62,0,0
BRDA:835,62,1,0
BRDA:853,63,0,0
BRDA:853,63,1,0
BRDA:853,64,0,0
BRDA:853,64,1,0
BRDA:856,65,0,0
BRDA:856,65,1,0
BRDA:857,66,0,0
BRDA:857,66,1,0
BRDA:857,67,0,0
BRDA:857,67,1,0
BRDA:859,68,0,0
BRDA:859,68,1,0
BRDA:864,69,0,0
BRDA:864,69,1,0
BRDA:875,70,0,0
BRDA:875,70,1,0
BRDA:898,71,0,0
BRDA:898,71,1,0
BRDA:908,72,0,0
BRDA:908,72,1,0
BRDA:911,73,0,0
BRDA:911,73,1,0
BRDA:916,74,0,0
BRDA:916,74,1,0
BRDA:937,75,0,0
BRDA:937,75,1,0
BRDA:942,76,0,0
BRDA:942,76,1,0
BRDA:942,77,0,0
BRDA:942,77,1,0
BRDA:943,78,0,0
BRDA:943,78,1,0
BRDA:943,78,2,0
BRDA:943,78,3,0
BRDA:943,78,4,0
BRDA:943,78,5,0
BRDA:943,78,6,0
BRDA:980,79,0,0
BRDA:980,79,1,0
BRDA:980,80,0,0
BRDA:980,80,1,0
BRDA:985,81,0,0
BRDA:985,81,1,0
BRDA:1001,82,0,0
BRDA:1001,82,1,0
BRDA:1006,83,0,0
BRDA:1006,83,1,0
BRDA:1006,84,0,0
BRDA:1006,84,1,0
BRDA:1007,85,0,0
BRDA:1007,85,1,0
BRDA:1007,85,2,0
BRDA:1007,85,3,0
BRDA:1007,85,4,0
BRDA:1007,85,5,0
BRDA:1007,85,6,0
BRDA:1060,86,0,0
BRDA:1060,86,1,0
BRDA:1064,87,0,0
BRDA:1064,87,1,0
BRDA:1064,88,0,0
BRDA:1064,88,1,0
BRDA:1064,88,2,0
BRDA:1065,89,0,0
BRDA:1065,89,1,0
BRDA:1067,90,0,0
BRDA:1067,90,1,0
BRDA:1068,91,0,0
BRDA:1068,91,1,0
BRDA:1070,92,0,0
BRDA:1070,92,1,0
BRDA:1073,93,0,0
BRDA:1073,93,1,0
BRDA:1073,94,0,0
BRDA:1073,94,1,0
BRDA:1073,94,2,0
BRDA:1074,95,0,0
BRDA:1074,95,1,0
BRDA:1076,96,0,0
BRDA:1076,96,1,0
BRDA:1077,97,0,0
BRDA:1077,97,1,0
BRDA:1079,98,0,0
BRDA:1079,98,1,0
BRDA:1081,99,0,0
BRDA:1081,99,1,0
BRDA:1099,100,0,0
BRDA:1099,100,1,0
BRDA:1120,101,0,0
BRDA:1120,101,1,0
BRDA:1132,102,0,0
BRDA:1132,102,1,0
BRDA:1132,103,0,0
BRDA:1132,103,1,0
BRDA:1136,104,0,0
BRDA:1136,104,1,0
BRDA:1138,105,0,0
BRDA:1138,105,1,0
BRDA:1140,106,0,0
BRDA:1140,106,1,0
BRDA:1148,107,0,0
BRDA:1148,107,1,0
BRDA:1160,108,0,0
BRDA:1168,109,0,0
BRDA:1168,109,1,0
BRDA:1168,110,0,0
BRDA:1168,110,1,0
BRDA:1182,111,0,0
BRDA:1182,111,1,0
BRDA:1212,112,0,0
BRDA:1212,112,1,0
BRDA:1213,113,0,0
BRDA:1213,113,1,0
BRDA:1220,114,0,0
BRDA:1220,114,1,0
BRDA:1230,115,0,0
BRDA:1230,115,1,0
BRDA:1232,116,0,0
BRDA:1232,116,1,0
BRDA:1235,117,0,0
BRDA:1235,117,1,0
BRDA:1236,118,0,0
BRDA:1236,118,1,0
BRDA:1242,119,0,0
BRDA:1242,119,1,0
BRDA:1263,120,0,0
BRDA:1263,120,1,0
BRDA:1266,121,0,0
BRDA:1266,121,1,0
BRDA:1271,122,0,0
BRDA:1271,122,1,0
BRDA:1280,123,0,0
BRDA:1280,123,1,0
BRDA:1280,124,0,0
BRDA:1280,124,1,0
BRDA:1281,125,0,0
BRDA:1281,125,1,0
BRDA:1284,126,0,0
BRDA:1284,126,1,0
BRDA:1293,127,0,0
BRDA:1293,127,1,0
BRDA:1312,128,0,0
BRDA:1312,128,1,0
BRDA:1314,129,0,0
BRDA:1314,129,1,0
BRDA:1318,130,0,0
BRDA:1318,130,1,0
BRDA:1326,131,0,0
BRDA:1326,131,1,0
BRDA:1328,132,0,0
BRDA:1328,132,1,0
BRDA:1332,133,0,0
BRDA:1332,133,1,0
BRDA:1338,134,0,0
BRDA:1338,134,1,0
BRDA:1338,135,0,0
BRDA:1338,135,1,0
BRDA:1349,136,0,0
BRDA:1359,137,0,0
BRDA:1359,137,1,0
BRDA:1364,138,0,0
BRDA:1364,138,1,0
BRDA:1366,139,0,0
BRDA:1366,139,1,0
BRDA:1369,140,0,0
BRDA:1369,140,1,0
BRDA:1382,141,0,0
BRDA:1382,141,1,0
BRDA:1389,142,0,0
BRDA:1389,142,1,0
BRDA:1397,143,0,0
BRDA:1397,143,1,0
BRDA:1397,144,0,0
BRDA:1397,144,1,0
BRDA:1397,144,2,0
BRDA:1397,144,3,0
BRDA:1397,144,4,0
BRDA:1407,145,0,0
BRDA:1407,145,1,0
BRDA:1410,146,0,0
BRDA:1410,146,1,0
BRDA:1483,147,0,0
BRDA:1483,147,1,0
BRDA:1519,148,0,0
BRDA:1519,148,1,0
BRDA:1530,149,0,0
BRDA:1530,149,1,0
BRDA:1545,150,0,0
BRDA:1545,150,1,0
BRDA:1587,151,0,0
BRDA:1587,151,1,0
BRDA:1587,152,0,0
BRDA:1587,152,1,0
BRDA:1588,153,0,0
BRDA:1588,153,1,0
BRDA:1589,154,0,0
BRDA:1589,154,1,0
BRDA:1590,155,0,0
BRDA:1590,155,1,0
BRDA:1591,156,0,0
BRDA:1591,156,1,0
BRDA:1591,157,0,0
BRDA:1591,157,1,0
BRDA:1595,158,0,0
BRDA:1595,158,1,0
BRDA:1597,159,0,0
BRDA:1597,159,1,0
BRDA:1598,160,0,0
BRDA:1598,160,1,0
BRDA:1599,161,0,0
BRDA:1599,161,1,0
BRDA:1599,162,0,0
BRDA:1599,162,1,0
BRDA:1605,163,0,0
BRDA:1605,163,1,0
BRDA:1613,164,0,0
BRDA:1613,164,1,0
BRDA:1613,165,0,0
BRDA:1613,165,1,0
BRDA:1617,166,0,0
BRDA:1617,166,1,0
BRDA:1623,167,0,0
BRDA:1623,167,1,0
BRDA:1634,168,0,0
BRDA:1634,168,1,0
BRDA:1666,169,0,0
BRDA:1666,169,1,0
BRDA:1673,170,0,0
BRDA:1673,170,1,0
BRDA:1690,171,0,0
BRDA:1690,171,1,0
BRDA:1691,172,0,0
BRDA:1691,172,1,0
BRDA:1698,173,0,0
BRDA:1698,173,1,0
BRDA:1710,174,0,0
BRDA:1710,174,1,0
BRDA:1712,175,0,0
BRDA:1712,175,1,0
BRDA:1714,176,0,0
BRDA:1714,176,1,0
BRDA:1722,177,0,0
BRDA:1722,177,1,0
BRDA:1722,178,0,0
BRDA:1722,178,1,0
BRDA:1722,179,0,0
BRDA:1722,179,1,0
BRDA:1725,180,0,0
BRDA:1725,180,1,0
BRDA:1726,181,0,0
BRDA:1726,181,1,0
BRDA:1727,182,0,0
BRDA:1727,182,1,0
BRDA:1728,183,0,0
BRDA:1728,183,1,0
BRDA:1731,184,0,0
BRDA:1731,184,1,0
BRDA:1735,185,0,0
BRDA:1735,185,1,0
BRDA:1739,186,0,0
BRDA:1739,186,1,0
BRDA:1751,187,0,0
BRDA:1751,187,1,0
BRDA:1762,188,0,0
BRDA:1762,188,1,0
BRDA:1762,189,0,0
BRDA:1762,189,1,0
BRDA:1773,190,0,0
BRDA:1773,190,1,0
BRDA:1789,191,0,0
BRDA:1789,191,1,0
BRDA:1805,192,0,0
BRDA:1805,192,1,0
BRDA:1806,193,0,0
BRDA:1806,193,1,0
BRDA:1808,194,0,0
BRDA:1808,194,1,0
BRDA:1808,194,2,0
BRDA:1808,194,3,0
BRDA:1808,194,4,0
BRDA:1808,194,5,0
BRDA:1815,195,0,0
BRDA:1815,195,1,0
BRDA:1818,196,0,0
BRDA:1818,196,1,0
BRDA:1823,197,0,0
BRDA:1823,197,1,0
BRDA:1823,198,0,0
BRDA:1823,198,1,0
BRDA:1826,199,0,0
BRDA:1826,199,1,0
BRDA:1833,200,0,0
BRDA:1833,200,1,0
BRDA:1834,201,0,0
BRDA:1834,201,1,0
BRDA:1841,202,0,0
BRDA:1841,202,1,0
BRDA:1847,203,0,0
BRDA:1847,203,1,0
BRDA:1850,204,0,0
BRDA:1850,204,1,0
BRDA:1850,205,0,0
BRDA:1850,205,1,0
BRDA:1850,205,2,0
BRDA:1853,206,0,0
BRDA:1853,206,1,0
BRDA:1853,207,0,0
BRDA:1853,207,1,0
BRDA:1862,208,0,0
BRDA:1862,208,1,0
BRDA:1864,209,0,0
BRDA:1864,209,1,0
BRDA:1898,210,0,0
BRDA:1898,210,1,0
BRDA:1931,211,0,0
BRDA:1931,211,1,0
BRDA:1935,212,0,0
BRDA:1935,212,1,0
BRF:449
BRH:0
end_of_record
TN:
SF:/home/rohanmore/Tasks/9LocalSetupFixes/docker-dev-setup/micro-services/su-crawler/src/app/controllers/crawler-config/crawler-config-controller.js
FN:37,(anonymous_0)
FN:70,(anonymous_1)
FN:83,(anonymous_2)
FN:105,(anonymous_3)
FN:106,(anonymous_4)
FN:117,(anonymous_5)
FN:163,(anonymous_6)
FN:186,(anonymous_7)
FN:198,(anonymous_8)
FN:218,(anonymous_9)
FN:235,(anonymous_10)
FN:245,(anonymous_11)
FN:296,(anonymous_12)
FN:357,(anonymous_13)
FN:372,(anonymous_14)
FN:415,(anonymous_15)
FN:423,(anonymous_16)
FN:429,(anonymous_17)
FN:443,(anonymous_18)
FN:453,(anonymous_19)
FN:466,(anonymous_20)
FN:475,(anonymous_21)
FN:482,(anonymous_22)
FN:502,(anonymous_23)
FN:557,(anonymous_24)
FN:558,(anonymous_25)
FN:581,(anonymous_26)
FN:599,(anonymous_27)
FN:649,(anonymous_28)
FN:661,(anonymous_29)
FN:672,(anonymous_30)
FN:688,(anonymous_31)
FN:699,(anonymous_32)
FN:713,(anonymous_33)
FN:723,(anonymous_34)
FN:725,(anonymous_35)
FN:727,(anonymous_36)
FN:763,(anonymous_37)
FN:768,(anonymous_38)
FN:805,(anonymous_39)
FN:811,(anonymous_40)
FN:825,(anonymous_41)
FN:839,(anonymous_42)
FN:849,(anonymous_43)
FN:859,(anonymous_44)
FN:875,(anonymous_45)
FN:888,(anonymous_46)
FN:936,(anonymous_47)
FN:945,(anonymous_48)
FNF:49
FNH:0
FNDA:0,(anonymous_0)
FNDA:0,(anonymous_1)
FNDA:0,(anonymous_2)
FNDA:0,(anonymous_3)
FNDA:0,(anonymous_4)
FNDA:0,(anonymous_5)
FNDA:0,(anonymous_6)
FNDA:0,(anonymous_7)
FNDA:0,(anonymous_8)
FNDA:0,(anonymous_9)
FNDA:0,(anonymous_10)
FNDA:0,(anonymous_11)
FNDA:0,(anonymous_12)
FNDA:0,(anonymous_13)
FNDA:0,(anonymous_14)
FNDA:0,(anonymous_15)
FNDA:0,(anonymous_16)
FNDA:0,(anonymous_17)
FNDA:0,(anonymous_18)
FNDA:0,(anonymous_19)
FNDA:0,(anonymous_20)
FNDA:0,(anonymous_21)
FNDA:0,(anonymous_22)
FNDA:0,(anonymous_23)
FNDA:0,(anonymous_24)
FNDA:0,(anonymous_25)
FNDA:0,(anonymous_26)
FNDA:0,(anonymous_27)
FNDA:0,(anonymous_28)
FNDA:0,(anonymous_29)
FNDA:0,(anonymous_30)
FNDA:0,(anonymous_31)
FNDA:0,(anonymous_32)
FNDA:0,(anonymous_33)
FNDA:0,(anonymous_34)
FNDA:0,(anonymous_35)
FNDA:0,(anonymous_36)
FNDA:0,(anonymous_37)
FNDA:0,(anonymous_38)
FNDA:0,(anonymous_39)
FNDA:0,(anonymous_40)
FNDA:0,(anonymous_41)
FNDA:0,(anonymous_42)
FNDA:0,(anonymous_43)
FNDA:0,(anonymous_44)
FNDA:0,(anonymous_45)
FNDA:0,(anonymous_46)
FNDA:0,(anonymous_47)
FNDA:0,(anonymous_48)
DA:1,1
DA:2,1
DA:3,1
DA:4,1
DA:5,1
DA:6,1
DA:7,1
DA:8,1
DA:9,1
DA:10,1
DA:11,1
DA:12,1
DA:13,1
DA:14,1
DA:15,1
DA:16,1
DA:17,0
DA:18,0
DA:19,0
DA:20,0
DA:21,0
DA:22,0
DA:23,0
DA:24,0
DA:25,0
DA:26,0
DA:27,0
DA:29,0
DA:30,0
DA:31,0
DA:32,0
DA:33,0
DA:37,0
DA:38,0
DA:42,0
DA:43,0
DA:49,0
DA:50,0
DA:52,0
DA:56,0
DA:57,0
DA:59,0
DA:63,0
DA:65,0
DA:66,0
DA:70,0
DA:71,0
DA:72,0
DA:73,0
DA:74,0
DA:76,0
DA:77,0
DA:80,0
DA:83,0
DA:84,0
DA:85,0
DA:86,0
DA:87,0
DA:89,0
DA:90,0
DA:93,0
DA:94,0
DA:95,0
DA:97,0
DA:101,0
DA:105,0
DA:106,0
DA:107,0
DA:110,0
DA:112,0
DA:113,0
DA:117,0
DA:118,0
DA:119,0
DA:120,0
DA:121,0
DA:123,0
DA:124,0
DA:125,0
DA:126,0
DA:127,0
DA:132,0
DA:133,0
DA:134,0
DA:142,0
DA:143,0
DA:144,0
DA:145,0
DA:146,0
DA:148,0
DA:150,0
DA:151,0
DA:154,0
DA:156,0
DA:158,0
DA:159,0
DA:163,0
DA:164,0
DA:165,0
DA:167,0
DA:168,0
DA:173,0
DA:175,0
DA:177,0
DA:179,0
DA:181,0
DA:182,0
DA:186,0
DA:187,0
DA:188,0
DA:189,0
DA:191,0
DA:193,0
DA:194,0
DA:198,0
DA:199,0
DA:200,0
DA:201,0
DA:202,0
DA:203,0
DA:204,0
DA:206,0
DA:211,0
DA:213,0
DA:214,0
DA:218,0
DA:219,0
DA:220,0
DA:221,0
DA:222,0
DA:223,0
DA:224,0
DA:226,0
DA:228,0
DA:230,0
DA:231,0
DA:235,0
DA:236,0
DA:237,0
DA:238,0
DA:240,0
DA:241,0
DA:245,0
DA:246,0
DA:249,0
DA:250,0
DA:252,0
DA:255,0
DA:256,0
DA:258,0
DA:259,0
DA:262,0
DA:263,0
DA:268,0
DA:271,0
DA:273,0
DA:277,0
DA:280,0
DA:282,0
DA:287,0
DA:290,0
DA:291,0
DA:296,0
DA:297,0
DA:298,0
DA:302,0
DA:303,0
DA:305,0
DA:308,0
DA:309,0
DA:311,0
DA:312,0
DA:315,0
DA:316,0
DA:321,0
DA:324,0
DA:325,0
DA:329,0
DA:331,0
DA:335,0
DA:337,0
DA:340,0
DA:345,0
DA:351,0
DA:352,0
DA:357,0
DA:358,0
DA:359,0
DA:361,0
DA:367,0
DA:368,0
DA:372,0
DA:373,0
DA:374,0
DA:375,0
DA:376,0
DA:384,0
DA:386,0
DA:387,0
DA:388,0
DA:391,0
DA:392,0
DA:393,0
DA:396,0
DA:399,0
DA:401,0
DA:402,0
DA:406,0
DA:408,0
DA:413,0
DA:415,0
DA:416,0
DA:422,0
DA:423,0
DA:425,0
DA:429,0
DA:430,0
DA:431,0
DA:433,0
DA:438,0
DA:439,0
DA:443,0
DA:444,0
DA:445,0
DA:446,0
DA:448,0
DA:449,0
DA:453,0
DA:454,0
DA:455,0
DA:456,0
DA:464,0
DA:465,0
DA:466,0
DA:467,0
DA:468,0
DA:473,0
DA:474,0
DA:475,0
DA:476,0
DA:480,0
DA:481,0
DA:482,0
DA:483,0
DA:484,0
DA:485,0
DA:487,0
DA:488,0
DA:489,0
DA:495,0
DA:497,0
DA:498,0
DA:502,0
DA:503,0
DA:506,0
DA:507,0
DA:508,0
DA:509,0
DA:510,0
DA:511,0
DA:512,0
DA:514,0
DA:523,0
DA:524,0
DA:525,0
DA:527,0
DA:528,0
DA:529,0
DA:530,0
DA:531,0
DA:532,0
DA:533,0
DA:534,0
DA:535,0
DA:536,0
DA:539,0
DA:540,0
DA:541,0
DA:542,0
DA:543,0
DA:544,0
DA:545,0
DA:546,0
DA:547,0
DA:548,0
DA:549,0
DA:550,0
DA:551,0
DA:552,0
DA:553,0
DA:557,0
DA:558,0
DA:559,0
DA:560,0
DA:567,0
DA:568,0
DA:571,0
DA:574,0
DA:576,0
DA:577,0
DA:581,0
DA:582,0
DA:583,0
DA:587,0
DA:592,0
DA:594,0
DA:595,0
DA:599,0
DA:600,0
DA:603,0
DA:605,0
DA:609,0
DA:610,0
DA:611,0
DA:618,0
DA:619,0
DA:622,0
DA:626,0
DA:627,0
DA:628,0
DA:630,0
DA:631,0
DA:632,0
DA:633,0
DA:635,0
DA:643,0
DA:644,0
DA:649,0
DA:650,0
DA:651,0
DA:652,0
DA:654,0
DA:656,0
DA:657,0
DA:661,0
DA:662,0
DA:663,0
DA:664,0
DA:666,0
DA:668,0
DA:669,0
DA:672,0
DA:673,0
DA:676,0
DA:677,0
DA:681,0
DA:683,0
DA:684,0
DA:688,0
DA:689,0
DA:690,0
DA:692,0
DA:694,0
DA:695,0
DA:699,0
DA:701,0
DA:702,0
DA:703,0
DA:705,0
DA:706,0
DA:709,0
DA:713,0
DA:714,0
DA:718,0
DA:719,0
DA:720,0
DA:723,0
DA:725,0
DA:727,0
DA:728,0
DA:729,0
DA:730,0
DA:731,0
DA:732,0
DA:736,0
DA:737,0
DA:738,0
DA:743,0
DA:744,0
DA:745,0
DA:746,0
DA:751,0
DA:760,0
DA:763,0
DA:768,0
DA:769,0
DA:770,0
DA:774,0
DA:775,0
DA:776,0
DA:777,0
DA:778,0
DA:786,0
DA:787,0
DA:792,0
DA:798,0
DA:800,0
DA:801,0
DA:805,0
DA:811,0
DA:812,0
DA:813,0
DA:814,0
DA:815,0
DA:816,0
DA:818,0
DA:820,0
DA:821,0
DA:825,0
DA:826,0
DA:827,0
DA:828,0
DA:829,0
DA:830,0
DA:832,0
DA:834,0
DA:835,0
DA:839,0
DA:840,0
DA:841,0
DA:843,0
DA:845,0
DA:849,0
DA:850,0
DA:851,0
DA:853,0
DA:855,0
DA:859,0
DA:860,0
DA:863,0
DA:864,0
DA:867,0
DA:869,0
DA:871,0
DA:872,0
DA:875,0
DA:876,0
DA:877,0
DA:878,0
DA:879,0
DA:881,0
DA:883,0
DA:884,0
DA:888,0
DA:889,0
DA:890,0
DA:891,0
DA:892,0
DA:894,0
DA:899,0
DA:900,0
DA:928,0
DA:930,0
DA:931,0
DA:936,0
DA:937,0
DA:938,0
DA:940,0
DA:941,0
DA:945,0
DA:946,0
DA:947,0
DA:949,0
DA:950,0
DA:954,0
DA:955,0
DA:956,0
DA:957,0
DA:958,0
DA:959,0
DA:960,0
DA:961,0
DA:962,0
DA:963,0
DA:964,0
DA:965,0
DA:966,0
DA:967,0
DA:968,0
DA:969,0
DA:970,0
DA:971,0
DA:972,0
DA:973,0
DA:974,0
DA:975,0
DA:976,0
DA:977,0
DA:978,0
DA:979,0
DA:980,0
DA:981,0
DA:982,0
DA:983,0
DA:984,0
DA:985,0
DA:986,0
DA:987,0
DA:988,0
DA:989,0
DA:990,0
DA:991,0
DA:992,0
DA:993,0
DA:994,0
LF:505
LH:16
BRDA:42,0,0,0
BRDA:42,0,1,0
BRDA:49,1,0,0
BRDA:49,1,1,0
BRDA:49,2,0,0
BRDA:49,2,1,0
BRDA:56,3,0,0
BRDA:56,3,1,0
BRDA:56,4,0,0
BRDA:56,4,1,0
BRDA:89,5,0,0
BRDA:89,5,1,0
BRDA:94,6,0,0
BRDA:94,6,1,0
BRDA:125,7,0,0
BRDA:125,7,1,0
BRDA:126,8,0,0
BRDA:126,8,1,0
BRDA:142,9,0,0
BRDA:142,9,1,0
BRDA:150,10,0,0
BRDA:150,10,1,0
BRDA:203,11,0,0
BRDA:203,11,1,0
BRDA:223,12,0,0
BRDA:223,12,1,0
BRDA:255,13,0,0
BRDA:255,13,1,0
BRDA:258,14,0,0
BRDA:258,14,1,0
BRDA:271,15,0,0
BRDA:271,15,1,0
BRDA:271,16,0,0
BRDA:271,16,1,0
BRDA:271,16,2,0
BRDA:308,17,0,0
BRDA:308,17,1,0
BRDA:311,18,0,0
BRDA:311,18,1,0
BRDA:324,19,0,0
BRDA:324,19,1,0
BRDA:324,20,0,0
BRDA:324,20,1,0
BRDA:384,21,0,0
BRDA:384,21,1,0
BRDA:384,21,2,0
BRDA:401,22,0,0
BRDA:401,22,1,0
BRDA:430,23,0,0
BRDA:430,23,1,0
BRDA:465,24,0,0
BRDA:465,24,1,0
BRDA:465,25,0,0
BRDA:465,25,1,0
BRDA:465,25,2,0
BRDA:467,26,0,0
BRDA:467,26,1,0
BRDA:467,27,0,0
BRDA:467,27,1,0
BRDA:474,28,0,0
BRDA:474,28,1,0
BRDA:480,29,0,0
BRDA:480,29,1,0
BRDA:484,30,0,0
BRDA:484,30,1,0
BRDA:484,31,0,0
BRDA:484,31,1,0
BRDA:488,32,0,0
BRDA:488,32,1,0
BRDA:506,33,0,0
BRDA:506,33,1,0
BRDA:507,34,0,0
BRDA:507,34,1,0
BRDA:507,35,0,0
BRDA:507,35,1,0
BRDA:509,36,0,0
BRDA:509,36,1,0
BRDA:511,37,0,0
BRDA:511,37,1,0
BRDA:524,38,0,0
BRDA:524,38,1,0
BRDA:528,39,0,0
BRDA:528,39,1,0
BRDA:528,40,0,0
BRDA:528,40,1,0
BRDA:530,41,0,0
BRDA:530,41,1,0
BRDA:533,42,0,0
BRDA:533,42,1,0
BRDA:535,43,0,0
BRDA:535,43,1,0
BRDA:539,44,0,0
BRDA:539,44,1,0
BRDA:541,45,0,0
BRDA:541,45,1,0
BRDA:543,46,0,0
BRDA:543,46,1,0
BRDA:545,47,0,0
BRDA:545,47,1,0
BRDA:547,48,0,0
BRDA:547,48,1,0
BRDA:548,49,0,0
BRDA:548,49,1,0
BRDA:550,50,0,0
BRDA:550,50,1,0
BRDA:552,51,0,0
BRDA:552,51,1,0
BRDA:559,52,0,0
BRDA:559,52,1,0
BRDA:567,53,0,0
BRDA:567,53,1,0
BRDA:618,54,0,0
BRDA:618,54,1,0
BRDA:627,55,0,0
BRDA:627,55,1,0
BRDA:632,56,0,0
BRDA:632,56,1,0
BRDA:730,57,0,0
BRDA:730,57,1,0
BRDA:736,58,0,0
BRDA:736,58,1,0
BRDA:745,59,0,0
BRDA:745,59,1,0
BRDA:786,60,0,0
BRDA:786,60,1,0
BRDA:892,61,0,0
BRDA:892,61,1,0
BRF:127
BRH:0
end_of_record
TN:
SF:/home/rohanmore/Tasks/9LocalSetupFixes/docker-dev-setup/micro-services/su-crawler/src/app/controllers/email-subscriptions/email-subscriptions-controller.js
FN:7,(anonymous_0)
FN:37,(anonymous_1)
FNF:2
FNH:0
FNDA:0,(anonymous_0)
FNDA:0,(anonymous_1)
DA:2,1
DA:3,1
DA:7,1
DA:8,0
DA:9,0
DA:10,0
DA:17,0
DA:23,0
DA:24,0
DA:25,0
DA:28,0
DA:30,0
DA:32,0
DA:33,0
DA:37,1
DA:38,0
DA:39,0
DA:40,0
DA:44,0
DA:50,0
DA:52,0
DA:53,0
DA:57,1
DA:58,1
LF:24
LH:6
BRDA:23,0,0,0
BRDA:23,0,1,0
BRF:2
BRH:0
end_of_record
TN:
SF:/home/rohanmore/Tasks/9LocalSetupFixes/docker-dev-setup/micro-services/su-crawler/src/constants/analytics-constants.js
FNF:0
FNH:0
DA:2,1
DA:4,1
DA:90,1
DA:114,1
DA:122,1
DA:137,1
DA:145,1
LF:7
LH:7
BRF:0
BRH:0
end_of_record
TN:
SF:/home/rohanmore/Tasks/9LocalSetupFixes/docker-dev-setup/micro-services/su-crawler/src/constants/content-source-constants.js
FNF:0
FNH:0
DA:1,1
DA:75,1
DA:198,1
DA:206,1
DA:213,1
DA:218,1
DA:220,1
DA:225,1
DA:234,1
DA:236,1
DA:244,1
DA:251,1
DA:258,1
DA:277,1
DA:287,1
DA:292,1
DA:298,1
DA:322,1
DA:327,1
DA:334,1
DA:339,1
DA:347,1
DA:375,1
DA:377,1
DA:388,1
DA:405,1
DA:409,1
DA:410,1
DA:412,1
DA:418,1
DA:419,1
DA:420,1
DA:421,1
DA:426,1
DA:435,1
DA:440,1
DA:442,1
DA:453,1
DA:458,1
DA:460,1
DA:494,1
DA:505,1
DA:511,1
DA:516,1
DA:518,1
DA:523,1
DA:572,1
DA:624,1
DA:765,1
DA:766,1
DA:767,1
DA:768,1
DA:770,1
DA:784,1
DA:789,1
DA:805,1
DA:814,1
DA:823,1
DA:834,1
DA:835,1
DA:836,1
DA:838,1
DA:850,1
DA:867,1
DA:868,1
DA:869,1
DA:871,1
DA:889,1
DA:906,1
LF:69
LH:69
BRF:0
BRH:0
end_of_record
TN:
SF:/home/rohanmore/Tasks/9LocalSetupFixes/docker-dev-setup/micro-services/su-crawler/src/constants/crawler-constants.js
FNF:0
FNH:0
DA:1,1
DA:3,1
DA:8,1
DA:56,1
DA:63,1
DA:70,1
DA:75,1
DA:80,1
DA:90,1
DA:93,1
DA:100,1
DA:107,1
DA:111,1
DA:115,1
DA:120,1
DA:124,1
DA:126,1
DA:138,1
DA:140,1
DA:142,1
LF:20
LH:20
BRF:0
BRH:0
end_of_record
TN:
SF:/home/rohanmore/Tasks/9LocalSetupFixes/docker-dev-setup/micro-services/su-crawler/src/constants/cs-field-mapping.js
FNF:0
FNH:0
DA:1,1
DA:35,1
DA:57,1
DA:66,1
DA:83,1
LF:5
LH:5
BRF:0
BRH:0
end_of_record
TN:
SF:/home/rohanmore/Tasks/9LocalSetupFixes/docker-dev-setup/micro-services/su-crawler/src/constants/gmail-constants.js
FN:6,(anonymous_0)
FN:7,(anonymous_1)
FN:10,(anonymous_2)
FN:11,(anonymous_3)
FNF:4
FNH:0
FNDA:0,(anonymous_0)
FNDA:0,(anonymous_1)
FNDA:0,(anonymous_2)
FNDA:0,(anonymous_3)
DA:1,1
DA:2,1
DA:3,1
DA:5,1
DA:6,0
DA:7,0
DA:10,0
DA:11,0
DA:15,1
LF:9
LH:5
BRF:0
BRH:0
end_of_record
TN:
SF:/home/rohanmore/Tasks/9LocalSetupFixes/docker-dev-setup/micro-services/su-crawler/src/crawlers/crawler-default-methods.js
FN:2,(anonymous_0)
FN:3,(anonymous_1)
FN:4,(anonymous_2)
FN:5,(anonymous_3)
FN:6,(anonymous_4)
FN:7,(anonymous_5)
FN:8,(anonymous_6)
FN:9,(anonymous_7)
FN:10,(anonymous_8)
FN:11,(anonymous_9)
FN:12,(anonymous_10)
FN:13,(anonymous_11)
FN:14,(anonymous_12)
FN:15,(anonymous_13)
FNF:14
FNH:0
FNDA:0,(anonymous_0)
FNDA:0,(anonymous_1)
FNDA:0,(anonymous_2)
FNDA:0,(anonymous_3)
FNDA:0,(anonymous_4)
FNDA:0,(anonymous_5)
FNDA:0,(anonymous_6)
FNDA:0,(anonymous_7)
FNDA:0,(anonymous_8)
FNDA:0,(anonymous_9)
FNDA:0,(anonymous_10)
FNDA:0,(anonymous_11)
FNDA:0,(anonymous_12)
FNDA:0,(anonymous_13)
DA:1,1
DA:2,0
DA:3,0
DA:4,0
DA:5,0
DA:6,0
DA:7,0
DA:8,0
DA:9,0
DA:10,0
DA:11,0
DA:12,0
DA:13,0
DA:14,0
DA:15,0
DA:18,1
LF:16
LH:2
BRF:0
BRH:0
end_of_record
TN:
SF:/home/rohanmore/Tasks/9LocalSetupFixes/docker-dev-setup/micro-services/su-crawler/src/crawlers/index.js
FNF:0
FNH:0
DA:4,1
DA:5,1
DA:7,0
DA:66,0
LF:4
LH:2
BRF:0
BRH:0
end_of_record
TN:
SF:/home/rohanmore/Tasks/9LocalSetupFixes/docker-dev-setup/micro-services/su-crawler/src/crawlers/on-demand-crawlers.js
FNF:0
FNH:0
DA:4,1
DA:6,1
DA:17,0
LF:3
LH:2
BRF:0
BRH:0
end_of_record
TN:
SF:/home/rohanmore/Tasks/9LocalSetupFixes/docker-dev-setup/micro-services/su-crawler/src/crawlers/aem/aem-crawler.js
FN:12,(anonymous_0)
FN:50,(anonymous_1)
FNF:2
FNH:0
FNDA:0,(anonymous_0)
FNDA:0,(anonymous_1)
DA:1,1
DA:2,1
DA:3,1
DA:4,0
DA:5,0
DA:6,0
DA:7,0
DA:8,0
DA:9,0
DA:12,0
DA:13,0
DA:14,0
DA:15,0
DA:19,0
DA:20,0
DA:21,0
DA:22,0
DA:23,0
DA:26,0
DA:27,0
DA:29,0
DA:33,0
DA:34,0
DA:38,0
DA:42,0
DA:43,0
DA:46,0
DA:50,0
DA:52,0
DA:53,0
DA:58,0
DA:59,0
DA:61,0
DA:66,0
DA:67,0
DA:69,0
DA:70,0
DA:71,0
DA:72,0
DA:73,0
DA:74,0
DA:76,0
DA:78,0
DA:83,0
DA:84,0
DA:89,0
DA:90,0
DA:93,0
LF:48
LH:3
BRDA:27,0,0,0
BRDA:27,0,1,0
BRDA:89,1,0,0
BRDA:89,1,1,0
BRDA:89,2,0,0
BRDA:89,2,1,0
BRF:6
BRH:0
end_of_record
TN:
SF:/home/rohanmore/Tasks/9LocalSetupFixes/docker-dev-setup/micro-services/su-crawler/src/crawlers/gmail/gmail-auth-verification.js
FN:6,(anonymous_0)
FNF:1
FNH:0
FNDA:0,(anonymous_0)
DA:1,1
DA:2,1
DA:3,1
DA:4,1
DA:6,1
DA:7,0
DA:8,0
DA:10,0
DA:22,0
DA:23,0
DA:24,0
DA:30,0
DA:31,0
DA:32,0
DA:35,0
DA:38,0
DA:41,1
LF:17
LH:6
BRDA:30,0,0,0
BRDA:30,0,1,0
BRDA:30,1,0,0
BRDA:30,1,1,0
BRF:4
BRH:0
end_of_record
TN:
SF:/home/rohanmore/Tasks/9LocalSetupFixes/docker-dev-setup/micro-services/su-crawler/src/crawlers/gmail/gmail-data-transform.js
FN:4,(anonymous_0)
FNF:1
FNH:0
FNDA:0,(anonymous_0)
DA:1,1
DA:2,1
DA:4,0
DA:5,0
DA:6,0
DA:7,0
DA:8,0
DA:9,0
DA:10,0
DA:11,0
DA:12,0
DA:13,0
DA:14,0
DA:17,0
DA:22,0
DA:24,0
DA:25,0
DA:29,0
LF:18
LH:2
BRDA:10,0,0,0
BRDA:10,0,1,0
BRDA:13,1,0,0
BRDA:13,1,1,0
BRF:4
BRH:0
end_of_record
TN:
SF:/home/rohanmore/Tasks/9LocalSetupFixes/docker-dev-setup/micro-services/su-crawler/src/crawlers/gmail/gmail-field-mapping.js
FNF:0
FNH:0
DA:1,1
DA:218,1
LF:2
LH:2
BRF:0
BRH:0
end_of_record
TN:
SF:/home/rohanmore/Tasks/9LocalSetupFixes/docker-dev-setup/micro-services/su-crawler/src/crawlers/gmail/gmail-lib.js
FN:9,(anonymous_0)
FNF:1
FNH:0
FNDA:0,(anonymous_0)
DA:2,1
DA:3,1
DA:4,1
DA:5,1
DA:6,1
DA:7,1
DA:9,1
DA:12,0
DA:13,0
DA:14,0
DA:15,0
DA:16,0
DA:20,0
DA:21,0
DA:22,0
DA:28,0
DA:29,0
DA:32,0
DA:33,0
DA:38,0
DA:39,0
DA:40,0
DA:41,0
DA:44,0
DA:45,0
DA:47,0
DA:49,0
DA:50,0
DA:51,0
DA:53,0
DA:54,0
DA:55,0
DA:56,0
DA:58,0
DA:63,0
DA:64,0
DA:65,0
DA:67,0
DA:69,0
DA:71,0
DA:72,0
DA:74,0
DA:75,0
DA:77,0
DA:80,0
DA:81,0
DA:82,0
DA:85,0
DA:86,0
DA:88,0
DA:89,0
DA:94,0
DA:96,0
DA:100,0
DA:101,0
DA:102,0
DA:104,0
DA:105,0
DA:107,0
DA:111,0
DA:114,1
LF:61
LH:8
BRDA:14,0,0,0
BRDA:14,0,1,0
BRDA:14,1,0,0
BRDA:14,1,1,0
BRDA:22,2,0,0
BRDA:22,2,1,0
BRDA:22,2,2,0
BRDA:22,2,3,0
BRDA:22,2,4,0
BRDA:22,2,5,0
BRDA:22,2,6,0
BRDA:28,3,0,0
BRDA:28,3,1,0
BRDA:32,4,0,0
BRDA:32,4,1,0
BRDA:38,5,0,0
BRDA:38,5,1,0
BRDA:38,6,0,0
BRDA:38,6,1,0
BRDA:50,7,0,0
BRDA:50,7,1,0
BRDA:50,8,0,0
BRDA:50,8,1,0
BRDA:63,9,0,0
BRDA:63,9,1,0
BRDA:65,10,0,0
BRDA:65,10,1,0
BRDA:65,11,0,0
BRDA:65,11,1,0
BRDA:74,12,0,0
BRDA:74,12,1,0
BRDA:82,13,0,0
BRDA:82,13,1,0
BRDA:82,14,0,0
BRDA:82,14,1,0
BRDA:82,14,2,0
BRDA:82,14,3,0
BRDA:82,14,4,0
BRDA:82,14,5,0
BRDA:85,15,0,0
BRDA:85,15,1,0
BRDA:88,16,0,0
BRDA:88,16,1,0
BRDA:101,17,0,0
BRDA:101,17,1,0
BRDA:102,18,0,0
BRDA:102,18,1,0
BRF:47
BRH:0
end_of_record
TN:
SF:/home/rohanmore/Tasks/9LocalSetupFixes/docker-dev-setup/micro-services/su-crawler/src/crawlers/gmail/gmail-metadata.js
FN:208,(anonymous_0)
FNF:1
FNH:0
FNDA:0,(anonymous_0)
DA:1,1
DA:208,1
DA:210,1
LF:3
LH:3
BRF:0
BRH:0
end_of_record
TN:
SF:/home/rohanmore/Tasks/9LocalSetupFixes/docker-dev-setup/micro-services/su-crawler/src/crawlers/gmail/gmail-space-field-mapping.js
FNF:0
FNH:0
DA:1,1
LF:1
LH:1
BRF:0
BRH:0
end_of_record
TN:
SF:/home/rohanmore/Tasks/9LocalSetupFixes/docker-dev-setup/micro-services/su-crawler/src/crawlers/gmail/gmail-spaces.js
FN:6,(anonymous_0)
FN:49,(anonymous_1)
FNF:2
FNH:0
FNDA:0,(anonymous_0)
FNDA:0,(anonymous_1)
DA:1,1
DA:2,1
DA:3,1
DA:4,1
DA:6,1
DA:7,0
DA:8,0
DA:10,0
DA:11,0
DA:12,0
DA:13,0
DA:15,0
DA:23,0
DA:29,0
DA:30,0
DA:31,0
DA:32,0
DA:34,0
DA:37,0
DA:40,0
DA:42,0
DA:44,0
DA:45,0
DA:49,1
DA:50,0
DA:51,0
DA:52,0
DA:60,0
DA:66,0
DA:67,0
DA:70,0
DA:72,0
DA:73,0
DA:77,1
LF:34
LH:7
BRDA:13,0,0,0
BRDA:13,0,1,0
BRDA:29,1,0,0
BRDA:29,1,1,0
BRDA:29,2,0,0
BRDA:29,2,1,0
BRDA:37,3,0,0
BRDA:37,3,1,0
BRDA:66,4,0,0
BRDA:66,4,1,0
BRF:10
BRH:0
end_of_record
TN:
SF:/home/rohanmore/Tasks/9LocalSetupFixes/docker-dev-setup/micro-services/su-crawler/src/crawlers/gmail/index.js
FN:12,(anonymous_0)
FN:15,(anonymous_1)
FN:16,(anonymous_2)
FNF:3
FNH:0
FNDA:0,(anonymous_0)
FNDA:0,(anonymous_1)
FNDA:0,(anonymous_2)
DA:1,1
DA:2,1
DA:3,1
DA:4,1
DA:5,1
DA:6,1
DA:7,1
DA:9,0
DA:12,0
DA:15,0
DA:16,0
LF:11
LH:7
BRF:0
BRH:0
end_of_record
TN:
SF:/home/rohanmore/Tasks/9LocalSetupFixes/docker-dev-setup/micro-services/su-crawler/src/crawlers/website/kill-browser.js
FN:8,(anonymous_0)
FN:8,(anonymous_1)
FN:9,(anonymous_2)
FN:13,(anonymous_3)
FN:19,(anonymous_4)
FN:27,(anonymous_5)
FN:42,(anonymous_6)
FN:43,(anonymous_7)
FNF:8
FNH:0
FNDA:0,(anonymous_0)
FNDA:0,(anonymous_1)
FNDA:0,(anonymous_2)
FNDA:0,(anonymous_3)
FNDA:0,(anonymous_4)
FNDA:0,(anonymous_5)
FNDA:0,(anonymous_6)
FNDA:0,(anonymous_7)
DA:3,1
DA:4,1
DA:5,1
DA:6,1
DA:8,1
DA:9,0
DA:10,0
DA:11,0
DA:13,0
DA:14,0
DA:19,1
DA:20,0
DA:21,0
DA:23,0
DA:26,0
DA:27,0
DA:28,0
DA:29,0
DA:31,0
DA:34,0
DA:35,0
DA:38,0
DA:40,0
DA:41,0
DA:42,0
DA:43,0
DA:44,0
DA:45,0
DA:47,0
DA:53,0
DA:55,0
DA:59,1
LF:32
LH:7
BRDA:10,0,0,0
BRDA:10,0,1,0
BRDA:20,1,0,0
BRDA:20,1,1,0
BRDA:26,2,0,0
BRDA:26,2,1,0
BRDA:28,3,0,0
BRDA:28,3,1,0
BRDA:41,4,0,0
BRDA:41,4,1,0
BRDA:44,5,0,0
BRDA:44,5,1,0
BRF:12
BRH:0
end_of_record
TN:
SF:/home/rohanmore/Tasks/9LocalSetupFixes/docker-dev-setup/micro-services/su-crawler/src/database/index.js
FNF:0
FNH:0
DA:1,1
DA:2,1
DA:3,1
DA:5,1
LF:4
LH:4
BRF:0
BRH:0
end_of_record
TN:
SF:/home/rohanmore/Tasks/9LocalSetupFixes/docker-dev-setup/micro-services/su-crawler/src/database/indexer/index-default-methods.js
FN:5,(anonymous_0)
FN:6,(anonymous_1)
FN:7,(anonymous_2)
FN:8,(anonymous_3)
FN:9,(anonymous_4)
FN:10,(anonymous_5)
FN:11,(anonymous_6)
FN:12,(anonymous_7)
FN:13,(anonymous_8)
FN:14,(anonymous_9)
FN:15,(anonymous_10)
FN:16,(anonymous_11)
FN:17,(anonymous_12)
FN:18,(anonymous_13)
FN:19,(anonymous_14)
FN:20,(anonymous_15)
FN:21,(anonymous_16)
FN:22,(anonymous_17)
FN:23,(anonymous_18)
FN:24,(anonymous_19)
FN:25,(anonymous_20)
FNF:21
FNH:0
FNDA:0,(anonymous_0)
FNDA:0,(anonymous_1)
FNDA:0,(anonymous_2)
FNDA:0,(anonymous_3)
FNDA:0,(anonymous_4)
FNDA:0,(anonymous_5)
FNDA:0,(anonymous_6)
FNDA:0,(anonymous_7)
FNDA:0,(anonymous_8)
FNDA:0,(anonymous_9)
FNDA:0,(anonymous_10)
FNDA:0,(anonymous_11)
FNDA:0,(anonymous_12)
FNDA:0,(anonymous_13)
FNDA:0,(anonymous_14)
FNDA:0,(anonymous_15)
FNDA:0,(anonymous_16)
FNDA:0,(anonymous_17)
FNDA:0,(anonymous_18)
FNDA:0,(anonymous_19)
FNDA:0,(anonymous_20)
DA:1,1
DA:4,1
DA:5,0
DA:6,0
DA:7,0
DA:8,0
DA:15,0
DA:29,1
LF:8
LH:3
BRF:0
BRH:0
end_of_record
TN:
SF:/home/rohanmore/Tasks/9LocalSetupFixes/docker-dev-setup/micro-services/su-crawler/src/database/indexer/index-service.js
FN:22,(anonymous_0)
FN:41,(anonymous_1)
FN:68,(anonymous_2)
FN:129,(anonymous_3)
FN:148,(anonymous_4)
FN:159,(anonymous_5)
FN:170,(anonymous_6)
FN:181,(anonymous_7)
FN:203,(anonymous_8)
FN:214,(anonymous_9)
FN:233,(anonymous_10)
FN:242,(anonymous_11)
FN:289,(anonymous_12)
FN:303,(anonymous_13)
FN:305,(anonymous_14)
FN:307,(anonymous_15)
FN:309,(anonymous_16)
FN:312,(anonymous_17)
FN:322,(anonymous_18)
FN:328,(anonymous_19)
FN:334,(anonymous_20)
FN:336,(anonymous_21)
FN:338,(anonymous_22)
FN:340,(anonymous_23)
FN:346,(anonymous_24)
FN:352,(anonymous_25)
FN:358,(anonymous_26)
FN:362,(anonymous_27)
FN:375,(anonymous_28)
FNF:29
FNH:0
FNDA:0,(anonymous_0)
FNDA:0,(anonymous_1)
FNDA:0,(anonymous_2)
FNDA:0,(anonymous_3)
FNDA:0,(anonymous_4)
FNDA:0,(anonymous_5)
FNDA:0,(anonymous_6)
FNDA:0,(anonymous_7)
FNDA:0,(anonymous_8)
FNDA:0,(anonymous_9)
FNDA:0,(anonymous_10)
FNDA:0,(anonymous_11)
FNDA:0,(anonymous_12)
FNDA:0,(anonymous_13)
FNDA:0,(anonymous_14)
FNDA:0,(anonymous_15)
FNDA:0,(anonymous_16)
FNDA:0,(anonymous_17)
FNDA:0,(anonymous_18)
FNDA:0,(anonymous_19)
FNDA:0,(anonymous_20)
FNDA:0,(anonymous_21)
FNDA:0,(anonymous_22)
FNDA:0,(anonymous_23)
FNDA:0,(anonymous_24)
FNDA:0,(anonymous_25)
FNDA:0,(anonymous_26)
FNDA:0,(anonymous_27)
FNDA:0,(anonymous_28)
DA:1,1
DA:2,1
DA:3,1
DA:4,1
DA:5,0
DA:6,0
DA:7,0
DA:8,0
DA:9,0
DA:10,0
DA:12,0
DA:13,0
DA:19,0
DA:22,0
DA:23,0
DA:24,0
DA:25,0
DA:29,0
DA:31,0
DA:34,0
DA:35,0
DA:38,0
DA:41,0
DA:42,0
DA:43,0
DA:44,0
DA:48,0
DA:49,0
DA:53,0
DA:58,0
DA:61,0
DA:62,0
DA:65,0
DA:68,0
DA:71,0
DA:72,0
DA:73,0
DA:74,0
DA:76,0
DA:78,0
DA:79,0
DA:83,0
DA:88,0
DA:91,0
DA:92,0
DA:95,0
DA:99,0
DA:100,0
DA:101,0
DA:102,0
DA:107,0
DA:111,0
DA:113,0
DA:117,0
DA:119,0
DA:121,0
DA:122,0
DA:125,0
DA:129,0
DA:130,0
DA:131,0
DA:132,0
DA:136,0
DA:138,0
DA:141,0
DA:142,0
DA:145,0
DA:148,0
DA:149,0
DA:150,0
DA:152,0
DA:154,0
DA:155,0
DA:159,0
DA:160,0
DA:161,0
DA:163,0
DA:165,0
DA:166,0
DA:170,0
DA:171,0
DA:172,0
DA:174,0
DA:176,0
DA:177,0
DA:181,0
DA:184,0
DA:185,0
DA:189,0
DA:195,0
DA:196,0
DA:200,0
DA:203,0
DA:204,0
DA:205,0
DA:207,0
DA:208,0
DA:211,0
DA:214,0
DA:215,0
DA:216,0
DA:217,0
DA:221,0
DA:223,0
DA:226,0
DA:227,0
DA:230,0
DA:233,0
DA:234,0
DA:235,0
DA:237,0
DA:238,0
DA:242,0
DA:250,0
DA:251,0
DA:258,0
DA:259,0
DA:264,0
DA:266,0
DA:269,0
DA:271,0
DA:274,0
DA:284,0
DA:285,0
DA:289,0
DA:292,0
DA:293,0
DA:297,0
DA:298,0
DA:303,0
DA:305,0
DA:307,0
DA:309,0
DA:312,0
DA:315,0
DA:319,0
DA:322,0
DA:324,0
DA:328,0
DA:330,0
DA:334,0
DA:336,0
DA:338,0
DA:340,0
DA:342,0
DA:346,0
DA:348,0
DA:352,0
DA:354,0
DA:358,0
DA:359,0
DA:362,0
DA:363,0
DA:364,0
DA:368,0
DA:370,0
DA:371,0
DA:375,0
DA:377,0
DA:378,0
DA:379,0
DA:380,0
DA:381,0
DA:382,0
DA:383,0
DA:384,0
DA:385,0
DA:386,0
DA:387,0
DA:388,0
DA:389,0
DA:390,0
DA:391,0
DA:392,0
DA:393,0
DA:394,0
DA:395,0
DA:396,0
DA:397,0
DA:398,0
DA:399,0
DA:400,0
DA:401,0
DA:402,0
DA:403,0
DA:404,0
DA:405,0
LF:187
LH:4
BRDA:24,0,0,0
BRDA:24,0,1,0
BRDA:24,1,0,0
BRDA:24,1,1,0
BRDA:48,2,0,0
BRDA:48,2,1,0
BRDA:48,3,0,0
BRDA:48,3,1,0
BRDA:69,4,0,0
BRDA:73,5,0,0
BRDA:73,5,1,0
BRDA:78,6,0,0
BRDA:78,6,1,0
BRDA:78,7,0,0
BRDA:78,7,1,0
BRDA:91,8,0,0
BRDA:91,8,1,0
BRDA:95,9,0,0
BRDA:95,9,1,0
BRDA:95,10,0,0
BRDA:95,10,1,0
BRDA:121,11,0,0
BRDA:121,11,1,0
BRDA:121,12,0,0
BRDA:121,12,1,0
BRDA:121,12,2,0
BRDA:121,12,3,0
BRDA:131,13,0,0
BRDA:131,13,1,0
BRDA:131,14,0,0
BRDA:131,14,1,0
BRDA:216,15,0,0
BRDA:216,15,1,0
BRDA:216,16,0,0
BRDA:216,16,1,0
BRDA:258,17,0,0
BRDA:258,17,1,0
BRDA:264,18,0,0
BRDA:264,18,1,0
BRDA:264,19,0,0
BRDA:264,19,1,0
BRDA:271,20,0,0
BRDA:271,20,1,0
BRDA:307,21,0,0
BRF:44
BRH:0
end_of_record
TN:
SF:/home/rohanmore/Tasks/9LocalSetupFixes/docker-dev-setup/micro-services/su-crawler/src/database/indexer/elasticsearch/elastic-constants.js
FNF:0
FNH:0
DA:1,1
DA:5,1
DA:10,1
DA:15,1
DA:19,1
DA:37,1
DA:94,1
LF:7
LH:7
BRF:0
BRH:0
end_of_record
TN:
SF:/home/rohanmore/Tasks/9LocalSetupFixes/docker-dev-setup/micro-services/su-crawler/src/database/indexer/elasticsearch/elasticsearch-lib.js
FN:29,(anonymous_0)
FN:41,(anonymous_1)
FN:57,(anonymous_2)
FN:61,(anonymous_3)
FN:66,(anonymous_4)
FN:84,(anonymous_5)
FN:88,(anonymous_6)
FN:93,(anonymous_7)
FN:107,(anonymous_8)
FN:117,(anonymous_9)
FN:118,(anonymous_10)
FN:135,(anonymous_11)
FN:171,(anonymous_12)
FN:176,(anonymous_13)
FN:177,(anonymous_14)
FN:190,(anonymous_15)
FN:195,(anonymous_16)
FN:196,(anonymous_17)
FN:207,(anonymous_18)
FN:215,(anonymous_19)
FN:221,(anonymous_20)
FN:253,(anonymous_21)
FN:257,(anonymous_22)
FN:262,(anonymous_23)
FN:283,(anonymous_24)
FN:325,(anonymous_25)
FN:348,(anonymous_26)
FN:353,(anonymous_27)
FN:410,(anonymous_28)
FN:430,(anonymous_29)
FN:449,(anonymous_30)
FN:467,(anonymous_31)
FN:497,(anonymous_32)
FN:502,(anonymous_33)
FN:530,(anonymous_34)
FN:535,(anonymous_35)
FN:538,(anonymous_36)
FN:566,(anonymous_37)
FN:585,(anonymous_38)
FN:600,(anonymous_39)
FN:612,(anonymous_40)
FN:643,(anonymous_41)
FN:681,(anonymous_42)
FN:702,(anonymous_43)
FN:715,(anonymous_44)
FN:736,(anonymous_45)
FN:743,(anonymous_46)
FN:745,(anonymous_47)
FN:751,(anonymous_48)
FN:780,(anonymous_49)
FN:803,(anonymous_50)
FNF:51
FNH:0
FNDA:0,(anonymous_0)
FNDA:0,(anonymous_1)
FNDA:0,(anonymous_2)
FNDA:0,(anonymous_3)
FNDA:0,(anonymous_4)
FNDA:0,(anonymous_5)
FNDA:0,(anonymous_6)
FNDA:0,(anonymous_7)
FNDA:0,(anonymous_8)
FNDA:0,(anonymous_9)
FNDA:0,(anonymous_10)
FNDA:0,(anonymous_11)
FNDA:0,(anonymous_12)
FNDA:0,(anonymous_13)
FNDA:0,(anonymous_14)
FNDA:0,(anonymous_15)
FNDA:0,(anonymous_16)
FNDA:0,(anonymous_17)
FNDA:0,(anonymous_18)
FNDA:0,(anonymous_19)
FNDA:0,(anonymous_20)
FNDA:0,(anonymous_21)
FNDA:0,(anonymous_22)
FNDA:0,(anonymous_23)
FNDA:0,(anonymous_24)
FNDA:0,(anonymous_25)
FNDA:0,(anonymous_26)
FNDA:0,(anonymous_27)
FNDA:0,(anonymous_28)
FNDA:0,(anonymous_29)
FNDA:0,(anonymous_30)
FNDA:0,(anonymous_31)
FNDA:0,(anonymous_32)
FNDA:0,(anonymous_33)
FNDA:0,(anonymous_34)
FNDA:0,(anonymous_35)
FNDA:0,(anonymous_36)
FNDA:0,(anonymous_37)
FNDA:0,(anonymous_38)
FNDA:0,(anonymous_39)
FNDA:0,(anonymous_40)
FNDA:0,(anonymous_41)
FNDA:0,(anonymous_42)
FNDA:0,(anonymous_43)
FNDA:0,(anonymous_44)
FNDA:0,(anonymous_45)
FNDA:0,(anonymous_46)
FNDA:0,(anonymous_47)
FNDA:0,(anonymous_48)
FNDA:0,(anonymous_49)
FNDA:0,(anonymous_50)
DA:1,1
DA:2,1
DA:3,1
DA:4,1
DA:5,1
DA:6,1
DA:7,1
DA:8,1
DA:9,1
DA:10,1
DA:15,1
DA:27,1
DA:29,1
DA:30,0
DA:31,0
DA:33,0
DA:34,0
DA:35,0
DA:38,0
DA:41,1
DA:42,0
DA:46,0
DA:47,0
DA:49,0
DA:50,0
DA:51,0
DA:53,0
DA:57,1
DA:58,0
DA:59,0
DA:61,0
DA:62,0
DA:67,0
DA:68,0
DA:69,0
DA:71,0
DA:73,0
DA:75,0
DA:78,0
DA:84,1
DA:85,0
DA:86,0
DA:88,0
DA:89,0
DA:94,0
DA:95,0
DA:96,0
DA:98,0
DA:101,0
DA:107,1
DA:108,0
DA:109,0
DA:112,0
DA:113,0
DA:115,0
DA:117,0
DA:118,0
DA:119,0
DA:120,0
DA:121,0
DA:122,0
DA:124,0
DA:127,0
DA:130,0
DA:135,1
DA:136,0
DA:137,0
DA:139,0
DA:141,0
DA:142,0
DA:145,0
DA:147,0
DA:148,0
DA:149,0
DA:159,0
DA:160,0
DA:168,0
DA:171,1
DA:172,0
DA:174,0
DA:176,0
DA:177,0
DA:178,0
DA:179,0
DA:180,0
DA:182,0
DA:185,0
DA:190,1
DA:191,0
DA:193,0
DA:195,0
DA:196,0
DA:197,0
DA:198,0
DA:199,0
DA:201,0
DA:204,0
DA:206,0
DA:207,0
DA:210,0
DA:215,1
DA:216,0
DA:218,0
DA:221,0
DA:222,0
DA:225,0
DA:226,0
DA:227,0
DA:229,0
DA:230,0
DA:235,0
DA:237,0
DA:238,0
DA:246,0
DA:248,0
DA:253,1
DA:254,0
DA:255,0
DA:257,0
DA:258,0
DA:263,0
DA:264,0
DA:265,0
DA:267,0
DA:268,0
DA:270,0
DA:273,0
DA:275,0
DA:277,0
DA:283,1
DA:290,0
DA:291,0
DA:293,0
DA:307,0
DA:308,0
DA:309,0
DA:310,0
DA:311,0
DA:312,0
DA:314,0
DA:318,0
DA:319,0
DA:322,0
DA:325,1
DA:329,0
DA:330,0
DA:332,0
DA:334,0
DA:347,0
DA:348,0
DA:349,0
DA:350,0
DA:353,0
DA:354,0
DA:355,0
DA:356,0
DA:359,0
DA:360,0
DA:361,0
DA:369,0
DA:370,0
DA:372,0
DA:375,0
DA:377,0
DA:380,0
DA:381,0
DA:382,0
DA:383,0
DA:384,0
DA:385,0
DA:390,0
DA:405,0
DA:409,0
DA:410,0
DA:411,0
DA:412,0
DA:413,0
DA:416,0
DA:417,0
DA:419,0
DA:420,0
DA:427,0
DA:430,1
DA:433,0
DA:435,0
DA:436,0
DA:438,0
DA:440,0
DA:441,0
DA:443,0
DA:445,0
DA:449,1
DA:450,0
DA:451,0
DA:453,0
DA:454,0
DA:455,0
DA:457,0
DA:458,0
DA:461,0
DA:464,0
DA:467,1
DA:470,0
DA:471,0
DA:473,0
DA:490,0
DA:494,0
DA:497,1
DA:500,0
DA:501,0
DA:502,0
DA:503,0
DA:504,0
DA:508,0
DA:522,0
DA:523,0
DA:524,0
DA:526,0
DA:530,1
DA:531,0
DA:532,0
DA:533,0
DA:534,0
DA:535,0
DA:536,0
DA:537,0
DA:538,0
DA:539,0
DA:540,0
DA:541,0
DA:542,0
DA:543,0
DA:544,0
DA:546,0
DA:547,0
DA:548,0
DA:553,0
DA:554,0
DA:556,0
DA:559,0
DA:560,0
DA:563,0
DA:566,1
DA:567,0
DA:568,0
DA:569,0
DA:573,0
DA:574,0
DA:576,0
DA:578,0
DA:580,0
DA:581,0
DA:585,1
DA:586,0
DA:588,0
DA:589,0
DA:593,0
DA:595,0
DA:596,0
DA:600,1
DA:601,0
DA:602,0
DA:603,0
DA:605,0
DA:607,0
DA:608,0
DA:612,1
DA:613,0
DA:614,0
DA:615,0
DA:626,0
DA:627,0
DA:628,0
DA:632,0
DA:633,0
DA:636,0
DA:638,0
DA:639,0
DA:643,1
DA:646,0
DA:647,0
DA:648,0
DA:649,0
DA:650,0
DA:652,0
DA:663,0
DA:668,0
DA:671,0
DA:674,0
DA:676,0
DA:677,0
DA:681,1
DA:684,0
DA:685,0
DA:686,0
DA:691,0
DA:692,0
DA:695,0
DA:697,0
DA:698,0
DA:702,1
DA:704,0
DA:705,0
DA:706,0
DA:708,0
DA:710,0
DA:711,0
DA:715,1
DA:716,0
DA:717,0
DA:719,0
DA:720,0
DA:721,0
DA:722,0
DA:729,0
DA:731,0
DA:732,0
DA:736,1
DA:739,0
DA:740,0
DA:743,0
DA:745,0
DA:746,0
DA:748,0
DA:751,0
DA:752,0
DA:759,0
DA:761,0
DA:773,0
DA:777,0
DA:780,1
DA:784,0
DA:785,0
DA:786,0
DA:793,0
DA:795,0
DA:796,0
DA:798,0
DA:803,1
DA:804,0
DA:805,0
DA:806,0
DA:807,0
DA:817,0
DA:819,0
DA:821,0
DA:822,0
DA:826,1
DA:827,1
DA:828,1
DA:829,1
DA:830,1
DA:831,1
DA:832,1
DA:833,1
DA:834,1
DA:835,1
DA:836,1
DA:837,1
DA:838,1
DA:839,1
DA:840,1
DA:841,1
DA:842,1
DA:843,1
DA:844,1
DA:845,1
DA:846,1
DA:847,1
DA:848,1
DA:849,1
DA:850,1
DA:851,1
DA:852,1
DA:853,1
LF:375
LH:68
BRDA:30,0,0,0
BRDA:30,0,1,0
BRDA:34,1,0,0
BRDA:34,1,1,0
BRDA:46,2,0,0
BRDA:46,2,1,0
BRDA:50,3,0,0
BRDA:50,3,1,0
BRDA:68,4,0,0
BRDA:68,4,1,0
BRDA:69,5,0,0
BRDA:69,5,1,0
BRDA:69,6,0,0
BRDA:69,6,1,0
BRDA:95,7,0,0
BRDA:95,7,1,0
BRDA:112,8,0,0
BRDA:112,8,1,0
BRDA:120,9,0,0
BRDA:120,9,1,0
BRDA:121,10,0,0
BRDA:121,10,1,0
BRDA:141,11,0,0
BRDA:141,11,1,0
BRDA:147,12,0,0
BRDA:147,12,1,0
BRDA:147,13,0,0
BRDA:147,13,1,0
BRDA:149,14,0,0
BRDA:149,14,1,0
BRDA:149,15,0,0
BRDA:149,15,1,0
BRDA:149,15,2,0
BRDA:149,15,3,0
BRDA:149,15,4,0
BRDA:149,15,5,0
BRDA:149,15,6,0
BRDA:149,15,7,0
BRDA:149,15,8,0
BRDA:149,15,9,0
BRDA:149,15,10,0
BRDA:179,16,0,0
BRDA:179,16,1,0
BRDA:198,17,0,0
BRDA:198,17,1,0
BRDA:206,18,0,0
BRDA:206,18,1,0
BRDA:225,19,0,0
BRDA:225,19,1,0
BRDA:237,20,0,0
BRDA:237,20,1,0
BRDA:237,21,0,0
BRDA:237,21,1,0
BRDA:237,21,2,0
BRDA:264,22,0,0
BRDA:264,22,1,0
BRDA:265,23,0,0
BRDA:265,23,1,0
BRDA:265,24,0,0
BRDA:265,24,1,0
BRDA:265,24,2,0
BRDA:265,24,3,0
BRDA:287,25,0,0
BRDA:307,26,0,0
BRDA:307,26,1,0
BRDA:309,27,0,0
BRDA:309,27,1,0
BRDA:347,28,0,0
BRDA:347,28,1,0
BRDA:364,29,0,0
BRDA:364,29,1,0
BRDA:369,30,0,0
BRDA:369,30,1,0
BRDA:386,31,0,0
BRDA:386,31,1,0
BRDA:406,32,0,0
BRDA:406,32,1,0
BRDA:406,33,0,0
BRDA:406,33,1,0
BRDA:406,34,0,0
BRDA:406,34,1,0
BRDA:409,35,0,0
BRDA:409,35,1,0
BRDA:412,36,0,0
BRDA:412,36,1,0
BRDA:419,37,0,0
BRDA:419,37,1,0
BRDA:419,38,0,0
BRDA:419,38,1,0
BRDA:440,39,0,0
BRDA:440,39,1,0
BRDA:449,40,0,0
BRDA:457,41,0,0
BRDA:457,41,1,0
BRDA:457,42,0,0
BRDA:457,42,1,0
BRDA:536,43,0,0
BRDA:536,43,1,0
BRDA:540,44,0,0
BRDA:540,44,1,0
BRDA:541,45,0,0
BRDA:541,45,1,0
BRDA:542,46,0,0
BRDA:542,46,1,0
BRDA:543,47,0,0
BRDA:543,47,1,0
BRDA:546,48,0,0
BRDA:546,48,1,0
BRDA:553,49,0,0
BRDA:553,49,1,0
BRDA:573,50,0,0
BRDA:573,50,1,0
BRDA:627,51,0,0
BRDA:627,51,1,0
BRDA:627,52,0,0
BRDA:627,52,1,0
BRDA:632,53,0,0
BRDA:632,53,1,0
BRDA:632,54,0,0
BRDA:632,54,1,0
BRDA:648,55,0,0
BRDA:648,55,1,0
BRDA:668,56,0,0
BRDA:668,56,1,0
BRDA:668,57,0,0
BRDA:668,57,1,0
BRDA:668,57,2,0
BRDA:668,57,3,0
BRDA:691,58,0,0
BRDA:691,58,1,0
BRDA:721,59,0,0
BRDA:721,59,1,0
BRDA:737,60,0,0
BRDA:759,61,0,0
BRDA:759,61,1,0
BRDA:795,62,0,0
BRDA:795,62,1,0
BRF:137
BRH:0
end_of_record
TN:
SF:/home/rohanmore/Tasks/9LocalSetupFixes/docker-dev-setup/micro-services/su-crawler/src/database/indexer/mongo/mongo-default-methods.js
FNF:0
FNH:0
DA:1,1
DA:2,1
DA:5,1
DA:30,1
LF:4
LH:4
BRF:0
BRH:0
end_of_record
TN:
SF:/home/rohanmore/Tasks/9LocalSetupFixes/docker-dev-setup/micro-services/su-crawler/src/database/indexer/mongo/mongo-lib.js
FN:58,(anonymous_0)
FN:58,(anonymous_1)
FN:59,(anonymous_2)
FN:72,(anonymous_3)
FN:92,(anonymous_4)
FN:98,(anonymous_5)
FN:111,(anonymous_6)
FN:123,(anonymous_7)
FN:146,(anonymous_8)
FN:150,(anonymous_9)
FN:162,(anonymous_10)
FN:178,(anonymous_11)
FN:194,(anonymous_12)
FN:210,(anonymous_13)
FN:212,(anonymous_14)
FN:239,(anonymous_15)
FN:257,(anonymous_16)
FN:269,(anonymous_17)
FN:287,processInBatches
FN:308,(anonymous_19)
FN:354,(anonymous_20)
FN:372,(anonymous_21)
FN:377,(anonymous_22)
FN:398,(anonymous_23)
FN:415,(anonymous_24)
FN:419,(anonymous_25)
FN:435,(anonymous_26)
FN:451,(anonymous_27)
FN:464,(anonymous_28)
FN:476,(anonymous_29)
FN:511,(anonymous_30)
FN:525,(anonymous_31)
FN:566,(anonymous_32)
FN:572,(anonymous_33)
FN:579,(anonymous_34)
FN:583,(anonymous_35)
FN:601,(anonymous_36)
FN:615,(anonymous_37)
FN:646,(anonymous_38)
FN:707,(anonymous_39)
FN:731,(anonymous_40)
FN:739,(anonymous_41)
FN:742,(anonymous_42)
FN:786,(anonymous_43)
FN:801,(anonymous_44)
FN:844,(anonymous_45)
FN:876,(anonymous_46)
FN:878,(anonymous_47)
FN:880,(anonymous_48)
FN:893,(anonymous_49)
FN:913,(anonymous_50)
FN:939,(anonymous_51)
FN:967,(anonymous_52)
FN:970,(anonymous_53)
FN:973,(anonymous_54)
FN:1021,(anonymous_55)
FN:1039,(anonymous_56)
FN:1063,(anonymous_57)
FN:1081,(anonymous_58)
FN:1108,(anonymous_59)
FN:1134,(anonymous_60)
FN:1154,(anonymous_61)
FN:1157,(anonymous_62)
FN:1169,(anonymous_63)
FN:1175,(anonymous_64)
FN:1194,(anonymous_65)
FN:1211,(anonymous_66)
FN:1241,(anonymous_67)
FN:1261,(anonymous_68)
FN:1289,(anonymous_69)
FN:1305,(anonymous_70)
FN:1614,(anonymous_71)
FN:1630,(anonymous_72)
FN:1635,(anonymous_73)
FN:1652,(anonymous_74)
FN:1702,(anonymous_75)
FN:1723,(anonymous_76)
FN:1730,(anonymous_77)
FN:1743,(anonymous_78)
FN:1763,(anonymous_79)
FN:1786,(anonymous_80)
FN:1803,(anonymous_81)
FN:1810,(anonymous_82)
FN:1836,(anonymous_83)
FN:1847,(anonymous_84)
FN:1863,(anonymous_85)
FN:1894,(anonymous_86)
FN:1921,(anonymous_87)
FN:1969,(anonymous_88)
FN:2013,(anonymous_89)
FN:2030,(anonymous_90)
FN:2050,(anonymous_91)
FNF:92
FNH:0
FNDA:0,(anonymous_0)
FNDA:0,(anonymous_1)
FNDA:0,(anonymous_2)
FNDA:0,(anonymous_3)
FNDA:0,(anonymous_4)
FNDA:0,(anonymous_5)
FNDA:0,(anonymous_6)
FNDA:0,(anonymous_7)
FNDA:0,(anonymous_8)
FNDA:0,(anonymous_9)
FNDA:0,(anonymous_10)
FNDA:0,(anonymous_11)
FNDA:0,(anonymous_12)
FNDA:0,(anonymous_13)
FNDA:0,(anonymous_14)
FNDA:0,(anonymous_15)
FNDA:0,(anonymous_16)
FNDA:0,(anonymous_17)
FNDA:0,processInBatches
FNDA:0,(anonymous_19)
FNDA:0,(anonymous_20)
FNDA:0,(anonymous_21)
FNDA:0,(anonymous_22)
FNDA:0,(anonymous_23)
FNDA:0,(anonymous_24)
FNDA:0,(anonymous_25)
FNDA:0,(anonymous_26)
FNDA:0,(anonymous_27)
FNDA:0,(anonymous_28)
FNDA:0,(anonymous_29)
FNDA:0,(anonymous_30)
FNDA:0,(anonymous_31)
FNDA:0,(anonymous_32)
FNDA:0,(anonymous_33)
FNDA:0,(anonymous_34)
FNDA:0,(anonymous_35)
FNDA:0,(anonymous_36)
FNDA:0,(anonymous_37)
FNDA:0,(anonymous_38)
FNDA:0,(anonymous_39)
FNDA:0,(anonymous_40)
FNDA:0,(anonymous_41)
FNDA:0,(anonymous_42)
FNDA:0,(anonymous_43)
FNDA:0,(anonymous_44)
FNDA:0,(anonymous_45)
FNDA:0,(anonymous_46)
FNDA:0,(anonymous_47)
FNDA:0,(anonymous_48)
FNDA:0,(anonymous_49)
FNDA:0,(anonymous_50)
FNDA:0,(anonymous_51)
FNDA:0,(anonymous_52)
FNDA:0,(anonymous_53)
FNDA:0,(anonymous_54)
FNDA:0,(anonymous_55)
FNDA:0,(anonymous_56)
FNDA:0,(anonymous_57)
FNDA:0,(anonymous_58)
FNDA:0,(anonymous_59)
FNDA:0,(anonymous_60)
FNDA:0,(anonymous_61)
FNDA:0,(anonymous_62)
FNDA:0,(anonymous_63)
FNDA:0,(anonymous_64)
FNDA:0,(anonymous_65)
FNDA:0,(anonymous_66)
FNDA:0,(anonymous_67)
FNDA:0,(anonymous_68)
FNDA:0,(anonymous_69)
FNDA:0,(anonymous_70)
FNDA:0,(anonymous_71)
FNDA:0,(anonymous_72)
FNDA:0,(anonymous_73)
FNDA:0,(anonymous_74)
FNDA:0,(anonymous_75)
FNDA:0,(anonymous_76)
FNDA:0,(anonymous_77)
FNDA:0,(anonymous_78)
FNDA:0,(anonymous_79)
FNDA:0,(anonymous_80)
FNDA:0,(anonymous_81)
FNDA:0,(anonymous_82)
FNDA:0,(anonymous_83)
FNDA:0,(anonymous_84)
FNDA:0,(anonymous_85)
FNDA:0,(anonymous_86)
FNDA:0,(anonymous_87)
FNDA:0,(anonymous_88)
FNDA:0,(anonymous_89)
FNDA:0,(anonymous_90)
FNDA:0,(anonymous_91)
DA:5,1
DA:6,1
DA:7,1
DA:8,1
DA:9,1
DA:10,1
DA:11,1
DA:12,1
DA:13,1
DA:14,1
DA:15,1
DA:31,1
DA:32,1
DA:33,1
DA:34,1
DA:35,1
DA:36,1
DA:37,1
DA:40,1
DA:41,1
DA:42,1
DA:43,1
DA:58,1
DA:59,0
DA:60,0
DA:61,0
DA:63,0
DA:65,0
DA:66,0
DA:67,0
DA:72,1
DA:73,0
DA:74,0
DA:78,0
DA:79,0
DA:84,0
DA:85,0
DA:86,0
DA:88,0
DA:90,0
DA:91,0
DA:92,0
DA:98,1
DA:99,0
DA:100,0
DA:101,0
DA:103,0
DA:104,0
DA:106,0
DA:108,0
DA:110,0
DA:111,0
DA:112,0
DA:113,0
DA:114,0
DA:115,0
DA:116,0
DA:118,0
DA:119,0
DA:120,0
DA:121,0
DA:122,0
DA:123,0
DA:124,0
DA:125,0
DA:128,0
DA:129,0
DA:130,0
DA:132,0
DA:135,0
DA:139,0
DA:141,0
DA:142,0
DA:146,1
DA:148,0
DA:149,0
DA:150,0
DA:153,0
DA:155,0
DA:156,0
DA:159,0
DA:162,1
DA:163,0
DA:164,0
DA:169,0
DA:171,0
DA:173,0
DA:174,0
DA:178,1
DA:180,0
DA:181,0
DA:184,0
DA:186,0
DA:187,0
DA:188,0
DA:191,0
DA:194,1
DA:195,0
DA:196,0
DA:201,0
DA:203,0
DA:205,0
DA:206,0
DA:210,1
DA:211,0
DA:212,0
DA:213,0
DA:224,0
DA:225,0
DA:228,0
DA:230,0
DA:232,0
DA:234,0
DA:235,0
DA:239,1
DA:242,0
DA:243,0
DA:248,0
DA:250,0
DA:252,0
DA:253,0
DA:257,1
DA:258,0
DA:259,0
DA:261,0
DA:262,0
DA:263,0
DA:266,0
DA:269,1
DA:270,0
DA:271,0
DA:272,0
DA:277,0
DA:279,0
DA:282,0
DA:283,0
DA:288,0
DA:289,0
DA:290,0
DA:291,0
DA:292,0
DA:294,0
DA:295,0
DA:296,0
DA:297,0
DA:299,0
DA:305,0
DA:306,0
DA:308,0
DA:309,0
DA:311,0
DA:312,0
DA:313,0
DA:314,0
DA:315,0
DA:316,0
DA:317,0
DA:319,0
DA:322,0
DA:330,0
DA:331,0
DA:332,0
DA:335,0
DA:336,0
DA:338,0
DA:341,0
DA:342,0
DA:343,0
DA:347,0
DA:349,0
DA:350,0
DA:354,1
DA:357,0
DA:358,0
DA:359,0
DA:368,0
DA:372,1
DA:373,0
DA:374,0
DA:376,0
DA:377,0
DA:378,0
DA:380,0
DA:381,0
DA:382,0
DA:386,0
DA:387,0
DA:388,0
DA:391,0
DA:393,0
DA:394,0
DA:398,1
DA:399,0
DA:400,0
DA:405,0
DA:407,0
DA:409,0
DA:410,0
DA:415,1
DA:416,0
DA:417,0
DA:418,0
DA:419,0
DA:421,0
DA:422,0
DA:423,0
DA:428,0
DA:430,0
DA:431,0
DA:435,1
DA:436,0
DA:437,0
DA:438,0
DA:439,0
DA:440,0
DA:442,0
DA:445,0
DA:446,0
DA:451,1
DA:452,0
DA:453,0
DA:454,0
DA:455,0
DA:458,0
DA:459,0
DA:464,1
DA:465,0
DA:466,0
DA:467,0
DA:469,0
DA:471,0
DA:472,0
DA:476,1
DA:477,0
DA:478,0
DA:479,0
DA:480,0
DA:481,0
DA:487,0
DA:489,0
DA:490,0
DA:492,0
DA:494,0
DA:498,0
DA:499,0
DA:501,0
DA:506,0
DA:507,0
DA:511,1
DA:512,0
DA:513,0
DA:518,0
DA:520,0
DA:521,0
DA:525,1
DA:528,0
DA:529,0
DA:532,0
DA:533,0
DA:534,0
DA:536,0
DA:537,0
DA:538,0
DA:539,0
DA:540,0
DA:543,0
DA:544,0
DA:545,0
DA:546,0
DA:552,0
DA:563,0
DA:566,1
DA:567,0
DA:569,0
DA:572,1
DA:573,0
DA:574,0
DA:576,0
DA:579,1
DA:580,0
DA:581,0
DA:582,0
DA:583,0
DA:584,0
DA:585,0
DA:589,0
DA:592,0
DA:594,0
DA:596,0
DA:601,1
DA:603,0
DA:604,0
DA:606,0
DA:607,0
DA:608,0
DA:611,0
DA:615,1
DA:616,0
DA:617,0
DA:618,0
DA:620,0
DA:621,0
DA:622,0
DA:625,0
DA:628,0
DA:630,0
DA:631,0
DA:646,1
DA:649,0
DA:650,0
DA:651,0
DA:652,0
DA:654,0
DA:656,0
DA:657,0
DA:661,0
DA:667,0
DA:668,0
DA:671,0
DA:674,0
DA:675,0
DA:681,0
DA:683,0
DA:687,0
DA:688,0
DA:689,0
DA:693,0
DA:694,0
DA:707,1
DA:708,0
DA:709,0
DA:710,0
DA:711,0
DA:712,0
DA:713,0
DA:715,0
DA:716,0
DA:718,0
DA:719,0
DA:720,0
DA:722,0
DA:729,0
DA:730,0
DA:731,0
DA:734,0
DA:739,0
DA:742,0
DA:745,0
DA:746,0
DA:748,0
DA:751,0
DA:753,0
DA:759,0
DA:762,0
DA:764,0
DA:765,0
DA:767,0
DA:771,0
DA:773,0
DA:775,0
DA:776,0
DA:777,0
DA:781,0
DA:782,0
DA:786,1
DA:787,0
DA:788,0
DA:793,0
DA:795,0
DA:796,0
DA:801,1
DA:810,0
DA:812,0
DA:813,0
DA:817,0
DA:818,0
DA:819,0
DA:820,0
DA:822,0
DA:823,0
DA:824,0
DA:828,0
DA:831,0
DA:833,0
DA:836,0
DA:837,0
DA:838,0
DA:841,0
DA:844,1
DA:853,0
DA:854,0
DA:859,0
DA:869,0
DA:871,0
DA:872,0
DA:876,1
DA:878,1
DA:879,0
DA:880,0
DA:881,0
DA:882,0
DA:883,0
DA:885,0
DA:886,0
DA:887,0
DA:892,0
DA:893,0
DA:894,0
DA:900,0
DA:901,0
DA:902,0
DA:903,0
DA:906,0
DA:910,0
DA:913,1
DA:916,0
DA:917,0
DA:918,0
DA:919,0
DA:920,0
DA:921,0
DA:922,0
DA:923,0
DA:924,0
DA:925,0
DA:926,0
DA:929,0
DA:936,0
DA:937,0
DA:938,0
DA:939,0
DA:940,0
DA:941,0
DA:943,0
DA:946,0
DA:947,0
DA:950,0
DA:952,0
DA:954,0
DA:955,0
DA:956,0
DA:960,0
DA:962,0
DA:963,0
DA:967,1
DA:968,0
DA:969,0
DA:970,0
DA:971,0
DA:972,0
DA:973,0
DA:974,0
DA:975,0
DA:976,0
DA:977,0
DA:978,0
DA:983,0
DA:992,0
DA:993,0
DA:994,0
DA:995,0
DA:997,0
DA:998,0
DA:1001,0
DA:1002,0
DA:1005,0
DA:1011,0
DA:1018,0
DA:1021,1
DA:1022,0
DA:1024,0
DA:1025,0
DA:1026,0
DA:1028,0
DA:1030,0
DA:1031,0
DA:1032,0
DA:1033,0
DA:1035,0
DA:1036,0
DA:1037,0
DA:1038,0
DA:1039,0
DA:1040,0
DA:1041,0
DA:1044,0
DA:1047,0
DA:1048,0
DA:1051,0
DA:1054,0
DA:1060,0
DA:1063,1
DA:1065,0
DA:1067,0
DA:1068,0
DA:1069,0
DA:1070,0
DA:1071,0
DA:1076,0
DA:1077,0
DA:1079,0
DA:1080,0
DA:1081,0
DA:1082,0
DA:1083,0
DA:1086,0
DA:1090,0
DA:1093,0
DA:1094,0
DA:1097,0
DA:1100,0
DA:1108,1
DA:1111,0
DA:1112,0
DA:1115,0
DA:1116,0
DA:1117,0
DA:1120,0
DA:1121,0
DA:1126,0
DA:1128,0
DA:1130,0
DA:1134,1
DA:1137,0
DA:1138,0
DA:1143,0
DA:1147,0
DA:1149,0
DA:1150,0
DA:1154,1
DA:1155,0
DA:1156,0
DA:1157,0
DA:1158,0
DA:1161,0
DA:1169,1
DA:1170,0
DA:1171,0
DA:1172,0
DA:1174,0
DA:1175,0
DA:1176,0
DA:1180,0
DA:1181,0
DA:1183,0
DA:1185,0
DA:1188,0
DA:1191,0
DA:1194,1
DA:1197,0
DA:1198,0
DA:1199,0
DA:1200,0
DA:1201,0
DA:1206,0
DA:1207,0
DA:1209,0
DA:1210,0
DA:1211,0
DA:1212,0
DA:1213,0
DA:1214,0
DA:1216,0
DA:1218,0
DA:1220,0
DA:1225,0
DA:1227,0
DA:1235,0
DA:1236,0
DA:1241,1
DA:1244,0
DA:1245,0
DA:1250,0
DA:1254,0
DA:1256,0
DA:1257,0
DA:1261,1
DA:1262,0
DA:1263,0
DA:1264,0
DA:1265,0
DA:1267,0
DA:1268,0
DA:1269,0
DA:1276,0
DA:1277,0
DA:1278,0
DA:1282,0
DA:1284,0
DA:1285,0
DA:1289,1
DA:1290,0
DA:1291,0
DA:1296,0
DA:1298,0
DA:1300,0
DA:1301,0
DA:1305,1
DA:1306,0
DA:1307,0
DA:1309,0
DA:1311,0
DA:1315,0
DA:1316,0
DA:1317,0
DA:1319,0
DA:1321,0
DA:1331,0
DA:1333,0
DA:1334,0
DA:1337,0
DA:1339,0
DA:1342,0
DA:1343,0
DA:1344,0
DA:1347,0
DA:1349,0
DA:1352,0
DA:1353,0
DA:1354,0
DA:1355,0
DA:1356,0
DA:1357,0
DA:1360,0
DA:1364,0
DA:1365,0
DA:1366,0
DA:1367,0
DA:1368,0
DA:1369,0
DA:1371,0
DA:1375,0
DA:1376,0
DA:1377,0
DA:1379,0
DA:1383,0
DA:1384,0
DA:1385,0
DA:1386,0
DA:1387,0
DA:1389,0
DA:1393,0
DA:1394,0
DA:1395,0
DA:1396,0
DA:1398,0
DA:1402,0
DA:1403,0
DA:1404,0
DA:1405,0
DA:1406,0
DA:1408,0
DA:1412,0
DA:1413,0
DA:1415,0
DA:1419,0
DA:1420,0
DA:1423,0
DA:1427,0
DA:1428,0
DA:1429,0
DA:1430,0
DA:1433,0
DA:1437,0
DA:1438,0
DA:1439,0
DA:1442,0
DA:1446,0
DA:1447,0
DA:1448,0
DA:1451,0
DA:1454,0
DA:1455,0
DA:1456,0
DA:1458,0
DA:1462,0
DA:1463,0
DA:1464,0
DA:1465,0
DA:1468,0
DA:1472,0
DA:1473,0
DA:1474,0
DA:1475,0
DA:1480,0
DA:1484,0
DA:1485,0
DA:1488,0
DA:1492,0
DA:1493,0
DA:1496,0
DA:1497,0
DA:1500,0
DA:1504,0
DA:1505,0
DA:1507,0
DA:1508,0
DA:1509,0
DA:1511,0
DA:1512,0
DA:1515,0
DA:1525,0
DA:1526,0
DA:1529,0
DA:1532,0
DA:1533,0
DA:1534,0
DA:1535,0
DA:1537,0
DA:1540,0
DA:1543,0
DA:1544,0
DA:1545,0
DA:1546,0
DA:1549,0
DA:1551,0
DA:1553,0
DA:1558,0
DA:1559,0
DA:1562,0
DA:1564,0
DA:1568,0
DA:1573,0
DA:1574,0
DA:1577,0
DA:1578,0
DA:1579,0
DA:1580,0
DA:1582,0
DA:1585,0
DA:1586,0
DA:1592,0
DA:1597,0
DA:1598,0
DA:1601,0
DA:1603,0
DA:1605,0
DA:1606,0
DA:1609,0
DA:1610,0
DA:1614,1
DA:1615,0
DA:1616,0
DA:1621,0
DA:1623,0
DA:1625,0
DA:1626,0
DA:1630,1
DA:1631,0
DA:1635,1
DA:1638,0
DA:1639,0
DA:1640,0
DA:1641,0
DA:1643,0
DA:1644,0
DA:1646,0
DA:1647,0
DA:1648,0
DA:1649,0
DA:1650,0
DA:1651,0
DA:1652,0
DA:1653,0
DA:1654,0
DA:1659,0
DA:1660,0
DA:1661,0
DA:1663,0
DA:1664,0
DA:1666,0
DA:1667,0
DA:1669,0
DA:1670,0
DA:1671,0
DA:1672,0
DA:1673,0
DA:1675,0
DA:1677,0
DA:1678,0
DA:1684,0
DA:1685,0
DA:1687,0
DA:1688,0
DA:1689,0
DA:1690,0
DA:1693,0
DA:1695,0
DA:1697,0
DA:1698,0
DA:1702,1
DA:1705,0
DA:1706,0
DA:1711,0
DA:1715,0
DA:1717,0
DA:1718,0
DA:1723,1
DA:1726,0
DA:1727,0
DA:1728,0
DA:1730,0
DA:1733,0
DA:1736,0
DA:1738,0
DA:1739,0
DA:1743,1
DA:1746,0
DA:1747,0
DA:1752,0
DA:1756,0
DA:1758,0
DA:1759,0
DA:1763,1
DA:1764,0
DA:1765,0
DA:1770,0
DA:1775,0
DA:1776,0
DA:1779,0
DA:1781,0
DA:1782,0
DA:1786,1
DA:1787,0
DA:1788,0
DA:1793,0
DA:1795,0
DA:1797,0
DA:1798,0
DA:1803,1
DA:1806,0
DA:1807,0
DA:1809,0
DA:1810,0
DA:1811,0
DA:1815,0
DA:1826,0
DA:1828,0
DA:1830,0
DA:1831,0
DA:1832,0
DA:1836,1
DA:1837,0
DA:1838,0
DA:1840,0
DA:1842,0
DA:1843,0
DA:1847,1
DA:1848,0
DA:1852,0
DA:1853,0
DA:1854,0
DA:1855,0
DA:1857,0
DA:1860,0
DA:1863,1
DA:1866,0
DA:1867,0
DA:1872,0
DA:1876,0
DA:1878,0
DA:1879,0
DA:1894,1
DA:1895,0
DA:1896,0
DA:1897,0
DA:1900,0
DA:1901,0
DA:1902,0
DA:1904,0
DA:1908,0
DA:1909,0
DA:1910,0
DA:1913,0
DA:1920,0
DA:1921,0
DA:1924,0
DA:1927,0
DA:1936,0
DA:1940,0
DA:1941,0
DA:1942,0
DA:1945,0
DA:1950,0
DA:1951,0
DA:1954,0
DA:1955,0
DA:1957,0
DA:1958,0
DA:1961,0
DA:1965,0
DA:1968,0
DA:1969,0
DA:1972,0
DA:1975,0
DA:1986,0
DA:1987,0
DA:1990,0
DA:1991,0
DA:1995,0
DA:2002,0
DA:2005,0
DA:2007,0
DA:2008,0
DA:2013,1
DA:2014,0
DA:2015,0
DA:2020,0
DA:2022,0
DA:2024,0
DA:2025,0
DA:2030,1
DA:2031,0
DA:2032,0
DA:2033,0
DA:2034,0
DA:2035,0
DA:2036,0
DA:2041,0
DA:2045,0
DA:2046,0
DA:2050,1
DA:2051,0
DA:2052,0
DA:2054,0
DA:2055,0
DA:2059,1
DA:2060,1
DA:2061,1
DA:2062,1
DA:2063,1
DA:2064,1
DA:2065,1
DA:2066,1
DA:2067,1
DA:2068,1
DA:2069,1
DA:2070,1
DA:2071,1
DA:2072,1
DA:2073,1
DA:2074,1
DA:2075,1
DA:2076,1
DA:2077,1
DA:2078,1
DA:2079,1
DA:2080,1
DA:2081,1
DA:2082,1
DA:2083,1
DA:2084,1
DA:2085,1
DA:2086,1
DA:2087,1
DA:2088,1
DA:2089,1
DA:2090,1
DA:2091,1
DA:2092,1
DA:2093,1
DA:2094,1
DA:2095,1
DA:2096,1
DA:2097,1
DA:2098,1
LF:966
LH:124
BRDA:60,0,0,0
BRDA:60,0,1,0
BRDA:78,1,0,0
BRDA:78,1,1,0
BRDA:78,2,0,0
BRDA:78,2,1,0
BRDA:103,3,0,0
BRDA:103,3,1,0
BRDA:110,4,0,0
BRDA:110,4,1,0
BRDA:112,5,0,0
BRDA:112,5,1,0
BRDA:112,6,0,0
BRDA:112,6,1,0
BRDA:114,7,0,0
BRDA:114,7,1,0
BRDA:114,8,0,0
BRDA:114,8,1,0
BRDA:129,9,0,0
BRDA:129,9,1,0
BRDA:217,10,0,0
BRDA:217,10,1,0
BRDA:224,11,0,0
BRDA:224,11,1,0
BRDA:271,12,0,0
BRDA:271,12,1,0
BRDA:287,13,0,0
BRDA:287,14,0,0
BRDA:296,15,0,0
BRDA:296,15,1,0
BRDA:305,16,0,0
BRDA:305,16,1,0
BRDA:309,17,0,0
BRDA:309,17,1,0
BRDA:309,18,0,0
BRDA:309,18,1,0
BRDA:312,19,0,0
BRDA:312,19,1,0
BRDA:314,20,0,0
BRDA:314,20,1,0
BRDA:315,21,0,0
BRDA:315,21,1,0
BRDA:317,22,0,0
BRDA:317,22,1,0
BRDA:330,23,0,0
BRDA:330,23,1,0
BRDA:332,24,0,0
BRDA:332,24,1,0
BRDA:341,25,0,0
BRDA:341,25,1,0
BRDA:376,26,0,0
BRDA:376,26,1,0
BRDA:376,27,0,0
BRDA:376,27,1,0
BRDA:376,27,2,0
BRDA:381,28,0,0
BRDA:381,28,1,0
BRDA:381,29,0,0
BRDA:381,29,1,0
BRDA:381,29,2,0
BRDA:418,30,0,0
BRDA:418,30,1,0
BRDA:422,31,0,0
BRDA:422,31,1,0
BRDA:435,32,0,0
BRDA:438,33,0,0
BRDA:438,33,1,0
BRDA:454,34,0,0
BRDA:454,34,1,0
BRDA:479,35,0,0
BRDA:479,35,1,0
BRDA:489,36,0,0
BRDA:489,36,1,0
BRDA:489,37,0,0
BRDA:489,37,1,0
BRDA:492,38,0,0
BRDA:492,38,1,0
BRDA:494,39,0,0
BRDA:494,39,1,0
BRDA:494,40,0,0
BRDA:494,40,1,0
BRDA:528,41,0,0
BRDA:528,41,1,0
BRDA:533,42,0,0
BRDA:533,42,1,0
BRDA:533,43,0,0
BRDA:533,43,1,0
BRDA:538,44,0,0
BRDA:538,44,1,0
BRDA:543,45,0,0
BRDA:543,45,1,0
BRDA:543,46,0,0
BRDA:543,46,1,0
BRDA:584,47,0,0
BRDA:584,47,1,0
BRDA:617,48,0,0
BRDA:617,48,1,0
BRDA:621,49,0,0
BRDA:621,49,1,0
BRDA:647,50,0,0
BRDA:656,51,0,0
BRDA:656,51,1,0
BRDA:667,52,0,0
BRDA:667,52,1,0
BRDA:687,53,0,0
BRDA:687,53,1,0
BRDA:715,54,0,0
BRDA:715,54,1,0
BRDA:719,55,0,0
BRDA:719,55,1,0
BRDA:729,56,0,0
BRDA:729,56,1,0
BRDA:746,57,0,0
BRDA:746,57,1,0
BRDA:762,58,0,0
BRDA:762,58,1,0
BRDA:767,59,0,0
BRDA:767,59,1,0
BRDA:775,60,0,0
BRDA:775,60,1,0
BRDA:812,61,0,0
BRDA:812,61,1,0
BRDA:817,62,0,0
BRDA:817,62,1,0
BRDA:823,63,0,0
BRDA:823,63,1,0
BRDA:885,64,0,0
BRDA:885,64,1,0
BRDA:885,65,0,0
BRDA:885,65,1,0
BRDA:886,66,0,0
BRDA:886,66,1,0
BRDA:894,67,0,0
BRDA:894,67,1,0
BRDA:900,68,0,0
BRDA:900,68,1,0
BRDA:902,69,0,0
BRDA:902,69,1,0
BRDA:914,70,0,0
BRDA:925,71,0,0
BRDA:925,71,1,0
BRDA:936,72,0,0
BRDA:936,72,1,0
BRDA:941,73,0,0
BRDA:941,73,1,0
BRDA:954,74,0,0
BRDA:954,74,1,0
BRDA:972,75,0,0
BRDA:972,75,1,0
BRDA:972,76,0,0
BRDA:972,76,1,0
BRDA:977,77,0,0
BRDA:977,77,1,0
BRDA:983,78,0,0
BRDA:983,78,1,0
BRDA:983,79,0,0
BRDA:983,79,1,0
BRDA:983,79,2,0
BRDA:992,80,0,0
BRDA:992,80,1,0
BRDA:994,81,0,0
BRDA:994,81,1,0
BRDA:997,82,0,0
BRDA:997,82,1,0
BRDA:1001,83,0,0
BRDA:1001,83,1,0
BRDA:1025,84,0,0
BRDA:1025,84,1,0
BRDA:1033,85,0,0
BRDA:1033,85,1,0
BRDA:1035,86,0,0
BRDA:1035,86,1,0
BRDA:1037,87,0,0
BRDA:1037,87,1,0
BRDA:1040,88,0,0
BRDA:1040,88,1,0
BRDA:1047,89,0,0
BRDA:1047,89,1,0
BRDA:1067,90,0,0
BRDA:1067,90,1,0
BRDA:1069,91,0,0
BRDA:1069,91,1,0
BRDA:1069,92,0,0
BRDA:1069,92,1,0
BRDA:1070,93,0,0
BRDA:1070,93,1,0
BRDA:1076,94,0,0
BRDA:1076,94,1,0
BRDA:1076,95,0,0
BRDA:1076,95,1,0
BRDA:1079,96,0,0
BRDA:1079,96,1,0
BRDA:1082,97,0,0
BRDA:1082,97,1,0
BRDA:1093,98,0,0
BRDA:1093,98,1,0
BRDA:1116,99,0,0
BRDA:1116,99,1,0
BRDA:1171,100,0,0
BRDA:1171,100,1,0
BRDA:1174,101,0,0
BRDA:1174,101,1,0
BRDA:1174,102,0,0
BRDA:1174,102,1,0
BRDA:1178,103,0,0
BRDA:1178,103,1,0
BRDA:1200,104,0,0
BRDA:1200,104,1,0
BRDA:1200,105,0,0
BRDA:1200,105,1,0
BRDA:1206,106,0,0
BRDA:1206,106,1,0
BRDA:1210,107,0,0
BRDA:1210,107,1,0
BRDA:1210,108,0,0
BRDA:1210,108,1,0
BRDA:1276,109,0,0
BRDA:1276,109,1,0
BRDA:1276,110,0,0
BRDA:1276,110,1,0
BRDA:1276,110,2,0
BRDA:1309,111,0,0
BRDA:1309,111,1,0
BRDA:1315,112,0,0
BRDA:1315,112,1,0
BRDA:1315,113,0,0
BRDA:1315,113,1,0
BRDA:1315,113,2,0
BRDA:1317,114,0,0
BRDA:1317,114,1,0
BRDA:1317,114,2,0
BRDA:1317,114,3,0
BRDA:1317,114,4,0
BRDA:1317,114,5,0
BRDA:1317,114,6,0
BRDA:1317,114,7,0
BRDA:1317,114,8,0
BRDA:1317,114,9,0
BRDA:1317,114,10,0
BRDA:1317,114,11,0
BRDA:1317,114,12,0
BRDA:1317,114,13,0
BRDA:1317,114,14,0
BRDA:1317,114,15,0
BRDA:1317,114,16,0
BRDA:1317,114,17,0
BRDA:1317,114,18,0
BRDA:1317,114,19,0
BRDA:1317,114,20,0
BRDA:1317,114,21,0
BRDA:1317,114,22,0
BRDA:1317,114,23,0
BRDA:1317,114,24,0
BRDA:1317,114,25,0
BRDA:1319,115,0,0
BRDA:1319,115,1,0
BRDA:1319,116,0,0
BRDA:1319,116,1,0
BRDA:1319,116,2,0
BRDA:1319,116,3,0
BRDA:1319,116,4,0
BRDA:1331,117,0,0
BRDA:1331,117,1,0
BRDA:1331,118,0,0
BRDA:1331,118,1,0
BRDA:1331,118,2,0
BRDA:1331,118,3,0
BRDA:1342,119,0,0
BRDA:1342,119,1,0
BRDA:1342,120,0,0
BRDA:1342,120,1,0
BRDA:1352,121,0,0
BRDA:1352,121,1,0
BRDA:1352,122,0,0
BRDA:1352,122,1,0
BRDA:1354,123,0,0
BRDA:1354,123,1,0
BRDA:1354,124,0,0
BRDA:1354,124,1,0
BRDA:1354,124,2,0
BRDA:1356,125,0,0
BRDA:1356,125,1,0
BRDA:1356,126,0,0
BRDA:1356,126,1,0
BRDA:1356,126,2,0
BRDA:1364,127,0,0
BRDA:1364,127,1,0
BRDA:1364,128,0,0
BRDA:1364,128,1,0
BRDA:1368,129,0,0
BRDA:1368,129,1,0
BRDA:1368,130,0,0
BRDA:1368,130,1,0
BRDA:1368,130,2,0
BRDA:1375,131,0,0
BRDA:1375,131,1,0
BRDA:1375,132,0,0
BRDA:1375,132,1,0
BRDA:1383,133,0,0
BRDA:1383,133,1,0
BRDA:1383,134,0,0
BRDA:1383,134,1,0
BRDA:1385,135,0,0
BRDA:1385,135,1,0
BRDA:1385,136,0,0
BRDA:1385,136,1,0
BRDA:1393,137,0,0
BRDA:1393,137,1,0
BRDA:1393,138,0,0
BRDA:1393,138,1,0
BRDA:1395,139,0,0
BRDA:1395,139,1,0
BRDA:1395,140,0,0
BRDA:1395,140,1,0
BRDA:1402,141,0,0
BRDA:1402,141,1,0
BRDA:1402,142,0,0
BRDA:1402,142,1,0
BRDA:1404,143,0,0
BRDA:1404,143,1,0
BRDA:1404,144,0,0
BRDA:1404,144,1,0
BRDA:1412,145,0,0
BRDA:1412,145,1,0
BRDA:1412,146,0,0
BRDA:1412,146,1,0
BRDA:1419,147,0,0
BRDA:1419,147,1,0
BRDA:1419,148,0,0
BRDA:1419,148,1,0
BRDA:1427,149,0,0
BRDA:1427,149,1,0
BRDA:1428,150,0,0
BRDA:1428,150,1,0
BRDA:1428,151,0,0
BRDA:1428,151,1,0
BRDA:1437,152,0,0
BRDA:1437,152,1,0
BRDA:1437,153,0,0
BRDA:1437,153,1,0
BRDA:1446,154,0,0
BRDA:1446,154,1,0
BRDA:1446,155,0,0
BRDA:1446,155,1,0
BRDA:1454,156,0,0
BRDA:1454,156,1,0
BRDA:1454,157,0,0
BRDA:1454,157,1,0
BRDA:1462,158,0,0
BRDA:1462,158,1,0
BRDA:1462,159,0,0
BRDA:1462,159,1,0
BRDA:1464,160,0,0
BRDA:1464,160,1,0
BRDA:1464,161,0,0
BRDA:1464,161,1,0
BRDA:1464,161,2,0
BRDA:1472,162,0,0
BRDA:1472,162,1,0
BRDA:1472,163,0,0
BRDA:1472,163,1,0
BRDA:1472,163,2,0
BRDA:1474,164,0,0
BRDA:1474,164,1,0
BRDA:1474,165,0,0
BRDA:1474,165,1,0
BRDA:1484,166,0,0
BRDA:1484,166,1,0
BRDA:1484,167,0,0
BRDA:1484,167,1,0
BRDA:1484,167,2,0
BRDA:1492,168,0,0
BRDA:1492,168,1,0
BRDA:1492,169,0,0
BRDA:1492,169,1,0
BRDA:1496,170,0,0
BRDA:1496,170,1,0
BRDA:1496,171,0,0
BRDA:1496,171,1,0
BRDA:1504,172,0,0
BRDA:1504,172,1,0
BRDA:1504,173,0,0
BRDA:1504,173,1,0
BRDA:1525,174,0,0
BRDA:1525,174,1,0
BRDA:1525,175,0,0
BRDA:1525,175,1,0
BRDA:1532,176,0,0
BRDA:1532,176,1,0
BRDA:1532,177,0,0
BRDA:1532,177,1,0
BRDA:1532,177,2,0
BRDA:1543,178,0,0
BRDA:1543,178,1,0
BRDA:1544,179,0,0
BRDA:1544,179,1,0
BRDA:1558,180,0,0
BRDA:1558,180,1,0
BRDA:1573,181,0,0
BRDA:1573,181,1,0
BRDA:1573,182,0,0
BRDA:1573,182,1,0
BRDA:1578,183,0,0
BRDA:1578,183,1,0
BRDA:1579,184,0,0
BRDA:1579,184,1,0
BRDA:1597,185,0,0
BRDA:1597,185,1,0
BRDA:1597,186,0,0
BRDA:1597,186,1,0
BRDA:1643,187,0,0
BRDA:1643,187,1,0
BRDA:1646,188,0,0
BRDA:1646,188,1,0
BRDA:1651,189,0,0
BRDA:1651,189,1,0
BRDA:1651,190,0,0
BRDA:1651,190,1,0
BRDA:1660,191,0,0
BRDA:1660,191,1,0
BRDA:1660,192,0,0
BRDA:1660,192,1,0
BRDA:1663,193,0,0
BRDA:1663,193,1,0
BRDA:1663,194,0,0
BRDA:1663,194,1,0
BRDA:1666,195,0,0
BRDA:1666,195,1,0
BRDA:1666,196,0,0
BRDA:1666,196,1,0
BRDA:1671,197,0,0
BRDA:1671,197,1,0
BRDA:1684,198,0,0
BRDA:1684,198,1,0
BRDA:1684,199,0,0
BRDA:1684,199,1,0
BRDA:1728,200,0,0
BRDA:1728,200,1,0
BRDA:1775,201,0,0
BRDA:1775,201,1,0
BRDA:1775,202,0,0
BRDA:1775,202,1,0
BRDA:1804,203,0,0
BRDA:1806,204,0,0
BRDA:1806,204,1,0
BRDA:1806,205,0,0
BRDA:1806,205,1,0
BRDA:1900,206,0,0
BRDA:1900,206,1,0
BRDA:1900,207,0,0
BRDA:1900,207,1,0
BRDA:1908,208,0,0
BRDA:1908,208,1,0
BRDA:1920,209,0,0
BRDA:1920,209,1,0
BRDA:1940,210,0,0
BRDA:1940,210,1,0
BRDA:1950,211,0,0
BRDA:1950,211,1,0
BRDA:1954,212,0,0
BRDA:1954,212,1,0
BRDA:1954,213,0,0
BRDA:1954,213,1,0
BRDA:1968,214,0,0
BRDA:1968,214,1,0
BRDA:1986,215,0,0
BRDA:1986,215,1,0
BRDA:2030,216,0,0
BRDA:2032,217,0,0
BRDA:2032,217,1,0
BRF:470
BRH:0
end_of_record
TN:
SF:/home/rohanmore/Tasks/9LocalSetupFixes/docker-dev-setup/micro-services/su-crawler/src/database/indexer/transform-data/data-transform.js
FN:27,(anonymous_0)
FN:45,(anonymous_1)
FN:51,(anonymous_2)
FN:57,(anonymous_3)
FN:69,(anonymous_4)
FN:85,(anonymous_5)
FN:96,(anonymous_6)
FN:112,(anonymous_7)
FN:137,(anonymous_8)
FN:168,(anonymous_9)
FN:182,(anonymous_10)
FN:190,(anonymous_11)
FN:202,(anonymous_12)
FN:270,(anonymous_13)
FN:280,(anonymous_14)
FN:286,(anonymous_15)
FN:297,(anonymous_16)
FN:301,(anonymous_17)
FN:305,(anonymous_18)
FN:310,(anonymous_19)
FN:322,(anonymous_20)
FN:323,(anonymous_21)
FN:327,(anonymous_22)
FN:342,(anonymous_23)
FN:343,(anonymous_24)
FN:343,(anonymous_25)
FN:344,(anonymous_26)
FN:355,(anonymous_27)
FN:366,(anonymous_28)
FN:367,(anonymous_29)
FN:371,(anonymous_30)
FN:379,(anonymous_31)
FN:411,(anonymous_32)
FN:414,(anonymous_33)
FN:432,(anonymous_34)
FN:444,(anonymous_35)
FN:518,(anonymous_36)
FN:549,(anonymous_37)
FN:567,(anonymous_38)
FN:578,(anonymous_39)
FN:601,(anonymous_40)
FN:604,(anonymous_41)
FN:612,(anonymous_42)
FN:615,(anonymous_43)
FN:618,(anonymous_44)
FN:633,(anonymous_45)
FN:634,(anonymous_46)
FN:644,(anonymous_47)
FN:653,(anonymous_48)
FNF:49
FNH:0
FNDA:0,(anonymous_0)
FNDA:0,(anonymous_1)
FNDA:0,(anonymous_2)
FNDA:0,(anonymous_3)
FNDA:0,(anonymous_4)
FNDA:0,(anonymous_5)
FNDA:0,(anonymous_6)
FNDA:0,(anonymous_7)
FNDA:0,(anonymous_8)
FNDA:0,(anonymous_9)
FNDA:0,(anonymous_10)
FNDA:0,(anonymous_11)
FNDA:0,(anonymous_12)
FNDA:0,(anonymous_13)
FNDA:0,(anonymous_14)
FNDA:0,(anonymous_15)
FNDA:0,(anonymous_16)
FNDA:0,(anonymous_17)
FNDA:0,(anonymous_18)
FNDA:0,(anonymous_19)
FNDA:0,(anonymous_20)
FNDA:0,(anonymous_21)
FNDA:0,(anonymous_22)
FNDA:0,(anonymous_23)
FNDA:0,(anonymous_24)
FNDA:0,(anonymous_25)
FNDA:0,(anonymous_26)
FNDA:0,(anonymous_27)
FNDA:0,(anonymous_28)
FNDA:0,(anonymous_29)
FNDA:0,(anonymous_30)
FNDA:0,(anonymous_31)
FNDA:0,(anonymous_32)
FNDA:0,(anonymous_33)
FNDA:0,(anonymous_34)
FNDA:0,(anonymous_35)
FNDA:0,(anonymous_36)
FNDA:0,(anonymous_37)
FNDA:0,(anonymous_38)
FNDA:0,(anonymous_39)
FNDA:0,(anonymous_40)
FNDA:0,(anonymous_41)
FNDA:0,(anonymous_42)
FNDA:0,(anonymous_43)
FNDA:0,(anonymous_44)
FNDA:0,(anonymous_45)
FNDA:0,(anonymous_46)
FNDA:0,(anonymous_47)
FNDA:0,(anonymous_48)
DA:2,1
DA:3,1
DA:4,0
DA:5,0
DA:12,0
DA:13,0
DA:14,0
DA:15,0
DA:24,0
DA:25,0
DA:27,0
DA:28,0
DA:29,0
DA:32,0
DA:33,0
DA:34,0
DA:35,0
DA:36,0
DA:37,0
DA:39,0
DA:42,0
DA:45,0
DA:46,0
DA:48,0
DA:51,0
DA:52,0
DA:54,0
DA:57,0
DA:58,0
DA:59,0
DA:61,0
DA:63,0
DA:65,0
DA:69,0
DA:70,0
DA:71,0
DA:72,0
DA:73,0
DA:74,0
DA:78,0
DA:80,0
DA:82,0
DA:85,0
DA:87,0
DA:88,0
DA:90,0
DA:93,0
DA:96,0
DA:97,0
DA:98,0
DA:99,0
DA:100,0
DA:102,0
DA:103,0
DA:106,0
DA:109,0
DA:112,0
DA:115,0
DA:116,0
DA:117,0
DA:119,0
DA:121,0
DA:137,0
DA:140,0
DA:165,0
DA:168,0
DA:169,0
DA:170,0
DA:171,0
DA:173,0
DA:175,0
DA:179,0
DA:182,0
DA:183,0
DA:184,0
DA:186,0
DA:187,0
DA:188,0
DA:189,0
DA:190,0
DA:191,0
DA:192,0
DA:196,0
DA:199,0
DA:202,0
DA:203,0
DA:204,0
DA:206,0
DA:208,0
DA:209,0
DA:211,0
DA:212,0
DA:214,0
DA:216,0
DA:217,0
DA:219,0
DA:220,0
DA:221,0
DA:222,0
DA:224,0
DA:225,0
DA:226,0
DA:227,0
DA:228,0
DA:230,0
DA:232,0
DA:233,0
DA:234,0
DA:238,0
DA:241,0
DA:245,0
DA:248,0
DA:254,0
DA:260,0
DA:263,0
DA:267,0
DA:270,0
DA:271,0
DA:273,0
DA:276,0
DA:280,0
DA:281,0
DA:282,0
DA:283,0
DA:284,0
DA:286,0
DA:287,0
DA:289,0
DA:290,0
DA:291,0
DA:293,0
DA:294,0
DA:295,0
DA:297,0
DA:300,0
DA:301,0
DA:304,0
DA:305,0
DA:306,0
DA:308,0
DA:311,0
DA:313,0
DA:314,0
DA:317,0
DA:319,0
DA:322,0
DA:323,0
DA:324,0
DA:325,0
DA:327,0
DA:328,0
DA:329,0
DA:330,0
DA:332,0
DA:333,0
DA:334,0
DA:335,0
DA:336,0
DA:341,0
DA:342,0
DA:343,0
DA:344,0
DA:347,0
DA:349,0
DA:352,0
DA:355,0
DA:356,0
DA:357,0
DA:358,0
DA:359,0
DA:360,0
DA:363,0
DA:366,0
DA:367,0
DA:368,0
DA:371,0
DA:372,0
DA:373,0
DA:374,0
DA:379,0
DA:381,0
DA:384,0
DA:385,0
DA:403,0
DA:406,0
DA:411,0
DA:414,0
DA:415,0
DA:416,0
DA:420,0
DA:423,0
DA:426,0
DA:429,0
DA:430,0
DA:431,0
DA:432,0
DA:433,0
DA:434,0
DA:440,0
DA:444,0
DA:445,0
DA:446,0
DA:449,0
DA:451,0
DA:452,0
DA:453,0
DA:454,0
DA:455,0
DA:456,0
DA:457,0
DA:458,0
DA:459,0
DA:460,0
DA:461,0
DA:463,0
DA:468,0
DA:469,0
DA:471,0
DA:472,0
DA:473,0
DA:474,0
DA:475,0
DA:476,0
DA:477,0
DA:479,0
DA:483,0
DA:486,0
DA:487,0
DA:488,0
DA:490,0
DA:491,0
DA:493,0
DA:494,0
DA:496,0
DA:499,0
DA:500,0
DA:501,0
DA:505,0
DA:506,0
DA:508,0
DA:509,0
DA:510,0
DA:511,0
DA:515,0
DA:518,0
DA:521,0
DA:523,0
DA:524,0
DA:525,0
DA:528,0
DA:529,0
DA:532,0
DA:535,0
DA:536,0
DA:537,0
DA:538,0
DA:539,0
DA:540,0
DA:542,0
DA:543,0
DA:546,0
DA:549,0
DA:552,0
DA:553,0
DA:555,0
DA:556,0
DA:557,0
DA:558,0
DA:559,0
DA:560,0
DA:561,0
DA:564,0
DA:567,0
DA:569,0
DA:570,0
DA:572,0
DA:575,0
DA:578,0
DA:579,0
DA:580,0
DA:581,0
DA:582,0
DA:583,0
DA:584,0
DA:585,0
DA:586,0
DA:589,0
DA:592,0
DA:594,0
DA:595,0
DA:601,0
DA:602,0
DA:604,0
DA:605,0
DA:606,0
DA:607,0
DA:609,0
DA:612,0
DA:613,0
DA:615,0
DA:618,0
DA:619,0
[...]
DA:822,0
DA:828,0
DA:829,0
DA:836,0
DA:837,0
DA:848,0
DA:853,0
DA:859,0
DA:861,0
DA:862,0
DA:871,0
DA:874,0
DA:877,1
DA:878,0
DA:879,0
DA:881,0
DA:882,0
DA:884,0
DA:885,0
DA:889,1
LF:305
LH:38
BRDA:61,0,0,0
BRDA:61,0,1,0
BRDA:63,1,0,0
BRDA:63,1,1,0
BRDA:71,2,0,0
BRDA:71,2,1,0
BRDA:82,3,0,0
BRDA:82,3,1,0
BRDA:91,4,0,0
BRDA:91,4,1,0
BRDA:91,5,0,0
BRDA:91,5,1,0
BRDA:122,6,0,0
BRDA:122,6,1,0
BRDA:131,7,0,0
BRDA:131,7,1,0
BRDA:135,8,0,0
BRDA:135,8,1,0
BRDA:149,9,0,0
BRDA:154,10,0,0
BRDA:154,10,1,0
BRDA:155,11,0,0
BRDA:155,11,1,0
BRDA:155,12,0,0
BRDA:155,12,1,0
BRDA:160,13,0,0
BRDA:160,13,1,0
BRDA:164,14,0,0
BRDA:164,14,1,0
BRDA:166,15,0,0
BRDA:166,15,1,0
BRDA:187,16,0,0
BRDA:187,16,1,0
BRDA:187,16,2,0
BRDA:187,16,3,0
BRDA:191,17,0,0
BRDA:191,17,1,0
BRDA:191,18,0,0
BRDA:191,18,1,0
BRDA:209,19,0,0
BRDA:209,19,1,0
BRDA:209,20,0,0
BRDA:209,20,1,0
BRDA:209,20,2,0
BRDA:222,21,0,0
BRDA:222,21,1,0
BRDA:222,22,0,0
BRDA:222,22,1,0
BRDA:222,22,2,0
BRDA:253,23,0,0
BRDA:253,23,1,0
BRDA:254,24,0,0
BRDA:254,24,1,0
BRDA:267,25,0,0
BRDA:267,25,1,0
BRDA:275,26,0,0
BRDA:275,26,1,0
BRDA:279,27,0,0
BRDA:279,27,1,0
BRDA:283,28,0,0
BRDA:283,28,1,0
BRDA:317,29,0,0
BRDA:317,29,1,0
BRDA:320,30,0,0
BRDA:320,30,1,0
BRDA:328,31,0,0
BRDA:328,31,1,0
BRDA:344,32,0,0
BRDA:344,32,1,0
BRDA:344,33,0,0
BRDA:344,33,1,0
BRDA:363,34,0,0
BRDA:363,34,1,0
BRDA:406,35,0,0
BRDA:406,35,1,0
BRDA:435,36,0,0
BRDA:435,36,1,0
BRDA:453,37,0,0
BRDA:453,37,1,0
BRDA:453,38,0,0
BRDA:453,38,1,0
BRDA:454,39,0,0
BRDA:454,39,1,0
BRDA:488,40,0,0
BRDA:488,40,1,0
BRDA:493,41,0,0
BRDA:493,41,1,0
BRDA:507,42,0,0
BRDA:507,42,1,0
BRDA:514,43,0,0
BRDA:514,43,1,0
BRDA:518,44,0,0
BRDA:518,44,1,0
BRDA:545,45,0,0
BRDA:545,45,1,0
BRDA:545,46,0,0
BRDA:545,46,1,0
BRDA:591,47,0,0
BRDA:591,47,1,0
BRDA:598,48,0,0
BRDA:598,48,1,0
BRDA:625,49,0,0
BRDA:625,49,1,0
BRDA:625,50,0,0
BRDA:625,50,1,0
BRDA:653,51,0,0
BRDA:653,51,1,0
BRDA:679,52,0,0
BRDA:679,52,1,0
BRDA:687,53,0,0
BRDA:687,53,1,0
BRDA:727,54,0,0
BRDA:742,55,0,0
BRDA:742,55,1,0
BRDA:747,56,0,0
BRDA:747,56,1,0
BRDA:747,57,0,0
BRDA:747,57,1,0
BRDA:749,58,0,0
BRDA:749,58,1,0
BRDA:749,59,0,0
BRDA:749,59,1,0
BRDA:754,60,0,0
BRDA:754,60,1,0
BRDA:755,61,0,0
BRDA:755,61,1,0
BRDA:771,62,0,0
BRDA:771,62,1,0
BRDA:784,63,0,0
BRDA:784,63,1,0
BRDA:788,64,0,0
BRDA:788,64,1,0
BRDA:800,65,0,0
BRDA:800,65,1,0
BRDA:800,66,0,0
BRDA:800,66,1,0
BRDA:800,66,2,0
BRDA:800,66,3,0
BRDA:805,67,0,0
BRDA:805,67,1,0
BRDA:806,68,0,0
BRDA:806,68,1,0
BRDA:806,69,0,0
BRDA:806,69,1,0
BRDA:810,70,0,0
BRDA:810,70,1,0
BRDA:816,71,0,0
BRDA:816,71,1,0
BRDA:821,72,0,0
BRDA:821,72,1,0
BRDA:821,73,0,0
BRDA:821,73,1,0
BRDA:821,73,2,0
BRDA:828,74,0,0
BRDA:828,74,1,0
BRDA:836,75,0,0
BRDA:836,75,1,0
BRDA:836,76,0,0
BRDA:836,76,1,0
BRDA:861,77,0,0
BRDA:861,77,1,0
BRDA:864,78,0,0
BRDA:864,78,1,0
BRDA:864,79,0,0
BRDA:864,79,1,0
BRDA:882,80,0,0
BRDA:882,80,1,0
BRDA:885,81,0,0
BRDA:885,81,1,0
BRF:169
BRH:0
end_of_record
TN:
SF:/home/rohanmore/Tasks/9LocalSetupFixes/docker-dev-setup/micro-services/su-crawler/src/utilities/crawler/pre-crawling.js
FN:47,(anonymous_0)
FN:105,(anonymous_1)
FN:125,(anonymous_2)
FN:230,(anonymous_3)
FN:246,(anonymous_4)
FN:308,(anonymous_5)
FN:423,(anonymous_6)
FN:440,(anonymous_7)
FN:515,(anonymous_8)
FN:524,(anonymous_9)
FN:576,(anonymous_10)
FN:595,(anonymous_11)
FN:618,(anonymous_12)
FNF:13
FNH:0
FNDA:0,(anonymous_0)
FNDA:0,(anonymous_1)
FNDA:0,(anonymous_2)
FNDA:0,(anonymous_3)
FNDA:0,(anonymous_4)
FNDA:0,(anonymous_5)
FNDA:0,(anonymous_6)
FNDA:0,(anonymous_7)
FNDA:0,(anonymous_8)
FNDA:0,(anonymous_9)
FNDA:0,(anonymous_10)
FNDA:0,(anonymous_11)
FNDA:0,(anonymous_12)
DA:9,1
DA:10,0
DA:11,0
DA:12,0
DA:13,0
DA:14,0
DA:15,0
DA:16,0
DA:17,0
DA:18,0
DA:19,0
DA:20,0
DA:21,0
DA:22,0
DA:23,0
DA:24,0
DA:25,0
DA:43,0
DA:44,0
DA:45,0
DA:47,0
DA:60,0
DA:72,0
DA:77,0
DA:90,0
DA:93,0
DA:94,0
DA:99,0
DA:105,0
DA:106,0
DA:107,0
DA:108,0
DA:110,0
DA:120,0
DA:122,0
DA:125,0
DA:137,0
DA:145,0
DA:154,0
DA:161,0
DA:168,0
DA:170,0
DA:171,0
DA:172,0
DA:173,0
DA:176,0
DA:181,0
DA:185,0
DA:186,0
DA:187,0
DA:190,0
DA:209,0
DA:210,0
DA:211,0
DA:214,0
DA:215,0
DA:216,0
DA:219,0
DA:224,0
DA:225,0
DA:226,0
DA:229,0
DA:230,0
DA:232,0
DA:233,0
DA:234,0
DA:239,0
DA:244,0
DA:246,0
DA:247,0
DA:251,0
DA:252,0
DA:257,0
DA:259,0
DA:260,0
DA:261,0
DA:263,0
DA:264,0
DA:265,0
DA:266,0
DA:268,0
DA:284,0
DA:290,0
DA:295,0
DA:296,0
DA:297,0
DA:298,0
DA:301,0
DA:303,0
DA:306,0
DA:308,0
DA:309,0
DA:310,0
DA:311,0
DA:316,0
DA:317,0
DA:318,0
DA:320,0
DA:323,0
DA:326,0
DA:335,0
DA:338,0
DA:350,0
DA:351,0
DA:362,0
DA:365,0
DA:367,0
DA:368,0
DA:369,0
DA:372,0
DA:373,0
DA:374,0
DA:375,0
DA:378,0
DA:382,0
DA:384,0
DA:386,0
DA:397,0
DA:398,0
DA:404,0
DA:405,0
DA:406,0
DA:408,0
DA:409,0
DA:410,0
DA:414,0
DA:417,0
DA:420,0
DA:423,0
DA:429,0
DA:431,0
DA:432,0
DA:435,0
DA:437,0
DA:440,0
DA:442,0
DA:443,0
DA:444,0
DA:446,0
DA:450,0
DA:454,0
DA:459,0
DA:460,0
DA:462,0
DA:467,0
DA:468,0
DA:469,0
DA:470,0
DA:471,0
DA:472,0
DA:473,0
DA:474,0
DA:475,0
DA:476,0
DA:478,0
DA:479,0
DA:480,0
DA:481,0
DA:482,0
DA:483,0
DA:484,0
DA:486,0
DA:487,0
DA:488,0
DA:491,0
DA:492,0
DA:494,0
DA:495,0
DA:497,0
DA:499,0
DA:500,0
DA:502,0
DA:503,0
DA:505,0
DA:506,0
DA:507,0
DA:509,0
DA:510,0
DA:512,0
DA:515,0
DA:516,0
DA:517,0
DA:519,0
DA:521,0
DA:524,0
DA:525,0
DA:526,0
DA:531,0
DA:533,0
DA:534,0
DA:535,0
DA:536,0
DA:537,0
DA:538,0
DA:539,0
DA:540,0
DA:543,0
DA:544,0
DA:548,0
DA:549,0
DA:551,0
DA:554,0
DA:555,0
DA:556,0
DA:558,0
DA:559,0
DA:563,0
DA:564,0
DA:566,0
DA:569,0
DA:572,0
DA:576,0
DA:585,0
DA:586,0
DA:587,0
DA:590,0
DA:595,0
DA:599,0
DA:600,0
DA:601,0
DA:605,0
DA:606,0
DA:607,0
DA:608,0
DA:609,0
DA:610,0
DA:614,0
DA:618,0
DA:633,0
DA:644,0
DA:645,0
DA:646,0
DA:648,0
DA:649,0
DA:650,0
DA:654,0
DA:655,0
DA:657,0
DA:662,0
DA:664,0
DA:665,0
DA:676,0
DA:677,0
DA:678,0
DA:682,0
DA:686,0
DA:691,0
DA:692,0
DA:693,0
DA:694,0
DA:695,0
DA:696,0
DA:697,0
DA:699,0
DA:702,0
LF:255
LH:1
BRDA:107,0,0,0
BRDA:107,0,1,0
BRDA:186,1,0,0
BRDA:186,1,1,0
BRDA:209,2,0,0
BRDA:209,2,1,0
BRDA:209,3,0,0
BRDA:209,3,1,0
BRDA:214,4,0,0
BRDA:214,4,1,0
BRDA:224,5,0,0
BRDA:224,5,1,0
BRDA:224,6,0,0
BRDA:224,6,1,0
BRDA:229,7,0,0
BRDA:229,7,1,0
BRDA:297,8,0,0
BRDA:297,8,1,0
BRDA:297,9,0,0
BRDA:297,9,1,0
BRDA:306,10,0,0
BRDA:306,10,1,0
BRDA:306,11,0,0
BRDA:306,11,1,0
BRDA:306,11,2,0
BRDA:306,11,3,0
BRDA:306,11,4,0
BRDA:310,12,0,0
BRDA:310,12,1,0
BRDA:320,13,0,0
BRDA:320,13,1,0
BRDA:320,14,0,0
BRDA:320,14,1,0
BRDA:335,15,0,0
BRDA:335,15,1,0
BRDA:350,16,0,0
BRDA:350,16,1,0
BRDA:350,17,0,0
BRDA:350,17,1,0
BRDA:350,18,0,0
BRDA:350,18,1,0
BRDA:365,19,0,0
BRDA:365,19,1,0
BRDA:365,20,0,0
BRDA:365,20,1,0
BRDA:408,21,0,0
BRDA:408,21,1,0
BRDA:408,22,0,0
BRDA:408,22,1,0
BRDA:408,22,2,0
BRDA:431,23,0,0
BRDA:431,23,1,0
BRDA:435,24,0,0
BRDA:435,24,1,0
BRDA:435,25,0,0
BRDA:435,25,1,0
BRDA:435,25,2,0
BRDA:443,26,0,0
BRDA:443,26,1,0
BRDA:462,27,0,0
BRDA:462,27,1,0
BRDA:475,28,0,0
BRDA:475,28,1,0
BRDA:475,29,0,0
BRDA:475,29,1,0
BRDA:480,30,0,0
BRDA:480,30,1,0
BRDA:481,31,0,0
BRDA:481,31,1,0
BRDA:481,32,0,0
BRDA:481,32,1,0
BRDA:482,33,0,0
BRDA:482,33,1,0
BRDA:486,34,0,0
BRDA:486,34,1,0
BRDA:491,35,0,0
BRDA:491,35,1,0
BRDA:491,36,0,0
BRDA:491,36,1,0
BRDA:494,37,0,0
BRDA:494,37,1,0
BRDA:499,38,0,0
BRDA:499,38,1,0
BRDA:502,39,0,0
BRDA:502,39,1,0
BRDA:502,40,0,0
BRDA:502,40,1,0
BRDA:506,41,0,0
BRDA:506,41,1,0
BRDA:509,42,0,0
BRDA:509,42,1,0
BRDA:531,43,0,0
BRDA:531,43,1,0
BRDA:531,43,2,0
BRDA:536,44,0,0
BRDA:536,44,1,0
BRDA:536,45,0,0
BRDA:536,45,1,0
BRDA:555,46,0,0
BRDA:555,46,1,0
BRDA:558,47,0,0
BRDA:558,47,1,0
BRDA:586,48,0,0
BRDA:586,48,1,0
BRDA:586,49,0,0
BRDA:586,49,1,0
BRDA:599,50,0,0
BRDA:599,50,1,0
BRDA:600,51,0,0
BRDA:600,51,1,0
BRDA:637,52,0,0
BRDA:637,52,1,0
BRDA:644,53,0,0
BRDA:644,53,1,0
BRDA:648,54,0,0
BRDA:648,54,1,0
BRDA:654,55,0,0
BRDA:654,55,1,0
BRDA:664,56,0,0
BRDA:664,56,1,0
BRDA:676,57,0,0
BRDA:676,57,1,0
BRF:122
BRH:0
end_of_record
TN:
SF:/home/rohanmore/Tasks/9LocalSetupFixes/docker-dev-setup/micro-services/su-crawler/src/utilities/date/date-util.js
FN:15,(anonymous_0)
FN:21,(anonymous_1)
FN:27,(anonymous_2)
FNF:3
FNH:0
FNDA:0,(anonymous_0)
FNDA:0,(anonymous_1)
FNDA:0,(anonymous_2)
DA:1,1
DA:2,1
DA:4,1
DA:15,1
DA:16,0
DA:18,0
DA:21,1
DA:22,0
DA:24,0
DA:27,1
DA:29,1
DA:30,1
DA:31,1
DA:32,1
LF:14
LH:10
BRF:0
BRH:0
end_of_record
TN:
SF:/home/rohanmore/Tasks/9LocalSetupFixes/docker-dev-setup/micro-services/su-crawler/src/utilities/date/delay-util.js
FN:4,(anonymous_0)
FN:10,(anonymous_1)
FN:11,(anonymous_2)
FN:18,(anonymous_3)
FNF:4
FNH:0
FNDA:0,(anonymous_0)
FNDA:0,(anonymous_1)
FNDA:0,(anonymous_2)
FNDA:0,(anonymous_3)
DA:1,1
DA:2,1
DA:4,1
DA:5,0
DA:6,0
DA:7,0
DA:10,0
DA:11,0
DA:12,0
DA:13,0
DA:18,1
DA:19,0
DA:20,0
DA:22,0
DA:25,1
DA:26,1
LF:16
LH:6
BRDA:6,0,0,0
BRDA:6,0,1,0
BRF:2
BRH:0
end_of_record
TN:
SF:/home/rohanmore/Tasks/9LocalSetupFixes/docker-dev-setup/micro-services/su-crawler/src/utilities/encryption/aes256-enryption.js
FN:6,(anonymous_0)
FN:15,(anonymous_1)
FNF:2
FNH:0
FNDA:0,(anonymous_0)
FNDA:0,(anonymous_1)
DA:1,1
DA:2,1
DA:6,1
DA:7,0
DA:8,0
DA:10,0
DA:11,0
DA:15,1
DA:16,0
DA:17,0
DA:19,0
DA:20,0
DA:24,1
DA:25,1
LF:14
LH:6
BRF:0
BRH:0
end_of_record
TN:
SF:/home/rohanmore/Tasks/9LocalSetupFixes/docker-dev-setup/micro-services/su-crawler/src/utilities/encryption/encryption.js
FN:11,(anonymous_0)
FN:20,(anonymous_1)
FN:29,(anonymous_2)
FN:41,(anonymous_3)
FN:43,(anonymous_4)
FN:45,(anonymous_5)
FNF:6
FNH:0
FNDA:0,(anonymous_0)
FNDA:0,(anonymous_1)
FNDA:0,(anonymous_2)
FNDA:0,(anonymous_3)
FNDA:0,(anonymous_4)
FNDA:0,(anonymous_5)
DA:1,1
DA:2,1
DA:3,1
DA:5,1
DA:9,1
DA:11,1
DA:12,0
DA:14,0
DA:16,0
DA:20,1
DA:21,0
DA:23,0
DA:25,0
DA:29,1
DA:30,0
DA:31,0
DA:32,0
DA:33,0
DA:35,0
DA:38,0
DA:41,1
DA:43,1
DA:45,1
DA:47,1
DA:48,1
DA:49,1
DA:50,1
LF:27
LH:15
BRDA:12,0,0,0
BRDA:12,0,1,0
BRDA:21,1,0,0
BRDA:21,1,1,0
BRDA:31,2,0,0
BRDA:31,2,1,0
BRF:6
BRH:0
end_of_record
TN:
SF:/home/rohanmore/Tasks/9LocalSetupFixes/docker-dev-setup/micro-services/su-crawler/src/utilities/http-request/index.js
FN:64,(anonymous_0)
FN:87,(anonymous_1)
FNF:2
FNH:0
FNDA:0,(anonymous_0)
FNDA:0,(anonymous_1)
DA:3,1
DA:5,1
DA:7,1
DA:9,1
DA:21,1
DA:41,1
DA:50,1
DA:59,1
DA:64,1
DA:65,0
DA:66,0
DA:67,0
DA:69,0
DA:70,0
DA:72,0
DA:74,0
DA:77,0
DA:78,0
DA:81,0
DA:83,0
DA:85,0
DA:87,1
DA:89,1
DA:90,1
LF:24
LH:12
BRDA:65,0,0,0
BRDA:65,0,1,0
BRDA:66,1,0,0
BRDA:66,1,1,0
BRDA:69,2,0,0
BRDA:69,2,1,0
BRDA:77,3,0,0
BRDA:77,3,1,0
BRF:8
BRH:0
end_of_record
TN:
SF:/home/rohanmore/Tasks/9LocalSetupFixes/docker-dev-setup/micro-services/su-crawler/src/utilities/http-request/request.js
FN:18,(anonymous_0)
FN:25,(anonymous_1)
FN:26,(anonymous_2)
FNF:3
FNH:0
FNDA:0,(anonymous_0)
FNDA:0,(anonymous_1)
FNDA:0,(anonymous_2)
DA:1,1
DA:2,1
DA:3,1
DA:18,1
DA:19,0
DA:20,0
DA:21,0
DA:22,0
DA:25,0
DA:26,0
DA:27,0
DA:28,0
DA:29,0
DA:31,0
DA:32,0
DA:33,0
DA:35,0
DA:36,0
DA:40,0
DA:42,0
DA:44,0
DA:45,0
DA:47,0
DA:50,0
DA:51,0
DA:52,0
DA:54,0
DA:56,0
DA:59,0
DA:60,0
DA:61,0
DA:62,0
DA:64,0
DA:70,1
LF:34
LH:5
BRDA:21,0,0,0
BRDA:21,0,1,0
BRDA:27,1,0,0
BRDA:27,1,1,0
BRDA:27,2,0,0
BRDA:27,2,1,0
BRDA:31,3,0,0
BRDA:31,3,1,0
BRDA:32,4,0,0
BRDA:32,4,1,0
BRDA:32,5,0,0
BRDA:32,5,1,0
BRDA:37,6,0,0
BRDA:37,6,1,0
BRDA:37,7,0,0
BRDA:37,7,1,0
BRDA:44,8,0,0
BRDA:44,8,1,0
BRDA:62,9,0,0
BRDA:62,9,1,0
BRF:20
BRH:0
end_of_record
TN:
SF:/home/rohanmore/Tasks/9LocalSetupFixes/docker-dev-setup/micro-services/su-crawler/src/utilities/kafka/kafka-constants.js
FNF:0
FNH:0
DA:1,1
LF:1
LH:1
BRF:0
BRH:0
end_of_record
TN:
SF:/home/rohanmore/Tasks/9LocalSetupFixes/docker-dev-setup/micro-services/su-crawler/src/utilities/kafka/kafka-lib.js
FN:11,(anonymous_0)
FN:11,(anonymous_1)
FN:32,(anonymous_2)
FN:49,(anonymous_3)
FN:88,(anonymous_4)
FN:96,(anonymous_5)
FN:112,(anonymous_6)
FNF:7
FNH:0
FNDA:0,(anonymous_0)
FNDA:0,(anonymous_1)
FNDA:0,(anonymous_2)
FNDA:0,(anonymous_3)
FNDA:0,(anonymous_4)
FNDA:0,(anonymous_5)
FNDA:0,(anonymous_6)
DA:1,1
DA:2,1
DA:3,1
DA:4,1
DA:11,0
DA:14,0
DA:16,0
DA:17,0
DA:19,0
DA:20,0
DA:22,0
DA:23,0
DA:25,0
DA:26,0
DA:28,0
DA:32,0
DA:33,0
DA:34,0
DA:35,0
DA:36,0
DA:38,0
DA:42,0
DA:49,0
DA:50,0
DA:51,0
DA:53,0
DA:54,0
DA:55,0
DA:61,0
DA:62,0
DA:63,0
DA:65,0
DA:68,0
DA:69,0
DA:70,0
DA:73,0
DA:74,0
DA:75,0
DA:76,0
DA:78,0
DA:81,0
DA:85,0
DA:88,0
DA:89,0
DA:90,0
DA:91,0
DA:93,0
DA:96,0
DA:99,0
DA:100,0
DA:112,0
DA:117,0
DA:118,0
DA:119,0
DA:120,0
DA:123,0
DA:127,0
DA:128,0
DA:129,0
LF:59
LH:4
BRDA:14,0,0,0
BRDA:14,0,1,0
BRDA:14,0,2,0
BRDA:14,0,3,0
BRDA:14,0,4,0
BRDA:35,1,0,0
BRDA:35,1,1,0
BRDA:68,2,0,0
BRDA:68,2,1,0
BRDA:68,3,0,0
BRDA:68,3,1,0
BRDA:75,4,0,0
BRDA:75,4,1,0
BRDA:118,5,0,0
BRDA:118,5,1,0
BRDA:118,6,0,0
BRDA:118,6,1,0
BRF:17
BRH:0
end_of_record
TN:
SF:/home/rohanmore/Tasks/9LocalSetupFixes/docker-dev-setup/micro-services/su-crawler/src/utilities/kafka/consumers/email-subscription-consumer.js
FN:10,(anonymous_0)
FN:20,(anonymous_1)
FN:58,(anonymous_2)
FNF:3
FNH:0
FNDA:0,(anonymous_0)
FNDA:0,(anonymous_1)
FNDA:0,(anonymous_2)
DA:1,1
DA:2,1
DA:3,1
DA:4,1
DA:7,1
DA:8,1
DA:10,0
DA:11,0
DA:13,0
DA:19,0
DA:21,0
DA:22,0
DA:23,0
DA:24,0
DA:26,0
DA:27,0
DA:28,0
DA:30,0
DA:31,0
DA:32,0
DA:33,0
DA:34,0
DA:36,0
DA:37,0
DA:40,0
DA:41,0
DA:44,0
DA:47,0
DA:48,0
DA:51,0
DA:58,0
DA:59,0
DA:60,0
DA:61,0
DA:63,0
DA:68,0
LF:36
LH:6
BRDA:26,0,0,0
BRDA:26,0,1,0
BRDA:31,1,0,0
BRDA:31,1,1,0
BRDA:34,2,0,0
BRDA:34,2,1,0
BRDA:34,2,2,0
BRF:7
BRH:0
end_of_record
TN:
SF:/home/rohanmore/Tasks/9LocalSetupFixes/docker-dev-setup/micro-services/su-crawler/src/utilities/kafka/consumers/index.js
FN:14,(anonymous_0)
FNF:1
FNH:0
FNDA:0,(anonymous_0)
DA:1,1
DA:2,0
DA:3,0
DA:4,0
DA:5,0
DA:6,0
DA:7,0
DA:8,0
DA:9,0
DA:10,0
DA:11,0
DA:12,0
DA:14,0
DA:15,0
DA:16,0
DA:17,0
DA:18,0
DA:19,0
DA:20,0
DA:21,0
DA:22,0
DA:23,0
DA:24,0
DA:25,0
DA:26,0
DA:27,0
DA:28,0
DA:31,0
LF:28
LH:1
BRF:0
BRH:0
end_of_record
TN:
SF:/home/rohanmore/Tasks/9LocalSetupFixes/docker-dev-setup/micro-services/su-crawler/src/utilities/kafka/producers/analytics-producer.js
FN:9,(anonymous_0)
FNF:1
FNH:0
FNDA:0,(anonymous_0)
DA:2,1
DA:3,1
DA:4,1
DA:5,1
DA:7,1
DA:9,1
DA:20,0
DA:21,0
DA:22,0
DA:41,0
DA:44,0
DA:45,0
DA:49,1
LF:13
LH:7
BRDA:14,0,0,0
BRDA:21,1,0,0
BRDA:21,1,1,0
BRF:3
BRH:0
end_of_record
TN:
SF:/home/rohanmore/Tasks/9LocalSetupFixes/docker-dev-setup/micro-services/su-crawler/src/utilities/kafka/producers/crawler-config-producer.js
FN:7,(anonymous_0)
FNF:1
FNH:0
FNDA:0,(anonymous_0)
DA:2,1
DA:3,1
DA:4,1
DA:5,1
DA:7,1
DA:8,0
DA:9,0
DA:16,0
DA:18,0
DA:19,0
DA:23,1
LF:11
LH:6
BRF:0
BRH:0
end_of_record
TN:
SF:/home/rohanmore/Tasks/9LocalSetupFixes/docker-dev-setup/micro-services/su-crawler/src/utilities/kafka/producers/cron-job-producer.js
FN:13,(anonymous_0)
FN:50,(anonymous_1)
FN:76,(anonymous_2)
FN:108,(anonymous_3)
FN:126,(anonymous_4)
FNF:5
FNH:0
FNDA:0,(anonymous_0)
FNDA:0,(anonymous_1)
FNDA:0,(anonymous_2)
FNDA:0,(anonymous_3)
FNDA:0,(anonymous_4)
DA:2,1
DA:3,1
DA:4,1
DA:5,1
DA:6,1
DA:7,1
DA:8,1
DA:10,1
DA:11,1
DA:13,1
DA:16,0
DA:17,0
DA:18,0
DA:19,0
DA:20,0
DA:21,0
DA:22,0
DA:24,0
DA:25,0
DA:26,0
DA:28,0
DA:29,0
DA:30,0
DA:31,0
DA:45,0
DA:46,0
DA:50,1
DA:51,0
DA:52,0
DA:53,0
DA:54,0
DA:55,0
DA:57,0
DA:58,0
DA:70,0
DA:71,0
DA:76,1
DA:79,0
DA:80,0
DA:84,0
DA:85,0
DA:89,0
DA:90,0
DA:91,0
DA:92,0
DA:93,0
DA:98,0
DA:103,0
DA:104,0
DA:108,1
DA:109,0
DA:110,0
DA:111,0
DA:112,0
DA:113,0
DA:114,0
DA:115,0
DA:118,0
DA:121,0
DA:122,0
DA:126,1
DA:127,0
DA:128,0
DA:132,0
DA:134,0
DA:146,0
DA:159,0
DA:161,0
DA:162,0
DA:166,1
LF:70
LH:15
BRDA:21,0,0,0
BRDA:21,0,1,0
BRDA:24,1,0,0
BRDA:24,1,1,0
BRDA:54,2,0,0
BRDA:54,2,1,0
BRDA:89,3,0,0
BRDA:89,3,1,0
BRDA:112,4,0,0
BRDA:112,4,1,0
BRF:10
BRH:0
end_of_record
TN:
SF:/home/rohanmore/Tasks/9LocalSetupFixes/docker-dev-setup/micro-services/su-crawler/src/utilities/kafka/producers/kafkaCsCrawlProducer.js
FN:10,(anonymous_0)
FN:17,(anonymous_1)
FNF:2
FNH:0
FNDA:0,(anonymous_0)
FNDA:0,(anonymous_1)
DA:2,1
DA:3,1
DA:4,1
DA:5,1
DA:6,1
DA:8,1
DA:10,1
DA:11,0
DA:12,0
DA:13,0
DA:14,0
DA:16,0
DA:17,0
DA:18,0
DA:19,0
DA:23,0
DA:33,0
DA:34,0
DA:38,1
LF:19
LH:8
BRDA:13,0,0,0
BRDA:13,0,1,0
BRDA:18,1,0,0
BRDA:18,1,1,0
BRDA:18,2,0,0
BRDA:18,2,1,0
BRF:6
BRH:0
end_of_record
TN:
SF:/home/rohanmore/Tasks/9LocalSetupFixes/docker-dev-setup/micro-services/su-crawler/src/utilities/misc/data-batch-utility.js
FN:3,(anonymous_0)
FNF:1
FNH:0
FNDA:0,(anonymous_0)
DA:1,1
DA:3,1
DA:4,0
DA:5,0
DA:6,0
DA:7,0
DA:8,0
DA:9,0
DA:10,0
DA:13,0
DA:15,0
DA:19,0
DA:23,1
LF:13
LH:3
BRDA:3,0,0,0
BRDA:3,1,0,0
BRDA:3,2,0,0
BRF:3
BRH:0
end_of_record
TN:
SF:/home/rohanmore/Tasks/9LocalSetupFixes/docker-dev-setup/micro-services/su-crawler/src/utilities/notifications/alerts/google-chat-alert.js
FN:43,(anonymous_0)
FNF:1
FNH:0
FNDA:0,(anonymous_0)
DA:1,1
DA:2,1
DA:3,1
DA:4,1
DA:5,1
DA:7,1
DA:25,1
DA:43,1
DA:50,0
DA:51,0
DA:52,0
DA:53,0
DA:55,0
DA:56,0
DA:62,0
DA:63,0
DA:64,0
DA:65,0
DA:68,0
DA:69,0
DA:73,1
DA:74,1
DA:75,1
LF:23
LH:11
BRDA:44,0,0,0
BRDA:51,1,0,0
BRDA:51,1,1,0
BRDA:64,2,0,0
BRDA:64,2,1,0
BRF:5
BRH:0
end_of_record
TN:
SF:/home/rohanmore/Tasks/9LocalSetupFixes/docker-dev-setup/micro-services/su-crawler/src/utilities/notifications/email/email-util.js
FN:12,(anonymous_0)
FN:12,(anonymous_1)
FN:13,(anonymous_2)
FN:28,(anonymous_3)
FNF:4
FNH:0
FNDA:0,(anonymous_0)
FNDA:0,(anonymous_1)
FNDA:0,(anonymous_2)
FNDA:0,(anonymous_3)
DA:1,1
DA:2,1
DA:3,1
DA:10,1
DA:12,1
DA:13,0
DA:14,0
DA:15,0
DA:16,0
DA:18,0
DA:20,0
DA:22,0
DA:24,0
DA:28,1
DA:31,0
DA:41,0
DA:42,0
DA:45,0
DA:48,1
LF:19
LH:7
BRDA:14,0,0,0
BRDA:14,0,1,0
BRF:2
BRH:0
end_of_record
TN:
SF:/home/rohanmore/Tasks/9LocalSetupFixes/docker-dev-setup/micro-services/su-crawler/src/utilities/notifications/email/templates/auth-error-template.js
FN:3,authenticationErrorTemplate
FNF:1
FNH:0
FNDA:0,authenticationErrorTemplate
DA:1,1
DA:4,0
DA:382,1
LF:3
LH:2
BRF:0
BRH:0
end_of_record
TN:
SF:/home/rohanmore/Tasks/9LocalSetupFixes/docker-dev-setup/micro-services/su-crawler/src/utilities/notifications/email/templates/auth-success-template.js
FN:3,authenticationSuccessTemplate
FNF:1
FNH:0
FNDA:0,authenticationSuccessTemplate
DA:1,1
DA:4,0
DA:378,1
LF:3
LH:2
BRF:0
BRH:0
end_of_record
TN:
SF:/home/rohanmore/Tasks/9LocalSetupFixes/docker-dev-setup/micro-services/su-crawler/src/utilities/notifications/email/templates/crawl-killed-template.js
FN:3,crawlKilledTemplate
FNF:1
FNH:0
FNDA:0,crawlKilledTemplate
DA:1,1
DA:4,0
DA:380,1
LF:3
LH:2
BRF:0
BRH:0
end_of_record
TN:
SF:/home/rohanmore/Tasks/9LocalSetupFixes/docker-dev-setup/micro-services/su-crawler/src/utilities/notifications/email/templates/fail-crawl-template.js
FN:3,failCrawlTemplate
FNF:1
FNH:0
FNDA:0,failCrawlTemplate
DA:1,1
DA:4,0
DA:390,0
DA:393,1
LF:4
LH:2
BRF:0
BRH:0
end_of_record
TN:
SF:/home/rohanmore/Tasks/9LocalSetupFixes/docker-dev-setup/micro-services/su-crawler/src/utilities/notifications/email/templates/index.js
FNF:0
FNH:0
DA:3,1
LF:1
LH:1
BRF:0
BRH:0
end_of_record
TN:
SF:/home/rohanmore/Tasks/9LocalSetupFixes/docker-dev-setup/micro-services/su-crawler/src/utilities/notifications/email/templates/reindexing-success-template.js
FN:3,(anonymous_0)
FNF:1
FNH:0
FNDA:0,(anonymous_0)
DA:1,1
DA:3,1
DA:4,0
DA:232,0
DA:236,1
LF:5
LH:3
BRF:0
BRH:0
end_of_record
TN:
SF:/home/rohanmore/Tasks/9LocalSetupFixes/docker-dev-setup/micro-services/su-crawler/src/utilities/notifications/email/templates/success-crawl-template.js
FN:3,successCrawlTemplate
FNF:1
FNH:0
FNDA:0,successCrawlTemplate
DA:1,1
DA:4,0
DA:380,1
LF:3
LH:2
BRF:0
BRH:0
end_of_record
TN:
SF:/home/rohanmore/Tasks/9LocalSetupFixes/docker-dev-setup/micro-services/su-crawler/src/utilities/search/search-integrations.js
FN:15,(anonymous_0)
FN:50,(anonymous_1)
FNF:2
FNH:0
FNDA:0,(anonymous_0)
FNDA:0,(anonymous_1)
DA:1,1
DA:2,1
DA:3,1
DA:4,1
DA:5,1
DA:7,1
DA:8,1
DA:12,1
DA:13,1
DA:15,1
DA:18,0
DA:19,0
DA:21,0
DA:23,0
DA:24,0
DA:31,0
DA:33,0
DA:35,0
DA:37,0
DA:38,0
DA:39,0
DA:40,0
DA:43,0
DA:45,0
DA:46,0
DA:50,1
DA:51,0
DA:52,0
DA:65,0
DA:71,0
DA:72,0
DA:74,0
DA:76,0
DA:78,0
DA:79,0
DA:84,1
LF:36
LH:12
BRDA:23,0,0,0
BRDA:23,0,1,0
BRDA:37,1,0,0
BRDA:37,1,1,0
BRDA:38,2,0,0
BRDA:38,2,1,0
BRDA:39,3,0,0
BRDA:39,3,1,0
BRDA:71,4,0,0
BRDA:71,4,1,0
BRF:10
BRH:0
end_of_record
